[ 2016-05-19T18:37:56+08:00 ] 127.0.0.1 /deshang/trunk/index.php?g=&m=partner&a=index
ERR: 模板不存在:themes/simplebootx/Portal/partner.html

[ 2016-05-19T18:52:21+08:00 ] 127.0.0.1 /deshang/trunk/index.php?g=&m=partner&a=index
ERR: 模板不存在:themes/simplebootx/Portal/partner.html

[ 2016-05-19T18:55:33+08:00 ] 127.0.0.1 /deshang/trunk/index.php?g=&m=page&a=index&id=1
NOTIC: D方法实例化没找到模型类Portal\Model\PostsModel

[ 2016-05-19T18:58:18+08:00 ] 127.0.0.1 /deshang/trunk/index.php?g=&m=page&a=index&id=1
NOTIC: D方法实例化没找到模型类Portal\Model\PostsModel

[ 2016-05-19T19:03:59+08:00 ] 127.0.0.1 /deshang/trunk/index.php?g=Portal&m=AdminPost&a=index&menuid=7
NOTIC: D方法实例化没找到模型类Portal\Model\PostsModel

[ 2016-05-19T19:14:20+08:00 ] 127.0.0.1 /deshang/trunk/index.php?g=&m=page&a=index&id=1
NOTIC: D方法实例化没找到模型类Portal\Model\PostsModel

[ 2016-05-19T19:14:34+08:00 ] 127.0.0.1 /deshang/trunk/index.php?g=&m=page&a=index&id=1
NOTIC: D方法实例化没找到模型类Portal\Model\PostsModel

[ 2016-05-19T19:20:02+08:00 ] 127.0.0.1 /deshang/trunk/index.php?g=&m=page&a=index&id=2
ERR: 1146:Table 'deshang.dh_posts' doesn't exist
 [ SQL语句 ] : SHOW COLUMNS FROM `dh_posts`

[ 2016-05-19T19:22:12+08:00 ] 127.0.0.1 /deshang/trunk/index.php?g=&m=page&a=index&id=1
NOTIC: D方法实例化没找到模型类Portal\Model\PostsModel

[ 2016-05-19T19:22:48+08:00 ] 127.0.0.1 /deshang/trunk/index.php?g=&m=page&a=index&id=1
NOTIC: D方法实例化没找到模型类Portal\Model\PostsModel

[ 2016-05-19T19:22:49+08:00 ] 127.0.0.1 /deshang/trunk/index.php?g=&m=page&a=index&id=1
NOTIC: D方法实例化没找到模型类Portal\Model\PostsModel

[ 2016-05-19T19:43:49+08:00 ] 127.0.0.1 /deshang/trunk/index.php?g=&m=page&a=investment_list
INFO: [ app_begin ] --START--
INFO: Run Behavior\ReadHtmlCacheBehavior [ RunTime:0.000911s ]
INFO: Run Behavior\CheckLangBehavior [ RunTime:0.001591s ]
INFO: [ app_begin ] --END-- [ RunTime:0.003466s ]
NOTIC: D方法实例化没找到模型类Portal\Model\PostsModel
SQL: SHOW COLUMNS FROM `dh_posts` [ RunTime:0.0156s ]
SQL: SHOW COLUMNS FROM `dh_terms` [ RunTime:0.0213s ]
SQL: SHOW COLUMNS FROM `dh_term_relationships` [ RunTime:0.0177s ]
SQL: SELECT COUNT(*) AS tp_count FROM dh_term_relationships a INNER JOIN dh_posts b ON a.object_id = b.id  WHERE ( a.term_id = 3 and a.status=1 ) LIMIT 1   [ RunTime:0.0006s ]
NOTIC: [8] Undefined index: page F:\wamp\www\deshang\trunk\application\Portal\Controller\PageController.class.php 第 72 行.
SQL: SELECT * FROM dh_term_relationships a INNER JOIN dh_posts b ON a.object_id = b.id  WHERE ( a.term_id = 3 and a.status=1 ) ORDER BY a.listorder ASC,b.post_modified DESC LIMIT 0,10   [ RunTime:0.0176s ]

[ 2016-05-19T19:44:33+08:00 ] 127.0.0.1 /deshang/trunk/index.php?g=&m=page&a=investment_list&page=1
INFO: [ app_begin ] --START--
INFO: Run Behavior\ReadHtmlCacheBehavior [ RunTime:0.001750s ]
INFO: Run Behavior\CheckLangBehavior [ RunTime:0.004429s ]
INFO: [ app_begin ] --END-- [ RunTime:0.007366s ]
NOTIC: D方法实例化没找到模型类Portal\Model\PostsModel
SQL: SHOW COLUMNS FROM `dh_posts` [ RunTime:0.0194s ]
SQL: SHOW COLUMNS FROM `dh_terms` [ RunTime:0.0209s ]
SQL: SHOW COLUMNS FROM `dh_term_relationships` [ RunTime:0.0185s ]
SQL: SELECT COUNT(*) AS tp_count FROM dh_term_relationships a INNER JOIN dh_posts b ON a.object_id = b.id  WHERE ( a.term_id = 3 and a.status=1 ) LIMIT 1   [ RunTime:0.0007s ]
SQL: SELECT * FROM dh_term_relationships a INNER JOIN dh_posts b ON a.object_id = b.id  WHERE ( a.term_id = 3 and a.status=1 ) ORDER BY a.listorder ASC,b.post_modified DESC LIMIT 0,10   [ RunTime:0.0177s ]

[ 2016-05-19T20:02:15+08:00 ] 127.0.0.1 /deshang/trunk/index.php?g=&m=page&a=investment_list&page=1
INFO: [ app_begin ] --START--
INFO: Run Behavior\ReadHtmlCacheBehavior [ RunTime:0.003172s ]
INFO: Run Behavior\CheckLangBehavior [ RunTime:0.004334s ]
INFO: [ app_begin ] --END-- [ RunTime:0.008553s ]
NOTIC: D方法实例化没找到模型类Portal\Model\PostsModel
SQL: SHOW COLUMNS FROM `dh_posts` [ RunTime:0.0185s ]
SQL: SHOW COLUMNS FROM `dh_terms` [ RunTime:0.0173s ]
SQL: SHOW COLUMNS FROM `dh_term_relationships` [ RunTime:0.0148s ]
SQL: SELECT COUNT(*) AS tp_count FROM dh_term_relationships a INNER JOIN dh_posts b ON a.object_id = b.id  WHERE ( a.term_id = 3 and a.status=1 ) LIMIT 1   [ RunTime:0.0007s ]
SQL: SELECT * FROM dh_term_relationships a INNER JOIN dh_posts b ON a.object_id = b.id  WHERE ( a.term_id = 3 and a.status=1 ) ORDER BY a.listorder ASC,b.post_modified DESC LIMIT 0,10   [ RunTime:0.0156s ]

[ 2016-05-19T20:03:03+08:00 ] 127.0.0.1 /deshang/trunk/index.php?g=&m=page&a=investment_list&page=1
INFO: [ app_begin ] --START--
INFO: Run Behavior\ReadHtmlCacheBehavior [ RunTime:0.001595s ]
INFO: Run Behavior\CheckLangBehavior [ RunTime:0.004858s ]
INFO: [ app_begin ] --END-- [ RunTime:0.008080s ]
NOTIC: D方法实例化没找到模型类Portal\Model\PostsModel
SQL: SHOW COLUMNS FROM `dh_posts` [ RunTime:0.0272s ]
SQL: SHOW COLUMNS FROM `dh_terms` [ RunTime:0.0209s ]
SQL: SHOW COLUMNS FROM `dh_term_relationships` [ RunTime:0.0222s ]
SQL: SELECT COUNT(*) AS tp_count FROM dh_term_relationships a INNER JOIN dh_posts b ON a.object_id = b.id  WHERE ( a.term_id = 3 and a.status=1 ) LIMIT 1   [ RunTime:0.0007s ]
SQL: SELECT * FROM dh_term_relationships a INNER JOIN dh_posts b ON a.object_id = b.id  WHERE ( a.term_id = 3 and a.status=1 ) ORDER BY a.listorder ASC,b.post_modified DESC LIMIT 0,10   [ RunTime:0.0218s ]

[ 2016-05-19T20:05:49+08:00 ] 127.0.0.1 /deshang/trunk/index.php?g=&m=page&a=investment_list&page=1
INFO: [ app_begin ] --START--
INFO: Run Behavior\ReadHtmlCacheBehavior [ RunTime:0.003058s ]
INFO: Run Behavior\CheckLangBehavior [ RunTime:0.007345s ]
INFO: [ app_begin ] --END-- [ RunTime:0.012346s ]
NOTIC: D方法实例化没找到模型类Portal\Model\PostsModel
SQL: SHOW COLUMNS FROM `dh_posts` [ RunTime:0.0182s ]
SQL: SHOW COLUMNS FROM `dh_terms` [ RunTime:0.0171s ]
SQL: SHOW COLUMNS FROM `dh_term_relationships` [ RunTime:0.0360s ]
SQL: SELECT COUNT(*) AS tp_count FROM dh_term_relationships a INNER JOIN dh_posts b ON a.object_id = b.id  WHERE ( a.term_id = 3 and a.status=1 ) LIMIT 1   [ RunTime:0.0006s ]
SQL: SELECT * FROM dh_term_relationships a INNER JOIN dh_posts b ON a.object_id = b.id  WHERE ( a.term_id = 3 and a.status=1 ) ORDER BY a.listorder ASC,b.post_modified DESC LIMIT 0,10   [ RunTime:0.0188s ]

[ 2016-05-19T20:08:06+08:00 ] 127.0.0.1 /deshang/trunk/index.php?g=&m=page&a=investment_list&page=1
INFO: [ app_begin ] --START--
INFO: Run Behavior\ReadHtmlCacheBehavior [ RunTime:0.001539s ]
INFO: Run Behavior\CheckLangBehavior [ RunTime:0.004166s ]
INFO: [ app_begin ] --END-- [ RunTime:0.006893s ]
NOTIC: D方法实例化没找到模型类Portal\Model\PostsModel
SQL: SHOW COLUMNS FROM `dh_posts` [ RunTime:0.0184s ]
SQL: SHOW COLUMNS FROM `dh_terms` [ RunTime:0.0156s ]
SQL: SHOW COLUMNS FROM `dh_term_relationships` [ RunTime:0.0151s ]
SQL: SELECT COUNT(*) AS tp_count FROM dh_term_relationships a INNER JOIN dh_posts b ON a.object_id = b.id  WHERE ( a.term_id = 3 and a.status=1 ) LIMIT 1   [ RunTime:0.0007s ]
SQL: SELECT * FROM dh_term_relationships a INNER JOIN dh_posts b ON a.object_id = b.id  WHERE ( a.term_id = 3 and a.status=1 ) ORDER BY a.listorder ASC,b.post_modified DESC LIMIT 0,10   [ RunTime:0.0164s ]

[ 2016-05-19T20:12:24+08:00 ] 127.0.0.1 /deshang/trunk/index.php?g=&m=page&a=investment_list&page=1
INFO: [ app_begin ] --START--
INFO: Run Behavior\ReadHtmlCacheBehavior [ RunTime:0.003232s ]
INFO: Run Behavior\CheckLangBehavior [ RunTime:0.005600s ]
INFO: [ app_begin ] --END-- [ RunTime:0.011104s ]
NOTIC: D方法实例化没找到模型类Portal\Model\PostsModel
SQL: SHOW COLUMNS FROM `dh_posts` [ RunTime:0.0196s ]
SQL: SHOW COLUMNS FROM `dh_terms` [ RunTime:0.0230s ]
SQL: SHOW COLUMNS FROM `dh_term_relationships` [ RunTime:0.0188s ]
SQL: SELECT COUNT(*) AS tp_count FROM dh_term_relationships a INNER JOIN dh_posts b ON a.object_id = b.id  WHERE ( a.term_id = 3 and a.status=1 ) LIMIT 1   [ RunTime:0.0008s ]
SQL: SELECT * FROM dh_term_relationships a INNER JOIN dh_posts b ON a.object_id = b.id  WHERE ( a.term_id = 3 and a.status=1 ) ORDER BY a.listorder ASC,b.post_modified DESC LIMIT 0,10   [ RunTime:0.0188s ]

[ 2016-05-19T20:13:40+08:00 ] 127.0.0.1 /deshang/trunk/index.php?g=&m=page&a=investment_list&page=1
INFO: [ app_begin ] --START--
INFO: Run Behavior\ReadHtmlCacheBehavior [ RunTime:0.001639s ]
INFO: Run Behavior\CheckLangBehavior [ RunTime:0.003677s ]
INFO: [ app_begin ] --END-- [ RunTime:0.006530s ]
NOTIC: D方法实例化没找到模型类Portal\Model\PostsModel
SQL: SHOW COLUMNS FROM `dh_posts` [ RunTime:0.0221s ]
SQL: SHOW COLUMNS FROM `dh_terms` [ RunTime:0.0183s ]
SQL: SHOW COLUMNS FROM `dh_term_relationships` [ RunTime:0.0164s ]
SQL: SELECT COUNT(*) AS tp_count FROM dh_term_relationships a INNER JOIN dh_posts b ON a.object_id = b.id  WHERE ( a.term_id = 3 and a.status=1 ) LIMIT 1   [ RunTime:0.0007s ]
SQL: SELECT * FROM dh_term_relationships a INNER JOIN dh_posts b ON a.object_id = b.id  WHERE ( a.term_id = 3 and a.status=1 ) ORDER BY a.listorder ASC,b.post_modified DESC LIMIT 0,10   [ RunTime:0.0155s ]

[ 2016-05-19T20:16:52+08:00 ] 127.0.0.1 /deshang/trunk/index.php?g=&m=page&a=investment_list&page=1
INFO: [ app_begin ] --START--
INFO: Run Behavior\ReadHtmlCacheBehavior [ RunTime:0.001674s ]
INFO: Run Behavior\CheckLangBehavior [ RunTime:0.003500s ]
INFO: [ app_begin ] --END-- [ RunTime:0.006299s ]
NOTIC: D方法实例化没找到模型类Portal\Model\PostsModel
SQL: SHOW COLUMNS FROM `dh_posts` [ RunTime:0.0155s ]
SQL: SHOW COLUMNS FROM `dh_terms` [ RunTime:0.0170s ]
SQL: SHOW COLUMNS FROM `dh_term_relationships` [ RunTime:0.0169s ]
SQL: SELECT COUNT(*) AS tp_count FROM dh_term_relationships a INNER JOIN dh_posts b ON a.object_id = b.id  WHERE ( a.term_id = 3 and a.status=1 ) LIMIT 1   [ RunTime:0.0007s ]
SQL: SELECT * FROM dh_term_relationships a INNER JOIN dh_posts b ON a.object_id = b.id  WHERE ( a.term_id = 3 and a.status=1 ) ORDER BY a.listorder ASC,b.post_modified DESC LIMIT 0,10   [ RunTime:0.0235s ]

[ 2016-05-19T20:17:38+08:00 ] 127.0.0.1 /deshang/trunk/index.php?g=&m=page&a=investment_list&page=1
INFO: [ app_begin ] --START--
INFO: Run Behavior\ReadHtmlCacheBehavior [ RunTime:0.000947s ]
INFO: Run Behavior\CheckLangBehavior [ RunTime:0.002581s ]
INFO: [ app_begin ] --END-- [ RunTime:0.004654s ]
NOTIC: D方法实例化没找到模型类Portal\Model\PostsModel
SQL: SHOW COLUMNS FROM `dh_posts` [ RunTime:0.0196s ]
SQL: SHOW COLUMNS FROM `dh_terms` [ RunTime:0.0165s ]
SQL: SHOW COLUMNS FROM `dh_term_relationships` [ RunTime:0.0143s ]
SQL: SELECT COUNT(*) AS tp_count FROM dh_term_relationships a INNER JOIN dh_posts b ON a.object_id = b.id  WHERE ( a.term_id = 3 and a.status=1 ) LIMIT 1   [ RunTime:0.0006s ]
SQL: SELECT * FROM dh_term_relationships a INNER JOIN dh_posts b ON a.object_id = b.id  WHERE ( a.term_id = 3 and a.status=1 ) ORDER BY a.listorder ASC,b.post_modified DESC LIMIT 0,10   [ RunTime:0.0166s ]

[ 2016-05-19T20:33:44+08:00 ] 127.0.0.1 /deshang/trunk/index.php?g=&m=AdminPost&a=index&menuid=7
NOTIC: D方法实例化没找到模型类Portal\Model\PostsModel

[ 2016-05-19T20:34:11+08:00 ] 127.0.0.1 /deshang/trunk/index.php?g=&m=AdminPost&a=index&menuid=7
NOTIC: D方法实例化没找到模型类Portal\Model\PostsModel

[ 2016-05-19T20:34:27+08:00 ] 127.0.0.1 /deshang/trunk/index.php?g=&m=AdminPost&a=index&menuid=7
NOTIC: D方法实例化没找到模型类Portal\Model\PostsModel

[ 2016-05-19T20:37:42+08:00 ] 127.0.0.1 /deshang/trunk/index.php?g=&m=page&a=investment_list&page=1
INFO: [ app_begin ] --START--
INFO: Run Behavior\ReadHtmlCacheBehavior [ RunTime:0.000919s ]
INFO: Run Behavior\CheckLangBehavior [ RunTime:0.001509s ]
INFO: [ app_begin ] --END-- [ RunTime:0.003373s ]
NOTIC: D方法实例化没找到模型类Portal\Model\PostsModel
SQL: SHOW COLUMNS FROM `dh_posts` [ RunTime:0.0201s ]
SQL: SHOW COLUMNS FROM `dh_terms` [ RunTime:0.0186s ]
SQL: SHOW COLUMNS FROM `dh_term_relationships` [ RunTime:0.0163s ]
SQL: SELECT COUNT(*) AS tp_count FROM dh_term_relationships a INNER JOIN dh_posts b ON a.object_id = b.id  WHERE ( a.term_id = 3 and a.status=1 ) LIMIT 1   [ RunTime:0.0005s ]
SQL: SELECT * FROM dh_term_relationships a INNER JOIN dh_posts b ON a.object_id = b.id  WHERE ( a.term_id = 3 and a.status=1 ) ORDER BY a.listorder ASC,b.post_modified DESC LIMIT 0,10   [ RunTime:0.0160s ]

[ 2016-05-19T20:41:01+08:00 ] 127.0.0.1 /deshang/trunk/index.php?g=&m=page&a=investment_list&page=1
INFO: [ app_begin ] --START--
INFO: Run Behavior\ReadHtmlCacheBehavior [ RunTime:0.003554s ]
INFO: Run Behavior\CheckLangBehavior [ RunTime:0.003354s ]
INFO: [ app_begin ] --END-- [ RunTime:0.008568s ]
NOTIC: D方法实例化没找到模型类Portal\Model\PostsModel
SQL: SHOW COLUMNS FROM `dh_posts` [ RunTime:0.0180s ]
SQL: SHOW COLUMNS FROM `dh_terms` [ RunTime:0.0220s ]
SQL: SHOW COLUMNS FROM `dh_term_relationships` [ RunTime:0.0201s ]
SQL: SELECT COUNT(*) AS tp_count FROM dh_term_relationships a INNER JOIN dh_posts b ON a.object_id = b.id  WHERE ( a.term_id = 3 and a.status=1 ) LIMIT 1   [ RunTime:0.0007s ]
SQL: SELECT * FROM dh_term_relationships a INNER JOIN dh_posts b ON a.object_id = b.id  WHERE ( a.term_id = 3 and a.status=1 ) ORDER BY a.listorder ASC,b.post_modified DESC LIMIT 0,10   [ RunTime:0.0184s ]

[ 2016-05-19T20:55:12+08:00 ] 127.0.0.1 /deshang/trunk/index.php?g=&m=page&a=investment_list&page=1
INFO: [ app_begin ] --START--
INFO: Run Behavior\ReadHtmlCacheBehavior [ RunTime:0.002312s ]
INFO: Run Behavior\CheckLangBehavior [ RunTime:0.002929s ]
INFO: [ app_begin ] --END-- [ RunTime:0.006426s ]
NOTIC: D方法实例化没找到模型类Portal\Model\PostsModel
SQL: SHOW COLUMNS FROM `dh_posts` [ RunTime:0.0212s ]
SQL: SHOW COLUMNS FROM `dh_terms` [ RunTime:0.0177s ]
SQL: SHOW COLUMNS FROM `dh_term_relationships` [ RunTime:0.0157s ]
SQL: SELECT COUNT(*) AS tp_count FROM dh_term_relationships a INNER JOIN dh_posts b ON a.object_id = b.id  WHERE ( a.term_id = 3 and a.status=1 ) LIMIT 1   [ RunTime:0.0009s ]
SQL: SELECT * FROM dh_term_relationships a INNER JOIN dh_posts b ON a.object_id = b.id  WHERE ( a.term_id = 3 and a.status=1 ) ORDER BY a.listorder ASC,b.post_modified DESC LIMIT 0,10   [ RunTime:0.0185s ]

[ 2016-05-19T21:01:16+08:00 ] 127.0.0.1 /deshang/trunk/index.php?g=&m=partner&a=index
ERR: 模板不存在:themes/simplebootx/Portal/partner.html

[ 2016-05-19T21:05:21+08:00 ] 127.0.0.1 /deshang/trunk/index.php?g=&m=page&a=investment_list&page=1
INFO: [ app_begin ] --START--
INFO: Run Behavior\ReadHtmlCacheBehavior [ RunTime:0.002515s ]
INFO: Run Behavior\CheckLangBehavior [ RunTime:0.003528s ]
INFO: [ app_begin ] --END-- [ RunTime:0.007207s ]
NOTIC: D方法实例化没找到模型类Portal\Model\PostsModel
SQL: SHOW COLUMNS FROM `dh_posts` [ RunTime:0.0203s ]
SQL: SHOW COLUMNS FROM `dh_terms` [ RunTime:0.0512s ]
SQL: SHOW COLUMNS FROM `dh_term_relationships` [ RunTime:0.0192s ]
SQL: SELECT COUNT(*) AS tp_count FROM dh_term_relationships a INNER JOIN dh_posts b ON a.object_id = b.id  WHERE ( a.term_id = 3 and a.status=1 ) LIMIT 1   [ RunTime:0.0006s ]
SQL: SELECT * FROM dh_term_relationships a INNER JOIN dh_posts b ON a.object_id = b.id  WHERE ( a.term_id = 3 and a.status=1 ) ORDER BY a.listorder ASC,b.post_modified DESC LIMIT 0,10   [ RunTime:0.0179s ]

