[ 2017-09-06T21:17:51+08:00 ] 127.0.0.1 /
ERR: SQLSTATE[HY000] [1049] Unknown database 'deshang'

[ 2017-09-06T21:18:02+08:00 ] 127.0.0.1 /index.php?g=&m=page&a=index&id=2&state=about_us
ERR: SQLSTATE[HY000] [1049] Unknown database 'deshang'

[ 2017-09-06T21:18:04+08:00 ] 127.0.0.1 /
ERR: SQLSTATE[HY000] [1049] Unknown database 'deshang'

[ 2017-09-06T21:20:36+08:00 ] 127.0.0.1 /index.php?g=&m=page&a=investment_list&page=1&number=10
INFO: [ app_begin ] --START--
INFO: Run Behavior\ReadHtmlCacheBehavior [ RunTime:0.000742s ]
INFO: Run Behavior\CheckLangBehavior [ RunTime:0.002230s ]
INFO: [ app_begin ] --END-- [ RunTime:0.003805s ]
NOTIC: D方法实例化没找到模型类Portal\Model\PostsModel
SQL: SHOW COLUMNS FROM `dh_posts` [ RunTime:0.0052s ]
SQL: SHOW COLUMNS FROM `dh_terms` [ RunTime:0.0038s ]
SQL: SHOW COLUMNS FROM `dh_term_relationships` [ RunTime:0.0044s ]
SQL: SELECT COUNT(*) AS tp_count FROM dh_term_relationships a INNER JOIN dh_posts b ON a.object_id = b.id  WHERE ( a.term_id = 3 and a.status=1 ) LIMIT 1   [ RunTime:0.0008s ]
SQL: SELECT * FROM dh_term_relationships a INNER JOIN dh_posts b ON a.object_id = b.id  WHERE ( a.term_id = 3 and a.status=1 ) ORDER BY a.listorder ASC,b.post_modified DESC LIMIT 0,10   [ RunTime:0.0033s ]

[ 2017-09-06T21:37:17+08:00 ] 127.0.0.1 /index.php?g=&m=page&a=investment_list&page=1&number=10
INFO: [ app_begin ] --START--
INFO: Run Behavior\ReadHtmlCacheBehavior [ RunTime:0.000583s ]
INFO: Run Behavior\CheckLangBehavior [ RunTime:0.000827s ]
INFO: [ app_begin ] --END-- [ RunTime:0.001870s ]
NOTIC: D方法实例化没找到模型类Portal\Model\PostsModel
SQL: SHOW COLUMNS FROM `dh_posts` [ RunTime:0.0053s ]
SQL: SHOW COLUMNS FROM `dh_terms` [ RunTime:0.0031s ]
SQL: SHOW COLUMNS FROM `dh_term_relationships` [ RunTime:0.0030s ]
SQL: SELECT COUNT(*) AS tp_count FROM dh_term_relationships a INNER JOIN dh_posts b ON a.object_id = b.id  WHERE ( a.term_id = 3 and a.status=1 ) LIMIT 1   [ RunTime:0.0003s ]
SQL: SELECT * FROM dh_term_relationships a INNER JOIN dh_posts b ON a.object_id = b.id  WHERE ( a.term_id = 3 and a.status=1 ) ORDER BY a.listorder ASC,b.post_modified DESC LIMIT 0,10   [ RunTime:0.0030s ]

[ 2017-09-06T21:37:22+08:00 ] 127.0.0.1 /index.php?g=&m=page&a=investment_list&page=1&number=10
INFO: [ app_begin ] --START--
INFO: Run Behavior\ReadHtmlCacheBehavior [ RunTime:0.000509s ]
INFO: Run Behavior\CheckLangBehavior [ RunTime:0.000847s ]
INFO: [ app_begin ] --END-- [ RunTime:0.001819s ]
NOTIC: D方法实例化没找到模型类Portal\Model\PostsModel
SQL: SHOW COLUMNS FROM `dh_posts` [ RunTime:0.0052s ]
SQL: SHOW COLUMNS FROM `dh_terms` [ RunTime:0.0031s ]
SQL: SHOW COLUMNS FROM `dh_term_relationships` [ RunTime:0.0035s ]
SQL: SELECT COUNT(*) AS tp_count FROM dh_term_relationships a INNER JOIN dh_posts b ON a.object_id = b.id  WHERE ( a.term_id = 3 and a.status=1 ) LIMIT 1   [ RunTime:0.0004s ]
SQL: SELECT * FROM dh_term_relationships a INNER JOIN dh_posts b ON a.object_id = b.id  WHERE ( a.term_id = 3 and a.status=1 ) ORDER BY a.listorder ASC,b.post_modified DESC LIMIT 0,10   [ RunTime:0.0037s ]

[ 2017-09-06T21:37:26+08:00 ] 127.0.0.1 /index.php?g=&m=page&a=investment_list&page=1&number=10
INFO: [ app_begin ] --START--
INFO: Run Behavior\ReadHtmlCacheBehavior [ RunTime:0.001050s ]
INFO: Run Behavior\CheckLangBehavior [ RunTime:0.001213s ]
INFO: [ app_begin ] --END-- [ RunTime:0.003226s ]
NOTIC: D方法实例化没找到模型类Portal\Model\PostsModel
SQL: SHOW COLUMNS FROM `dh_posts` [ RunTime:0.0050s ]
SQL: SHOW COLUMNS FROM `dh_terms` [ RunTime:0.0037s ]
SQL: SHOW COLUMNS FROM `dh_term_relationships` [ RunTime:0.0030s ]
SQL: SELECT COUNT(*) AS tp_count FROM dh_term_relationships a INNER JOIN dh_posts b ON a.object_id = b.id  WHERE ( a.term_id = 3 and a.status=1 ) LIMIT 1   [ RunTime:0.0005s ]
SQL: SELECT * FROM dh_term_relationships a INNER JOIN dh_posts b ON a.object_id = b.id  WHERE ( a.term_id = 3 and a.status=1 ) ORDER BY a.listorder ASC,b.post_modified DESC LIMIT 0,10   [ RunTime:0.0062s ]

[ 2017-09-06T23:00:39+08:00 ] 127.0.0.1 /index.php?g=&m=page&a=investment_list&page=1&number=10
INFO: [ app_begin ] --START--
INFO: Run Behavior\ReadHtmlCacheBehavior [ RunTime:0.000762s ]
INFO: Run Behavior\CheckLangBehavior [ RunTime:0.001115s ]
INFO: [ app_begin ] --END-- [ RunTime:0.002598s ]
NOTIC: D方法实例化没找到模型类Portal\Model\PostsModel
SQL: SHOW COLUMNS FROM `dh_posts` [ RunTime:0.0063s ]
SQL: SHOW COLUMNS FROM `dh_terms` [ RunTime:0.0040s ]
SQL: SHOW COLUMNS FROM `dh_term_relationships` [ RunTime:0.0037s ]
SQL: SELECT COUNT(*) AS tp_count FROM dh_term_relationships a INNER JOIN dh_posts b ON a.object_id = b.id  WHERE ( a.term_id = 3 and a.status=1 ) LIMIT 1   [ RunTime:0.0003s ]
SQL: SELECT * FROM dh_term_relationships a INNER JOIN dh_posts b ON a.object_id = b.id  WHERE ( a.term_id = 3 and a.status=1 ) ORDER BY a.listorder ASC,b.post_modified DESC LIMIT 0,10   [ RunTime:0.0059s ]

[ 2017-09-06T23:05:37+08:00 ] 127.0.0.1 /index.php?g=&m=page&a=investment_list&page=1&number=10
INFO: [ app_begin ] --START--
INFO: Run Behavior\ReadHtmlCacheBehavior [ RunTime:0.000932s ]
INFO: Run Behavior\CheckLangBehavior [ RunTime:0.001579s ]
INFO: [ app_begin ] --END-- [ RunTime:0.003350s ]
NOTIC: D方法实例化没找到模型类Portal\Model\PostsModel
SQL: SHOW COLUMNS FROM `dh_posts` [ RunTime:0.0042s ]
SQL: SHOW COLUMNS FROM `dh_terms` [ RunTime:0.0044s ]
SQL: SHOW COLUMNS FROM `dh_term_relationships` [ RunTime:0.0033s ]
SQL: SELECT COUNT(*) AS tp_count FROM dh_term_relationships a INNER JOIN dh_posts b ON a.object_id = b.id  WHERE ( a.term_id = 3 and a.status=1 ) LIMIT 1   [ RunTime:0.0003s ]
SQL: SELECT * FROM dh_term_relationships a INNER JOIN dh_posts b ON a.object_id = b.id  WHERE ( a.term_id = 3 and a.status=1 ) ORDER BY a.listorder ASC,b.post_modified DESC LIMIT 0,10   [ RunTime:0.0043s ]

[ 2017-09-06T23:12:00+08:00 ] 127.0.0.1 /index.php?g=&m=page&a=investment_list&page=1&number=10
INFO: [ app_begin ] --START--
INFO: Run Behavior\ReadHtmlCacheBehavior [ RunTime:0.000981s ]
INFO: Run Behavior\CheckLangBehavior [ RunTime:0.001379s ]
INFO: [ app_begin ] --END-- [ RunTime:0.003447s ]
NOTIC: D方法实例化没找到模型类Portal\Model\PostsModel
SQL: SHOW COLUMNS FROM `dh_posts` [ RunTime:0.0058s ]
SQL: SHOW COLUMNS FROM `dh_terms` [ RunTime:0.0034s ]
SQL: SHOW COLUMNS FROM `dh_term_relationships` [ RunTime:0.0032s ]
SQL: SELECT COUNT(*) AS tp_count FROM dh_term_relationships a INNER JOIN dh_posts b ON a.object_id = b.id  WHERE ( a.term_id = 3 and a.status=1 ) LIMIT 1   [ RunTime:0.0004s ]
SQL: SELECT * FROM dh_term_relationships a INNER JOIN dh_posts b ON a.object_id = b.id  WHERE ( a.term_id = 3 and a.status=1 ) ORDER BY a.listorder ASC,b.post_modified DESC LIMIT 0,10   [ RunTime:0.0031s ]

[ 2017-09-06T23:15:47+08:00 ] 127.0.0.1 /index.php?g=&m=page&a=investment_list&page=1&number=10
INFO: [ app_begin ] --START--
INFO: Run Behavior\ReadHtmlCacheBehavior [ RunTime:0.000494s ]
INFO: Run Behavior\CheckLangBehavior [ RunTime:0.001078s ]
INFO: [ app_begin ] --END-- [ RunTime:0.002079s ]
NOTIC: D方法实例化没找到模型类Portal\Model\PostsModel
SQL: SHOW COLUMNS FROM `dh_posts` [ RunTime:0.0077s ]
SQL: SHOW COLUMNS FROM `dh_terms` [ RunTime:0.0036s ]
SQL: SHOW COLUMNS FROM `dh_term_relationships` [ RunTime:0.0043s ]
SQL: SELECT COUNT(*) AS tp_count FROM dh_term_relationships a INNER JOIN dh_posts b ON a.object_id = b.id  WHERE ( a.term_id = 3 and a.status=1 ) LIMIT 1   [ RunTime:0.0004s ]
SQL: SELECT * FROM dh_term_relationships a INNER JOIN dh_posts b ON a.object_id = b.id  WHERE ( a.term_id = 3 and a.status=1 ) ORDER BY a.listorder ASC,b.post_modified DESC LIMIT 0,10   [ RunTime:0.0046s ]

[ 2017-09-06T23:17:04+08:00 ] 127.0.0.1 /index.php?g=&m=page&a=investment_list&page=1&number=10
INFO: [ app_begin ] --START--
INFO: Run Behavior\ReadHtmlCacheBehavior [ RunTime:0.000930s ]
INFO: Run Behavior\CheckLangBehavior [ RunTime:0.001562s ]
INFO: [ app_begin ] --END-- [ RunTime:0.003112s ]
NOTIC: D方法实例化没找到模型类Portal\Model\PostsModel
SQL: SHOW COLUMNS FROM `dh_posts` [ RunTime:0.0070s ]
SQL: SHOW COLUMNS FROM `dh_terms` [ RunTime:0.0031s ]
SQL: SHOW COLUMNS FROM `dh_term_relationships` [ RunTime:0.0027s ]
SQL: SELECT COUNT(*) AS tp_count FROM dh_term_relationships a INNER JOIN dh_posts b ON a.object_id = b.id  WHERE ( a.term_id = 3 and a.status=1 ) LIMIT 1   [ RunTime:0.0004s ]
SQL: SELECT * FROM dh_term_relationships a INNER JOIN dh_posts b ON a.object_id = b.id  WHERE ( a.term_id = 3 and a.status=1 ) ORDER BY a.listorder ASC,b.post_modified DESC LIMIT 0,10   [ RunTime:0.0046s ]

[ 2017-09-06T23:18:08+08:00 ] 127.0.0.1 /index.php?g=&m=page&a=investment_list&page=1&number=10
INFO: [ app_begin ] --START--
INFO: Run Behavior\ReadHtmlCacheBehavior [ RunTime:0.001009s ]
INFO: Run Behavior\CheckLangBehavior [ RunTime:0.001790s ]
INFO: [ app_begin ] --END-- [ RunTime:0.003539s ]
NOTIC: D方法实例化没找到模型类Portal\Model\PostsModel
SQL: SHOW COLUMNS FROM `dh_posts` [ RunTime:0.0062s ]
SQL: SHOW COLUMNS FROM `dh_terms` [ RunTime:0.0047s ]
SQL: SHOW COLUMNS FROM `dh_term_relationships` [ RunTime:0.0038s ]
SQL: SELECT COUNT(*) AS tp_count FROM dh_term_relationships a INNER JOIN dh_posts b ON a.object_id = b.id  WHERE ( a.term_id = 3 and a.status=1 ) LIMIT 1   [ RunTime:0.0003s ]
SQL: SELECT * FROM dh_term_relationships a INNER JOIN dh_posts b ON a.object_id = b.id  WHERE ( a.term_id = 3 and a.status=1 ) ORDER BY a.listorder ASC,b.post_modified DESC LIMIT 0,10   [ RunTime:0.0034s ]

[ 2017-09-06T23:18:45+08:00 ] 127.0.0.1 /index.php?g=&m=page&a=investment_list&page=1&number=10
INFO: [ app_begin ] --START--
INFO: Run Behavior\ReadHtmlCacheBehavior [ RunTime:0.000479s ]
INFO: Run Behavior\CheckLangBehavior [ RunTime:0.000719s ]
INFO: [ app_begin ] --END-- [ RunTime:0.001688s ]
NOTIC: D方法实例化没找到模型类Portal\Model\PostsModel
SQL: SHOW COLUMNS FROM `dh_posts` [ RunTime:0.0062s ]
SQL: SHOW COLUMNS FROM `dh_terms` [ RunTime:0.0050s ]
SQL: SHOW COLUMNS FROM `dh_term_relationships` [ RunTime:0.0057s ]
SQL: SELECT COUNT(*) AS tp_count FROM dh_term_relationships a INNER JOIN dh_posts b ON a.object_id = b.id  WHERE ( a.term_id = 3 and a.status=1 ) LIMIT 1   [ RunTime:0.0009s ]
SQL: SELECT * FROM dh_term_relationships a INNER JOIN dh_posts b ON a.object_id = b.id  WHERE ( a.term_id = 3 and a.status=1 ) ORDER BY a.listorder ASC,b.post_modified DESC LIMIT 0,10   [ RunTime:0.0036s ]

[ 2017-09-06T23:18:48+08:00 ] 127.0.0.1 /index.php?g=&m=page&a=investment_list&page=1&number=10
INFO: [ app_begin ] --START--
INFO: Run Behavior\ReadHtmlCacheBehavior [ RunTime:0.001053s ]
INFO: Run Behavior\CheckLangBehavior [ RunTime:0.001799s ]
INFO: [ app_begin ] --END-- [ RunTime:0.003351s ]
NOTIC: D方法实例化没找到模型类Portal\Model\PostsModel
SQL: SHOW COLUMNS FROM `dh_posts` [ RunTime:0.0071s ]
SQL: SHOW COLUMNS FROM `dh_terms` [ RunTime:0.0048s ]
SQL: SHOW COLUMNS FROM `dh_term_relationships` [ RunTime:0.0031s ]
SQL: SELECT COUNT(*) AS tp_count FROM dh_term_relationships a INNER JOIN dh_posts b ON a.object_id = b.id  WHERE ( a.term_id = 3 and a.status=1 ) LIMIT 1   [ RunTime:0.0005s ]
SQL: SELECT * FROM dh_term_relationships a INNER JOIN dh_posts b ON a.object_id = b.id  WHERE ( a.term_id = 3 and a.status=1 ) ORDER BY a.listorder ASC,b.post_modified DESC LIMIT 0,10   [ RunTime:0.0038s ]

[ 2017-09-06T23:19:33+08:00 ] 127.0.0.1 /index.php?g=&m=page&a=investment_list&page=1&number=10
INFO: [ app_begin ] --START--
INFO: Run Behavior\ReadHtmlCacheBehavior [ RunTime:0.000535s ]
INFO: Run Behavior\CheckLangBehavior [ RunTime:0.000763s ]
INFO: [ app_begin ] --END-- [ RunTime:0.001894s ]
NOTIC: D方法实例化没找到模型类Portal\Model\PostsModel
SQL: SHOW COLUMNS FROM `dh_posts` [ RunTime:0.0052s ]
SQL: SHOW COLUMNS FROM `dh_terms` [ RunTime:0.0038s ]
SQL: SHOW COLUMNS FROM `dh_term_relationships` [ RunTime:0.0045s ]
SQL: SELECT COUNT(*) AS tp_count FROM dh_term_relationships a INNER JOIN dh_posts b ON a.object_id = b.id  WHERE ( a.term_id = 3 and a.status=1 ) LIMIT 1   [ RunTime:0.0009s ]
SQL: SELECT * FROM dh_term_relationships a INNER JOIN dh_posts b ON a.object_id = b.id  WHERE ( a.term_id = 3 and a.status=1 ) ORDER BY a.listorder ASC,b.post_modified DESC LIMIT 0,10   [ RunTime:0.0031s ]

[ 2017-09-06T23:19:50+08:00 ] 127.0.0.1 /index.php?g=&m=page&a=investment_list&page=1&number=10
INFO: [ app_begin ] --START--
INFO: Run Behavior\ReadHtmlCacheBehavior [ RunTime:0.000618s ]
INFO: Run Behavior\CheckLangBehavior [ RunTime:0.001298s ]
INFO: [ app_begin ] --END-- [ RunTime:0.002419s ]
NOTIC: D方法实例化没找到模型类Portal\Model\PostsModel
SQL: SHOW COLUMNS FROM `dh_posts` [ RunTime:0.0032s ]
SQL: SHOW COLUMNS FROM `dh_terms` [ RunTime:0.0045s ]
SQL: SHOW COLUMNS FROM `dh_term_relationships` [ RunTime:0.0050s ]
SQL: SELECT COUNT(*) AS tp_count FROM dh_term_relationships a INNER JOIN dh_posts b ON a.object_id = b.id  WHERE ( a.term_id = 3 and a.status=1 ) LIMIT 1   [ RunTime:0.0009s ]
SQL: SELECT * FROM dh_term_relationships a INNER JOIN dh_posts b ON a.object_id = b.id  WHERE ( a.term_id = 3 and a.status=1 ) ORDER BY a.listorder ASC,b.post_modified DESC LIMIT 0,10   [ RunTime:0.0050s ]

[ 2017-09-06T23:20:40+08:00 ] 127.0.0.1 /index.php?g=&m=page&a=investment_list&page=1&number=10
INFO: [ app_begin ] --START--
INFO: Run Behavior\ReadHtmlCacheBehavior [ RunTime:0.000527s ]
INFO: Run Behavior\CheckLangBehavior [ RunTime:0.000972s ]
INFO: [ app_begin ] --END-- [ RunTime:0.001973s ]
NOTIC: D方法实例化没找到模型类Portal\Model\PostsModel
SQL: SHOW COLUMNS FROM `dh_posts` [ RunTime:0.0062s ]
SQL: SHOW COLUMNS FROM `dh_terms` [ RunTime:0.0052s ]
SQL: SHOW COLUMNS FROM `dh_term_relationships` [ RunTime:0.0056s ]
SQL: SELECT COUNT(*) AS tp_count FROM dh_term_relationships a INNER JOIN dh_posts b ON a.object_id = b.id  WHERE ( a.term_id = 3 and a.status=1 ) LIMIT 1   [ RunTime:0.0007s ]
SQL: SELECT * FROM dh_term_relationships a INNER JOIN dh_posts b ON a.object_id = b.id  WHERE ( a.term_id = 3 and a.status=1 ) ORDER BY a.listorder ASC,b.post_modified DESC LIMIT 0,10   [ RunTime:0.0044s ]

[ 2017-09-06T23:20:42+08:00 ] 127.0.0.1 /index.php?g=&m=page&a=investment_list&page=1&number=10
INFO: [ app_begin ] --START--
INFO: Run Behavior\ReadHtmlCacheBehavior [ RunTime:0.000941s ]
INFO: Run Behavior\CheckLangBehavior [ RunTime:0.001556s ]
INFO: [ app_begin ] --END-- [ RunTime:0.003277s ]
NOTIC: D方法实例化没找到模型类Portal\Model\PostsModel
SQL: SHOW COLUMNS FROM `dh_posts` [ RunTime:0.0056s ]
SQL: SHOW COLUMNS FROM `dh_terms` [ RunTime:0.0046s ]
SQL: SHOW COLUMNS FROM `dh_term_relationships` [ RunTime:0.0050s ]
SQL: SELECT COUNT(*) AS tp_count FROM dh_term_relationships a INNER JOIN dh_posts b ON a.object_id = b.id  WHERE ( a.term_id = 3 and a.status=1 ) LIMIT 1   [ RunTime:0.0006s ]
SQL: SELECT * FROM dh_term_relationships a INNER JOIN dh_posts b ON a.object_id = b.id  WHERE ( a.term_id = 3 and a.status=1 ) ORDER BY a.listorder ASC,b.post_modified DESC LIMIT 0,10   [ RunTime:0.0052s ]

