[ 2016-05-19T19:03:42+08:00 ] 127.0.0.1 /deshang/trunk/index.php?g=Admin&m=public&a=dologin
INFO: [ app_begin ] --START--
INFO: Run Behavior\ReadHtmlCacheBehavior [ RunTime:0.001635s ]
INFO: Run Behavior\CheckLangBehavior [ RunTime:0.007270s ]
INFO: [ app_begin ] --END-- [ RunTime:0.010220s ]
SQL: SHOW COLUMNS FROM `dh_users` [ RunTime:0.0157s ]
SQL: SELECT * FROM `dh_users` WHERE `user_login` = 'admin' LIMIT 1   [ RunTime:0.0008s ]
SQL: SHOW COLUMNS FROM `dh_role_user` [ RunTime:0.0135s ]
SQL: SELECT `role_id` FROM dh_role_user a INNER JOIN dh_role as b on a.role_id =b.id  WHERE `user_id` = '1' AND `status` = 1  [ RunTime:0.0087s ]
SQL: UPDATE `dh_users` SET `user_login`='admin',`user_pass`='###1631a822020da3ae168a90f3000a57a4',`user_nicename`='admin',`user_email`='dsds@dsds.com',`user_url`='',`avatar`=NULL,`sex`='0',`birthday`=NULL,`signature`=NULL,`last_login_ip`='127.0.0.1',`last_login_time`='2016-05-19 19:03:42',`create_time`='2016-03-29 09:03:46',`user_activation_key`='',`user_status`='1',`score`='0',`user_type`='1',`coin`='0',`mobile`='' WHERE `id` = '1' [ RunTime:0.0429s ]

[ 2016-05-19T20:33:43+08:00 ] 127.0.0.1 /deshang/trunk/index.php?g=Admin&m=slide&a=add_post
INFO: [ app_begin ] --START--
INFO: Run Behavior\ReadHtmlCacheBehavior [ RunTime:0.001198s ]
INFO: Run Behavior\CheckLangBehavior [ RunTime:0.003709s ]
INFO: [ app_begin ] --END-- [ RunTime:0.005721s ]
SQL: SHOW COLUMNS FROM `dh_users` [ RunTime:0.0161s ]
SQL: SELECT * FROM `dh_users` WHERE ( id=1 ) LIMIT 1   [ RunTime:0.0008s ]
SQL: SHOW COLUMNS FROM `dh_slide` [ RunTime:0.0139s ]
SQL: SHOW COLUMNS FROM `dh_slide_cat` [ RunTime:0.0147s ]
NOTIC: [8] Undefined index: validate F:\wamp\www\deshang\trunk\simplewind\Core\Library\Think\Model.class.php 第 1185 行.
NOTIC: [8] Undefined index: auto F:\wamp\www\deshang\trunk\simplewind\Core\Library\Think\Model.class.php 第 1128 行.
SQL: INSERT INTO `dh_slide` (`slide_cid`,`slide_name`,`slide_url`,`slide_des`,`slide_content`,`slide_pic`) VALUES ('1','banner1','http://www.baidu.com','','','/deshang/trunk/data/upload/20160519/573db2976eea3.jpg') [ RunTime:0.0365s ]

[ 2016-05-19T20:34:09+08:00 ] 127.0.0.1 /deshang/trunk/index.php?g=Admin&m=slide&a=add_post
INFO: [ app_begin ] --START--
INFO: Run Behavior\ReadHtmlCacheBehavior [ RunTime:0.002574s ]
INFO: Run Behavior\CheckLangBehavior [ RunTime:0.005833s ]
INFO: [ app_begin ] --END-- [ RunTime:0.009770s ]
SQL: SHOW COLUMNS FROM `dh_users` [ RunTime:0.0135s ]
SQL: SELECT * FROM `dh_users` WHERE ( id=1 ) LIMIT 1   [ RunTime:0.0008s ]
SQL: SHOW COLUMNS FROM `dh_slide` [ RunTime:0.0131s ]
SQL: SHOW COLUMNS FROM `dh_slide_cat` [ RunTime:0.0131s ]
NOTIC: [8] Undefined index: validate F:\wamp\www\deshang\trunk\simplewind\Core\Library\Think\Model.class.php 第 1185 行.
NOTIC: [8] Undefined index: auto F:\wamp\www\deshang\trunk\simplewind\Core\Library\Think\Model.class.php 第 1128 行.
SQL: INSERT INTO `dh_slide` (`slide_cid`,`slide_name`,`slide_url`,`slide_des`,`slide_content`,`slide_pic`) VALUES ('1','banner2','http://www.jd.com','','','/deshang/trunk/data/upload/20160519/573db2b588102.jpg') [ RunTime:0.0007s ]

[ 2016-05-19T20:34:25+08:00 ] 127.0.0.1 /deshang/trunk/index.php?g=Admin&m=slide&a=add_post
INFO: [ app_begin ] --START--
INFO: Run Behavior\ReadHtmlCacheBehavior [ RunTime:0.001573s ]
INFO: Run Behavior\CheckLangBehavior [ RunTime:0.006396s ]
INFO: [ app_begin ] --END-- [ RunTime:0.008863s ]
SQL: SHOW COLUMNS FROM `dh_users` [ RunTime:0.0144s ]
SQL: SELECT * FROM `dh_users` WHERE ( id=1 ) LIMIT 1   [ RunTime:0.0010s ]
SQL: SHOW COLUMNS FROM `dh_slide` [ RunTime:0.0141s ]
SQL: SHOW COLUMNS FROM `dh_slide_cat` [ RunTime:0.0133s ]
NOTIC: [8] Undefined index: validate F:\wamp\www\deshang\trunk\simplewind\Core\Library\Think\Model.class.php 第 1185 行.
NOTIC: [8] Undefined index: auto F:\wamp\www\deshang\trunk\simplewind\Core\Library\Think\Model.class.php 第 1128 行.
SQL: INSERT INTO `dh_slide` (`slide_cid`,`slide_name`,`slide_url`,`slide_des`,`slide_content`,`slide_pic`) VALUES ('1','bann3','','','','/deshang/trunk/data/upload/20160519/573db2cb8af83.jpg') [ RunTime:0.0008s ]

[ 2016-05-19T20:39:24+08:00 ] 127.0.0.1 /deshang/trunk/index.php?g=Admin&m=slide&a=delete&id=1
INFO: [ app_begin ] --START--
INFO: Run Behavior\ReadHtmlCacheBehavior [ RunTime:0.001571s ]
INFO: Run Behavior\CheckLangBehavior [ RunTime:0.004346s ]
INFO: [ app_begin ] --END-- [ RunTime:0.007020s ]
SQL: SHOW COLUMNS FROM `dh_users` [ RunTime:0.1732s ]
SQL: SELECT * FROM `dh_users` WHERE ( id=1 ) LIMIT 1   [ RunTime:0.0010s ]
SQL: SHOW COLUMNS FROM `dh_slide` [ RunTime:0.0170s ]
SQL: SHOW COLUMNS FROM `dh_slide_cat` [ RunTime:0.0181s ]
SQL: DELETE FROM `dh_slide` WHERE `slide_id` = 1 [ RunTime:0.0472s ]

[ 2016-05-19T20:39:33+08:00 ] 127.0.0.1 /deshang/trunk/index.php?g=Admin&m=slide&a=delete&id=2
INFO: [ app_begin ] --START--
INFO: Run Behavior\ReadHtmlCacheBehavior [ RunTime:0.002896s ]
INFO: Run Behavior\CheckLangBehavior [ RunTime:0.004733s ]
INFO: [ app_begin ] --END-- [ RunTime:0.008590s ]
SQL: SHOW COLUMNS FROM `dh_users` [ RunTime:0.0136s ]
SQL: SELECT * FROM `dh_users` WHERE ( id=1 ) LIMIT 1   [ RunTime:0.0008s ]
SQL: SHOW COLUMNS FROM `dh_slide` [ RunTime:0.0159s ]
SQL: SHOW COLUMNS FROM `dh_slide_cat` [ RunTime:0.0182s ]
SQL: DELETE FROM `dh_slide` WHERE `slide_id` = 2 [ RunTime:0.0007s ]

