[ 2016-05-17T18:57:07+08:00 ] 127.0.0.1 /deshang/trunk/index.php?g=user&m=index&a=is_login
INFO: [ app_begin ] --START--
INFO: Run Behavior\ReadHtmlCacheBehavior [ RunTime:0.001998s ]
INFO: Run Behavior\CheckLangBehavior [ RunTime:0.006514s ]
INFO: [ app_begin ] --END-- [ RunTime:0.010232s ]
NOTIC: [8] Undefined index: url F:\wamp\www\deshang\trunk\application\Common\Controller\AppframeController.class.php 第 24 行.

[ 2016-05-17T19:10:06+08:00 ] 127.0.0.1 /deshang/trunk/index.php?g=user&m=index&a=is_login
INFO: [ app_begin ] --START--
INFO: Run Behavior\ReadHtmlCacheBehavior [ RunTime:0.001067s ]
INFO: Run Behavior\CheckLangBehavior [ RunTime:0.002050s ]
INFO: [ app_begin ] --END-- [ RunTime:0.004306s ]
NOTIC: [8] Undefined index: url F:\wamp\www\deshang\trunk\application\Common\Controller\AppframeController.class.php 第 24 行.

[ 2016-05-17T19:14:24+08:00 ] 127.0.0.1 /deshang/trunk/index.php?g=user&m=index&a=is_login
INFO: [ app_begin ] --START--
INFO: Run Behavior\ReadHtmlCacheBehavior [ RunTime:0.001406s ]
INFO: Run Behavior\CheckLangBehavior [ RunTime:0.002132s ]
INFO: [ app_begin ] --END-- [ RunTime:0.004881s ]
NOTIC: [8] Undefined index: url F:\wamp\www\deshang\trunk\application\Common\Controller\AppframeController.class.php 第 24 行.

[ 2016-05-17T19:14:46+08:00 ] 127.0.0.1 /deshang/trunk/index.php?g=user&m=index&a=is_login
INFO: [ app_begin ] --START--
INFO: Run Behavior\ReadHtmlCacheBehavior [ RunTime:0.002107s ]
INFO: Run Behavior\CheckLangBehavior [ RunTime:0.002450s ]
INFO: [ app_begin ] --END-- [ RunTime:0.005883s ]
NOTIC: [8] Undefined index: url F:\wamp\www\deshang\trunk\application\Common\Controller\AppframeController.class.php 第 24 行.

[ 2016-05-17T19:16:04+08:00 ] 127.0.0.1 /deshang/trunk/index.php?g=user&m=index&a=is_login
INFO: [ app_begin ] --START--
INFO: Run Behavior\ReadHtmlCacheBehavior [ RunTime:0.001311s ]
INFO: Run Behavior\CheckLangBehavior [ RunTime:0.002038s ]
INFO: [ app_begin ] --END-- [ RunTime:0.004653s ]
NOTIC: [8] Undefined index: url F:\wamp\www\deshang\trunk\application\Common\Controller\AppframeController.class.php 第 24 行.

[ 2016-05-17T19:18:47+08:00 ] 127.0.0.1 /deshang/trunk/index.php?g=user&m=index&a=is_login
INFO: [ app_begin ] --START--
INFO: Run Behavior\ReadHtmlCacheBehavior [ RunTime:0.001331s ]
INFO: Run Behavior\CheckLangBehavior [ RunTime:0.002465s ]
INFO: [ app_begin ] --END-- [ RunTime:0.005149s ]
NOTIC: [8] Undefined index: url F:\wamp\www\deshang\trunk\application\Common\Controller\AppframeController.class.php 第 24 行.

[ 2016-05-17T19:19:45+08:00 ] 127.0.0.1 /deshang/trunk/index.php?g=user&m=index&a=is_login
INFO: [ app_begin ] --START--
INFO: Run Behavior\ReadHtmlCacheBehavior [ RunTime:0.000768s ]
INFO: Run Behavior\CheckLangBehavior [ RunTime:0.001392s ]
INFO: [ app_begin ] --END-- [ RunTime:0.002947s ]
NOTIC: [8] Undefined index: url F:\wamp\www\deshang\trunk\application\Common\Controller\AppframeController.class.php 第 24 行.

[ 2016-05-17T19:19:51+08:00 ] 127.0.0.1 /deshang/trunk/index.php?g=user&m=index&a=is_login
INFO: [ app_begin ] --START--
INFO: Run Behavior\ReadHtmlCacheBehavior [ RunTime:0.001091s ]
INFO: Run Behavior\CheckLangBehavior [ RunTime:0.002107s ]
INFO: [ app_begin ] --END-- [ RunTime:0.004590s ]
NOTIC: [8] Undefined index: url F:\wamp\www\deshang\trunk\application\Common\Controller\AppframeController.class.php 第 24 行.

[ 2016-05-17T19:25:49+08:00 ] 127.0.0.1 /deshang/trunk/index.php?g=user&m=index&a=is_login
INFO: [ app_begin ] --START--
INFO: Run Behavior\ReadHtmlCacheBehavior [ RunTime:0.002781s ]
INFO: Run Behavior\CheckLangBehavior [ RunTime:0.002012s ]
INFO: [ app_begin ] --END-- [ RunTime:0.006032s ]
NOTIC: [8] Undefined index: url F:\wamp\www\deshang\trunk\application\Common\Controller\AppframeController.class.php 第 24 行.

[ 2016-05-17T19:29:55+08:00 ] 127.0.0.1 /deshang/trunk/index.php?g=user&m=index&a=is_login
INFO: [ app_begin ] --START--
INFO: Run Behavior\ReadHtmlCacheBehavior [ RunTime:0.002228s ]
INFO: Run Behavior\CheckLangBehavior [ RunTime:0.001746s ]
INFO: [ app_begin ] --END-- [ RunTime:0.005341s ]
NOTIC: [8] Undefined index: url F:\wamp\www\deshang\trunk\application\Common\Controller\AppframeController.class.php 第 24 行.

[ 2016-05-17T19:43:39+08:00 ] 127.0.0.1 /deshang/trunk/index.php?g=user&m=index&a=is_login
INFO: [ app_begin ] --START--
INFO: Run Behavior\ReadHtmlCacheBehavior [ RunTime:0.001344s ]
INFO: Run Behavior\CheckLangBehavior [ RunTime:0.002110s ]
INFO: [ app_begin ] --END-- [ RunTime:0.004900s ]
NOTIC: [8] Undefined index: url F:\wamp\www\deshang\trunk\application\Common\Controller\AppframeController.class.php 第 24 行.

[ 2016-05-17T19:44:44+08:00 ] 127.0.0.1 /deshang/trunk/index.php?g=user&m=index&a=is_login
INFO: [ app_begin ] --START--
INFO: Run Behavior\ReadHtmlCacheBehavior [ RunTime:0.002022s ]
INFO: Run Behavior\CheckLangBehavior [ RunTime:0.002250s ]
INFO: [ app_begin ] --END-- [ RunTime:0.005968s ]
NOTIC: [8] Undefined index: url F:\wamp\www\deshang\trunk\application\Common\Controller\AppframeController.class.php 第 24 行.

[ 2016-05-17T19:44:48+08:00 ] 127.0.0.1 /deshang/trunk/index.php?g=user&m=index&a=is_login
INFO: [ app_begin ] --START--
INFO: Run Behavior\ReadHtmlCacheBehavior [ RunTime:0.000986s ]
INFO: Run Behavior\CheckLangBehavior [ RunTime:0.001542s ]
INFO: [ app_begin ] --END-- [ RunTime:0.003533s ]
NOTIC: [8] Undefined index: url F:\wamp\www\deshang\trunk\application\Common\Controller\AppframeController.class.php 第 24 行.

[ 2016-05-17T19:45:13+08:00 ] 127.0.0.1 /deshang/trunk/index.php?g=user&m=index&a=is_login
INFO: [ app_begin ] --START--
INFO: Run Behavior\ReadHtmlCacheBehavior [ RunTime:0.000949s ]
INFO: Run Behavior\CheckLangBehavior [ RunTime:0.001516s ]
INFO: [ app_begin ] --END-- [ RunTime:0.003487s ]
NOTIC: [8] Undefined index: url F:\wamp\www\deshang\trunk\application\Common\Controller\AppframeController.class.php 第 24 行.

[ 2016-05-17T19:45:15+08:00 ] 127.0.0.1 /deshang/trunk/index.php?g=user&m=index&a=is_login
INFO: [ app_begin ] --START--
INFO: Run Behavior\ReadHtmlCacheBehavior [ RunTime:0.001301s ]
INFO: Run Behavior\CheckLangBehavior [ RunTime:0.002353s ]
INFO: [ app_begin ] --END-- [ RunTime:0.005171s ]
NOTIC: [8] Undefined index: url F:\wamp\www\deshang\trunk\application\Common\Controller\AppframeController.class.php 第 24 行.

[ 2016-05-17T19:48:07+08:00 ] 127.0.0.1 /deshang/trunk/index.php?g=user&m=index&a=is_login
INFO: [ app_begin ] --START--
INFO: Run Behavior\ReadHtmlCacheBehavior [ RunTime:0.001279s ]
INFO: Run Behavior\CheckLangBehavior [ RunTime:0.002046s ]
INFO: [ app_begin ] --END-- [ RunTime:0.004415s ]
NOTIC: [8] Undefined index: url F:\wamp\www\deshang\trunk\application\Common\Controller\AppframeController.class.php 第 24 行.

[ 2016-05-17T19:50:06+08:00 ] 127.0.0.1 /deshang/trunk/index.php?g=user&m=index&a=is_login
INFO: [ app_begin ] --START--
INFO: Run Behavior\ReadHtmlCacheBehavior [ RunTime:0.002553s ]
INFO: Run Behavior\CheckLangBehavior [ RunTime:0.003087s ]
INFO: [ app_begin ] --END-- [ RunTime:0.006964s ]
NOTIC: [8] Undefined index: url F:\wamp\www\deshang\trunk\application\Common\Controller\AppframeController.class.php 第 24 行.

[ 2016-05-17T19:51:36+08:00 ] 127.0.0.1 /deshang/trunk/index.php?g=user&m=index&a=is_login
INFO: [ app_begin ] --START--
INFO: Run Behavior\ReadHtmlCacheBehavior [ RunTime:0.001549s ]
INFO: Run Behavior\CheckLangBehavior [ RunTime:0.002557s ]
INFO: [ app_begin ] --END-- [ RunTime:0.005683s ]
NOTIC: [8] Undefined index: url F:\wamp\www\deshang\trunk\application\Common\Controller\AppframeController.class.php 第 24 行.

[ 2016-05-17T19:51:42+08:00 ] 127.0.0.1 /deshang/trunk/index.php?g=user&m=index&a=is_login
INFO: [ app_begin ] --START--
INFO: Run Behavior\ReadHtmlCacheBehavior [ RunTime:0.001145s ]
INFO: Run Behavior\CheckLangBehavior [ RunTime:0.001917s ]
INFO: [ app_begin ] --END-- [ RunTime:0.004095s ]
NOTIC: [8] Undefined index: url F:\wamp\www\deshang\trunk\application\Common\Controller\AppframeController.class.php 第 24 行.

[ 2016-05-17T19:51:48+08:00 ] 127.0.0.1 /deshang/trunk/index.php?g=user&m=index&a=is_login
INFO: [ app_begin ] --START--
INFO: Run Behavior\ReadHtmlCacheBehavior [ RunTime:0.001221s ]
INFO: Run Behavior\CheckLangBehavior [ RunTime:0.001683s ]
INFO: [ app_begin ] --END-- [ RunTime:0.004350s ]
NOTIC: [8] Undefined index: url F:\wamp\www\deshang\trunk\application\Common\Controller\AppframeController.class.php 第 24 行.

[ 2016-05-17T19:52:08+08:00 ] 127.0.0.1 /deshang/trunk/index.php?g=user&m=index&a=is_login
INFO: [ app_begin ] --START--
INFO: Run Behavior\ReadHtmlCacheBehavior [ RunTime:0.001198s ]
INFO: Run Behavior\CheckLangBehavior [ RunTime:0.003156s ]
INFO: [ app_begin ] --END-- [ RunTime:0.005549s ]
NOTIC: [8] Undefined index: url F:\wamp\www\deshang\trunk\application\Common\Controller\AppframeController.class.php 第 24 行.

[ 2016-05-17T19:53:50+08:00 ] 127.0.0.1 /deshang/trunk/index.php?g=user&m=index&a=is_login
INFO: [ app_begin ] --START--
INFO: Run Behavior\ReadHtmlCacheBehavior [ RunTime:0.003265s ]
INFO: Run Behavior\CheckLangBehavior [ RunTime:0.002306s ]
INFO: [ app_begin ] --END-- [ RunTime:0.007028s ]
NOTIC: [8] Undefined index: url F:\wamp\www\deshang\trunk\application\Common\Controller\AppframeController.class.php 第 24 行.

[ 2016-05-17T19:53:53+08:00 ] 127.0.0.1 /deshang/trunk/index.php?g=user&m=index&a=is_login
INFO: [ app_begin ] --START--
INFO: Run Behavior\ReadHtmlCacheBehavior [ RunTime:0.000976s ]
INFO: Run Behavior\CheckLangBehavior [ RunTime:0.002065s ]
INFO: [ app_begin ] --END-- [ RunTime:0.004132s ]
NOTIC: [8] Undefined index: url F:\wamp\www\deshang\trunk\application\Common\Controller\AppframeController.class.php 第 24 行.

[ 2016-05-17T19:55:20+08:00 ] 127.0.0.1 /deshang/trunk/index.php?g=user&m=index&a=is_login
INFO: [ app_begin ] --START--
INFO: Run Behavior\ReadHtmlCacheBehavior [ RunTime:0.001056s ]
INFO: Run Behavior\CheckLangBehavior [ RunTime:0.001538s ]
INFO: [ app_begin ] --END-- [ RunTime:0.003702s ]
NOTIC: [8] Undefined index: url F:\wamp\www\deshang\trunk\application\Common\Controller\AppframeController.class.php 第 24 行.

[ 2016-05-17T19:55:33+08:00 ] 127.0.0.1 /deshang/trunk/index.php?g=user&m=index&a=is_login
INFO: [ app_begin ] --START--
INFO: Run Behavior\ReadHtmlCacheBehavior [ RunTime:0.001011s ]
INFO: Run Behavior\CheckLangBehavior [ RunTime:0.001636s ]
INFO: [ app_begin ] --END-- [ RunTime:0.003832s ]
NOTIC: [8] Undefined index: url F:\wamp\www\deshang\trunk\application\Common\Controller\AppframeController.class.php 第 24 行.

[ 2016-05-17T19:55:50+08:00 ] 127.0.0.1 /deshang/trunk/index.php?g=user&m=index&a=is_login
INFO: [ app_begin ] --START--
INFO: Run Behavior\ReadHtmlCacheBehavior [ RunTime:0.001028s ]
INFO: Run Behavior\CheckLangBehavior [ RunTime:0.001816s ]
INFO: [ app_begin ] --END-- [ RunTime:0.003917s ]
NOTIC: [8] Undefined index: url F:\wamp\www\deshang\trunk\application\Common\Controller\AppframeController.class.php 第 24 行.

[ 2016-05-17T19:57:36+08:00 ] 127.0.0.1 /deshang/trunk/index.php?g=user&m=index&a=is_login
INFO: [ app_begin ] --START--
INFO: Run Behavior\ReadHtmlCacheBehavior [ RunTime:0.001262s ]
INFO: Run Behavior\CheckLangBehavior [ RunTime:0.002042s ]
INFO: [ app_begin ] --END-- [ RunTime:0.004790s ]
NOTIC: [8] Undefined index: url F:\wamp\www\deshang\trunk\application\Common\Controller\AppframeController.class.php 第 24 行.

[ 2016-05-17T19:57:39+08:00 ] 127.0.0.1 /deshang/trunk/index.php?g=user&m=index&a=is_login
INFO: [ app_begin ] --START--
INFO: Run Behavior\ReadHtmlCacheBehavior [ RunTime:0.001225s ]
INFO: Run Behavior\CheckLangBehavior [ RunTime:0.002116s ]
INFO: [ app_begin ] --END-- [ RunTime:0.004692s ]
NOTIC: [8] Undefined index: url F:\wamp\www\deshang\trunk\application\Common\Controller\AppframeController.class.php 第 24 行.

[ 2016-05-17T19:57:49+08:00 ] 127.0.0.1 /deshang/trunk/index.php?g=user&m=index&a=is_login
INFO: [ app_begin ] --START--
INFO: Run Behavior\ReadHtmlCacheBehavior [ RunTime:0.001284s ]
INFO: Run Behavior\CheckLangBehavior [ RunTime:0.001888s ]
INFO: [ app_begin ] --END-- [ RunTime:0.004429s ]
NOTIC: [8] Undefined index: url F:\wamp\www\deshang\trunk\application\Common\Controller\AppframeController.class.php 第 24 行.

[ 2016-05-17T19:57:51+08:00 ] 127.0.0.1 /deshang/trunk/index.php?g=user&m=index&a=is_login
INFO: [ app_begin ] --START--
INFO: Run Behavior\ReadHtmlCacheBehavior [ RunTime:0.000941s ]
INFO: Run Behavior\CheckLangBehavior [ RunTime:0.001502s ]
INFO: [ app_begin ] --END-- [ RunTime:0.003457s ]
NOTIC: [8] Undefined index: url F:\wamp\www\deshang\trunk\application\Common\Controller\AppframeController.class.php 第 24 行.

[ 2016-05-17T19:57:56+08:00 ] 127.0.0.1 /deshang/trunk/index.php?g=user&m=index&a=is_login
INFO: [ app_begin ] --START--
INFO: Run Behavior\ReadHtmlCacheBehavior [ RunTime:0.001138s ]
INFO: Run Behavior\CheckLangBehavior [ RunTime:0.002142s ]
INFO: [ app_begin ] --END-- [ RunTime:0.004681s ]
NOTIC: [8] Undefined index: url F:\wamp\www\deshang\trunk\application\Common\Controller\AppframeController.class.php 第 24 行.

[ 2016-05-17T19:58:10+08:00 ] 127.0.0.1 /deshang/trunk/index.php?g=user&m=index&a=is_login
INFO: [ app_begin ] --START--
INFO: Run Behavior\ReadHtmlCacheBehavior [ RunTime:0.001123s ]
INFO: Run Behavior\CheckLangBehavior [ RunTime:0.003171s ]
INFO: [ app_begin ] --END-- [ RunTime:0.005902s ]
NOTIC: [8] Undefined index: url F:\wamp\www\deshang\trunk\application\Common\Controller\AppframeController.class.php 第 24 行.

[ 2016-05-17T20:01:18+08:00 ] 127.0.0.1 /deshang/trunk/index.php?g=user&m=index&a=is_login
INFO: [ app_begin ] --START--
INFO: Run Behavior\ReadHtmlCacheBehavior [ RunTime:0.001658s ]
INFO: Run Behavior\CheckLangBehavior [ RunTime:0.003886s ]
INFO: [ app_begin ] --END-- [ RunTime:0.007222s ]
NOTIC: [8] Undefined index: url F:\wamp\www\deshang\trunk\application\Common\Controller\AppframeController.class.php 第 24 行.

[ 2016-05-17T20:01:37+08:00 ] 127.0.0.1 /deshang/trunk/index.php?g=user&m=index&a=is_login
INFO: [ app_begin ] --START--
INFO: Run Behavior\ReadHtmlCacheBehavior [ RunTime:0.002051s ]
INFO: Run Behavior\CheckLangBehavior [ RunTime:0.019806s ]
INFO: [ app_begin ] --END-- [ RunTime:0.023140s ]
NOTIC: [8] Undefined index: url F:\wamp\www\deshang\trunk\application\Common\Controller\AppframeController.class.php 第 24 行.

[ 2016-05-17T20:01:42+08:00 ] 127.0.0.1 /deshang/trunk/index.php?g=user&m=index&a=is_login
INFO: [ app_begin ] --START--
INFO: Run Behavior\ReadHtmlCacheBehavior [ RunTime:0.001187s ]
INFO: Run Behavior\CheckLangBehavior [ RunTime:0.001562s ]
INFO: [ app_begin ] --END-- [ RunTime:0.009786s ]
NOTIC: [8] Undefined index: url F:\wamp\www\deshang\trunk\application\Common\Controller\AppframeController.class.php 第 24 行.

[ 2016-05-17T20:03:53+08:00 ] 127.0.0.1 /deshang/trunk/index.php?g=user&m=index&a=is_login
INFO: [ app_begin ] --START--
INFO: Run Behavior\ReadHtmlCacheBehavior [ RunTime:0.001548s ]
INFO: Run Behavior\CheckLangBehavior [ RunTime:0.002538s ]
INFO: [ app_begin ] --END-- [ RunTime:0.005601s ]
NOTIC: [8] Undefined index: url F:\wamp\www\deshang\trunk\application\Common\Controller\AppframeController.class.php 第 24 行.

[ 2016-05-17T20:03:56+08:00 ] 127.0.0.1 /deshang/trunk/index.php?g=user&m=index&a=is_login
INFO: [ app_begin ] --START--
INFO: Run Behavior\ReadHtmlCacheBehavior [ RunTime:0.001420s ]
INFO: Run Behavior\CheckLangBehavior [ RunTime:0.002647s ]
INFO: [ app_begin ] --END-- [ RunTime:0.005367s ]
NOTIC: [8] Undefined index: url F:\wamp\www\deshang\trunk\application\Common\Controller\AppframeController.class.php 第 24 行.

[ 2016-05-17T20:06:13+08:00 ] 127.0.0.1 /deshang/trunk/index.php?g=user&m=index&a=is_login
INFO: [ app_begin ] --START--
INFO: Run Behavior\ReadHtmlCacheBehavior [ RunTime:0.000945s ]
INFO: Run Behavior\CheckLangBehavior [ RunTime:0.001506s ]
INFO: [ app_begin ] --END-- [ RunTime:0.003434s ]
NOTIC: [8] Undefined index: url F:\wamp\www\deshang\trunk\application\Common\Controller\AppframeController.class.php 第 24 行.

[ 2016-05-17T20:06:14+08:00 ] 127.0.0.1 /deshang/trunk/index.php?g=user&m=index&a=is_login
INFO: [ app_begin ] --START--
INFO: Run Behavior\ReadHtmlCacheBehavior [ RunTime:0.001709s ]
INFO: Run Behavior\CheckLangBehavior [ RunTime:0.002549s ]
INFO: [ app_begin ] --END-- [ RunTime:0.005721s ]
NOTIC: [8] Undefined index: url F:\wamp\www\deshang\trunk\application\Common\Controller\AppframeController.class.php 第 24 行.

[ 2016-05-17T20:09:42+08:00 ] 127.0.0.1 /deshang/trunk/index.php?g=user&m=index&a=is_login
INFO: [ app_begin ] --START--
INFO: Run Behavior\ReadHtmlCacheBehavior [ RunTime:0.001287s ]
INFO: Run Behavior\CheckLangBehavior [ RunTime:0.002359s ]
INFO: [ app_begin ] --END-- [ RunTime:0.005030s ]
NOTIC: [8] Undefined index: url F:\wamp\www\deshang\trunk\application\Common\Controller\AppframeController.class.php 第 24 行.

[ 2016-05-17T20:09:47+08:00 ] 127.0.0.1 /deshang/trunk/index.php?g=user&m=index&a=is_login
INFO: [ app_begin ] --START--
INFO: Run Behavior\ReadHtmlCacheBehavior [ RunTime:0.002647s ]
INFO: Run Behavior\CheckLangBehavior [ RunTime:0.002443s ]
INFO: [ app_begin ] --END-- [ RunTime:0.007736s ]
NOTIC: [8] Undefined index: url F:\wamp\www\deshang\trunk\application\Common\Controller\AppframeController.class.php 第 24 行.

[ 2016-05-17T20:13:03+08:00 ] 127.0.0.1 /deshang/trunk/index.php?g=user&m=index&a=is_login
INFO: [ app_begin ] --START--
INFO: Run Behavior\ReadHtmlCacheBehavior [ RunTime:0.001169s ]
INFO: Run Behavior\CheckLangBehavior [ RunTime:0.003343s ]
INFO: [ app_begin ] --END-- [ RunTime:0.006089s ]
NOTIC: [8] Undefined index: url F:\wamp\www\deshang\trunk\application\Common\Controller\AppframeController.class.php 第 24 行.

[ 2016-05-17T20:13:46+08:00 ] 127.0.0.1 /deshang/trunk/index.php?g=user&m=index&a=is_login
INFO: [ app_begin ] --START--
INFO: Run Behavior\ReadHtmlCacheBehavior [ RunTime:0.000999s ]
INFO: Run Behavior\CheckLangBehavior [ RunTime:0.001519s ]
INFO: [ app_begin ] --END-- [ RunTime:0.003856s ]
NOTIC: [8] Undefined index: url F:\wamp\www\deshang\trunk\application\Common\Controller\AppframeController.class.php 第 24 行.

[ 2016-05-17T20:16:59+08:00 ] 127.0.0.1 /deshang/trunk/index.php?g=user&m=index&a=is_login
INFO: [ app_begin ] --START--
INFO: Run Behavior\ReadHtmlCacheBehavior [ RunTime:0.001452s ]
INFO: Run Behavior\CheckLangBehavior [ RunTime:0.002135s ]
INFO: [ app_begin ] --END-- [ RunTime:0.005865s ]
NOTIC: [8] Undefined index: url F:\wamp\www\deshang\trunk\application\Common\Controller\AppframeController.class.php 第 24 行.

[ 2016-05-17T20:20:19+08:00 ] 127.0.0.1 /deshang/trunk/index.php?g=user&m=index&a=is_login
INFO: [ app_begin ] --START--
INFO: Run Behavior\ReadHtmlCacheBehavior [ RunTime:0.000941s ]
INFO: Run Behavior\CheckLangBehavior [ RunTime:0.001531s ]
INFO: [ app_begin ] --END-- [ RunTime:0.003450s ]
NOTIC: [8] Undefined index: url F:\wamp\www\deshang\trunk\application\Common\Controller\AppframeController.class.php 第 24 行.

[ 2016-05-17T20:20:20+08:00 ] 127.0.0.1 /deshang/trunk/index.php?g=user&m=index&a=is_login
INFO: [ app_begin ] --START--
INFO: Run Behavior\ReadHtmlCacheBehavior [ RunTime:0.001154s ]
INFO: Run Behavior\CheckLangBehavior [ RunTime:0.001785s ]
INFO: [ app_begin ] --END-- [ RunTime:0.004714s ]
NOTIC: [8] Undefined index: url F:\wamp\www\deshang\trunk\application\Common\Controller\AppframeController.class.php 第 24 行.

[ 2016-05-17T20:20:58+08:00 ] 127.0.0.1 /deshang/trunk/index.php?g=user&m=index&a=is_login
INFO: [ app_begin ] --START--
INFO: Run Behavior\ReadHtmlCacheBehavior [ RunTime:0.001070s ]
INFO: Run Behavior\CheckLangBehavior [ RunTime:0.002225s ]
INFO: [ app_begin ] --END-- [ RunTime:0.004386s ]
NOTIC: [8] Undefined index: url F:\wamp\www\deshang\trunk\application\Common\Controller\AppframeController.class.php 第 24 行.

[ 2016-05-17T20:22:44+08:00 ] 127.0.0.1 /deshang/trunk/index.php?g=user&m=index&a=is_login
INFO: [ app_begin ] --START--
INFO: Run Behavior\ReadHtmlCacheBehavior [ RunTime:0.000956s ]
INFO: Run Behavior\CheckLangBehavior [ RunTime:0.001842s ]
INFO: [ app_begin ] --END-- [ RunTime:0.003968s ]
NOTIC: [8] Undefined index: url F:\wamp\www\deshang\trunk\application\Common\Controller\AppframeController.class.php 第 24 行.

[ 2016-05-17T20:27:26+08:00 ] 127.0.0.1 /deshang/trunk/index.php?g=user&m=index&a=is_login
INFO: [ app_begin ] --START--
INFO: Run Behavior\ReadHtmlCacheBehavior [ RunTime:0.000999s ]
INFO: Run Behavior\CheckLangBehavior [ RunTime:0.001534s ]
INFO: [ app_begin ] --END-- [ RunTime:0.003581s ]
NOTIC: [8] Undefined index: url F:\wamp\www\deshang\trunk\application\Common\Controller\AppframeController.class.php 第 24 行.

[ 2016-05-17T20:29:17+08:00 ] 127.0.0.1 /deshang/trunk/index.php?g=user&m=index&a=is_login
INFO: [ app_begin ] --START--
INFO: Run Behavior\ReadHtmlCacheBehavior [ RunTime:0.001007s ]
INFO: Run Behavior\CheckLangBehavior [ RunTime:0.001538s ]
INFO: [ app_begin ] --END-- [ RunTime:0.003544s ]
NOTIC: [8] Undefined index: url F:\wamp\www\deshang\trunk\application\Common\Controller\AppframeController.class.php 第 24 行.

[ 2016-05-17T20:30:39+08:00 ] 127.0.0.1 /deshang/trunk/index.php?g=user&m=index&a=is_login
INFO: [ app_begin ] --START--
INFO: Run Behavior\ReadHtmlCacheBehavior [ RunTime:0.000943s ]
INFO: Run Behavior\CheckLangBehavior [ RunTime:0.001476s ]
INFO: [ app_begin ] --END-- [ RunTime:0.003414s ]
NOTIC: [8] Undefined index: url F:\wamp\www\deshang\trunk\application\Common\Controller\AppframeController.class.php 第 24 行.

[ 2016-05-17T20:31:23+08:00 ] 127.0.0.1 /deshang/trunk/index.php?g=user&m=index&a=is_login
INFO: [ app_begin ] --START--
INFO: Run Behavior\ReadHtmlCacheBehavior [ RunTime:0.001498s ]
INFO: Run Behavior\CheckLangBehavior [ RunTime:0.001821s ]
INFO: [ app_begin ] --END-- [ RunTime:0.005020s ]
NOTIC: [8] Undefined index: url F:\wamp\www\deshang\trunk\application\Common\Controller\AppframeController.class.php 第 24 行.

[ 2016-05-17T20:38:01+08:00 ] 127.0.0.1 /deshang/trunk/index.php?g=user&m=index&a=is_login
INFO: [ app_begin ] --START--
INFO: Run Behavior\ReadHtmlCacheBehavior [ RunTime:0.000925s ]
INFO: Run Behavior\CheckLangBehavior [ RunTime:0.001943s ]
INFO: [ app_begin ] --END-- [ RunTime:0.003867s ]
NOTIC: [8] Undefined index: url F:\wamp\www\deshang\trunk\application\Common\Controller\AppframeController.class.php 第 24 行.

[ 2016-05-17T20:41:39+08:00 ] 127.0.0.1 /deshang/trunk/index.php?g=user&m=index&a=is_login
INFO: [ app_begin ] --START--
INFO: Run Behavior\ReadHtmlCacheBehavior [ RunTime:0.001252s ]
INFO: Run Behavior\CheckLangBehavior [ RunTime:0.002015s ]
INFO: [ app_begin ] --END-- [ RunTime:0.004783s ]
NOTIC: [8] Undefined index: url F:\wamp\www\deshang\trunk\application\Common\Controller\AppframeController.class.php 第 24 行.

[ 2016-05-17T20:44:59+08:00 ] 127.0.0.1 /deshang/trunk/index.php?g=user&m=index&a=is_login
INFO: [ app_begin ] --START--
INFO: Run Behavior\ReadHtmlCacheBehavior [ RunTime:0.000937s ]
INFO: Run Behavior\CheckLangBehavior [ RunTime:0.002469s ]
INFO: [ app_begin ] --END-- [ RunTime:0.004411s ]
NOTIC: [8] Undefined index: url F:\wamp\www\deshang\trunk\application\Common\Controller\AppframeController.class.php 第 24 行.

[ 2016-05-17T20:46:54+08:00 ] 127.0.0.1 /deshang/trunk/index.php?g=user&m=index&a=is_login
INFO: [ app_begin ] --START--
INFO: Run Behavior\ReadHtmlCacheBehavior [ RunTime:0.000753s ]
INFO: Run Behavior\CheckLangBehavior [ RunTime:0.001301s ]
INFO: [ app_begin ] --END-- [ RunTime:0.002843s ]
NOTIC: [8] Undefined index: url F:\wamp\www\deshang\trunk\application\Common\Controller\AppframeController.class.php 第 24 行.

[ 2016-05-17T20:49:25+08:00 ] 127.0.0.1 /deshang/trunk/index.php?g=user&m=index&a=is_login
INFO: [ app_begin ] --START--
INFO: Run Behavior\ReadHtmlCacheBehavior [ RunTime:0.000975s ]
INFO: Run Behavior\CheckLangBehavior [ RunTime:0.002094s ]
INFO: [ app_begin ] --END-- [ RunTime:0.004199s ]
NOTIC: [8] Undefined index: url F:\wamp\www\deshang\trunk\application\Common\Controller\AppframeController.class.php 第 24 行.

[ 2016-05-17T20:49:26+08:00 ] 127.0.0.1 /deshang/trunk/index.php?g=user&m=index&a=is_login
INFO: [ app_begin ] --START--
INFO: Run Behavior\ReadHtmlCacheBehavior [ RunTime:0.001941s ]
INFO: Run Behavior\CheckLangBehavior [ RunTime:0.001888s ]
INFO: [ app_begin ] --END-- [ RunTime:0.005048s ]
NOTIC: [8] Undefined index: url F:\wamp\www\deshang\trunk\application\Common\Controller\AppframeController.class.php 第 24 行.

[ 2016-05-17T20:49:41+08:00 ] 127.0.0.1 /deshang/trunk/index.php?g=user&m=index&a=is_login
INFO: [ app_begin ] --START--
INFO: Run Behavior\ReadHtmlCacheBehavior [ RunTime:0.000949s ]
INFO: Run Behavior\CheckLangBehavior [ RunTime:0.001514s ]
INFO: [ app_begin ] --END-- [ RunTime:0.003499s ]
NOTIC: [8] Undefined index: url F:\wamp\www\deshang\trunk\application\Common\Controller\AppframeController.class.php 第 24 行.

[ 2016-05-17T20:49:51+08:00 ] 127.0.0.1 /deshang/trunk/index.php?g=user&m=index&a=is_login
INFO: [ app_begin ] --START--
INFO: Run Behavior\ReadHtmlCacheBehavior [ RunTime:0.001136s ]
INFO: Run Behavior\CheckLangBehavior [ RunTime:0.003009s ]
INFO: [ app_begin ] --END-- [ RunTime:0.005390s ]
NOTIC: [8] Undefined index: url F:\wamp\www\deshang\trunk\application\Common\Controller\AppframeController.class.php 第 24 行.

[ 2016-05-17T20:50:51+08:00 ] 127.0.0.1 /deshang/trunk/index.php?g=user&m=index&a=is_login
INFO: [ app_begin ] --START--
INFO: Run Behavior\ReadHtmlCacheBehavior [ RunTime:0.001345s ]
INFO: Run Behavior\CheckLangBehavior [ RunTime:0.002128s ]
INFO: [ app_begin ] --END-- [ RunTime:0.004990s ]
NOTIC: [8] Undefined index: url F:\wamp\www\deshang\trunk\application\Common\Controller\AppframeController.class.php 第 24 行.

[ 2016-05-17T20:51:33+08:00 ] 127.0.0.1 /deshang/trunk/index.php?g=user&m=index&a=is_login
INFO: [ app_begin ] --START--
INFO: Run Behavior\ReadHtmlCacheBehavior [ RunTime:0.000954s ]
INFO: Run Behavior\CheckLangBehavior [ RunTime:0.002670s ]
INFO: [ app_begin ] --END-- [ RunTime:0.004740s ]
NOTIC: [8] Undefined index: url F:\wamp\www\deshang\trunk\application\Common\Controller\AppframeController.class.php 第 24 行.

[ 2016-05-17T20:51:42+08:00 ] 127.0.0.1 /deshang/trunk/index.php?g=user&m=index&a=is_login
INFO: [ app_begin ] --START--
INFO: Run Behavior\ReadHtmlCacheBehavior [ RunTime:0.003453s ]
INFO: Run Behavior\CheckLangBehavior [ RunTime:0.002628s ]
INFO: [ app_begin ] --END-- [ RunTime:0.008465s ]
NOTIC: [8] Undefined index: url F:\wamp\www\deshang\trunk\application\Common\Controller\AppframeController.class.php 第 24 行.

