[ 2016-05-31T19:01:45+08:00 ] 127.0.0.1 /deshang/trunk/index.php?g=user&m=index&a=is_login
INFO: [ app_begin ] --START--
INFO: Run Behavior\ReadHtmlCacheBehavior [ RunTime:0.000956s ]
INFO: Run Behavior\CheckLangBehavior [ RunTime:0.001781s ]
INFO: [ app_begin ] --END-- [ RunTime:0.003732s ]
NOTIC: [8] Undefined index: url F:\wamp\www\deshang\trunk\application\Common\Controller\AppframeController.class.php 第 24 行.

[ 2016-05-31T19:25:41+08:00 ] 127.0.0.1 /deshang/trunk/index.php?g=user&m=index&a=is_login
INFO: [ app_begin ] --START--
INFO: Run Behavior\ReadHtmlCacheBehavior [ RunTime:0.001103s ]
INFO: Run Behavior\CheckLangBehavior [ RunTime:0.001757s ]
INFO: [ app_begin ] --END-- [ RunTime:0.004073s ]
NOTIC: [8] Undefined index: url F:\wamp\www\deshang\trunk\application\Common\Controller\AppframeController.class.php 第 24 行.

[ 2016-05-31T19:36:54+08:00 ] 127.0.0.1 /deshang/trunk/index.php?g=user&m=index&a=is_login
INFO: [ app_begin ] --START--
INFO: Run Behavior\ReadHtmlCacheBehavior [ RunTime:0.000997s ]
INFO: Run Behavior\CheckLangBehavior [ RunTime:0.004413s ]
INFO: [ app_begin ] --END-- [ RunTime:0.006446s ]
NOTIC: [8] Undefined index: url F:\wamp\www\deshang\trunk\application\Common\Controller\AppframeController.class.php 第 24 行.

[ 2016-05-31T19:38:09+08:00 ] 127.0.0.1 /deshang/trunk/index.php?g=user&m=index&a=is_login
INFO: [ app_begin ] --START--
INFO: Run Behavior\ReadHtmlCacheBehavior [ RunTime:0.001347s ]
INFO: Run Behavior\CheckLangBehavior [ RunTime:0.004593s ]
INFO: [ app_begin ] --END-- [ RunTime:0.007426s ]
NOTIC: [8] Undefined index: url F:\wamp\www\deshang\trunk\application\Common\Controller\AppframeController.class.php 第 24 行.

[ 2016-05-31T19:38:27+08:00 ] 127.0.0.1 /deshang/trunk/index.php?g=user&m=index&a=is_login
INFO: [ app_begin ] --START--
INFO: Run Behavior\ReadHtmlCacheBehavior [ RunTime:0.001203s ]
INFO: Run Behavior\CheckLangBehavior [ RunTime:0.003933s ]
INFO: [ app_begin ] --END-- [ RunTime:0.007086s ]
NOTIC: [8] Undefined index: url F:\wamp\www\deshang\trunk\application\Common\Controller\AppframeController.class.php 第 24 行.

[ 2016-05-31T19:40:28+08:00 ] 127.0.0.1 /deshang/trunk/index.php?g=user&m=index&a=is_login
INFO: [ app_begin ] --START--
INFO: Run Behavior\ReadHtmlCacheBehavior [ RunTime:0.003213s ]
INFO: Run Behavior\CheckLangBehavior [ RunTime:0.003013s ]
INFO: [ app_begin ] --END-- [ RunTime:0.007945s ]
NOTIC: [8] Undefined index: url F:\wamp\www\deshang\trunk\application\Common\Controller\AppframeController.class.php 第 24 行.

[ 2016-05-31T19:40:31+08:00 ] 127.0.0.1 /deshang/trunk/index.php?g=user&m=index&a=is_login
INFO: [ app_begin ] --START--
INFO: Run Behavior\ReadHtmlCacheBehavior [ RunTime:0.002066s ]
INFO: Run Behavior\CheckLangBehavior [ RunTime:0.002836s ]
INFO: [ app_begin ] --END-- [ RunTime:0.006488s ]
NOTIC: [8] Undefined index: url F:\wamp\www\deshang\trunk\application\Common\Controller\AppframeController.class.php 第 24 行.

[ 2016-05-31T19:43:47+08:00 ] 127.0.0.1 /deshang/trunk/index.php?g=user&m=index&a=is_login
INFO: [ app_begin ] --START--
INFO: Run Behavior\ReadHtmlCacheBehavior [ RunTime:0.001634s ]
INFO: Run Behavior\CheckLangBehavior [ RunTime:0.002636s ]
INFO: [ app_begin ] --END-- [ RunTime:0.006948s ]
NOTIC: [8] Undefined index: url F:\wamp\www\deshang\trunk\application\Common\Controller\AppframeController.class.php 第 24 行.

[ 2016-05-31T19:45:21+08:00 ] 127.0.0.1 /deshang/trunk/index.php?g=user&m=index&a=is_login
INFO: [ app_begin ] --START--
INFO: Run Behavior\ReadHtmlCacheBehavior [ RunTime:0.002252s ]
INFO: Run Behavior\CheckLangBehavior [ RunTime:0.003115s ]
INFO: [ app_begin ] --END-- [ RunTime:0.007233s ]
NOTIC: [8] Undefined index: url F:\wamp\www\deshang\trunk\application\Common\Controller\AppframeController.class.php 第 24 行.

[ 2016-05-31T19:52:04+08:00 ] 127.0.0.1 /deshang/trunk/index.php?g=user&m=index&a=is_login
INFO: [ app_begin ] --START--
INFO: Run Behavior\ReadHtmlCacheBehavior [ RunTime:0.001969s ]
INFO: Run Behavior\CheckLangBehavior [ RunTime:0.005698s ]
INFO: [ app_begin ] --END-- [ RunTime:0.009396s ]
NOTIC: [8] Undefined index: url F:\wamp\www\deshang\trunk\application\Common\Controller\AppframeController.class.php 第 24 行.

[ 2016-05-31T19:52:08+08:00 ] 127.0.0.1 /deshang/trunk/index.php?g=user&m=index&a=is_login
INFO: [ app_begin ] --START--
INFO: Run Behavior\ReadHtmlCacheBehavior [ RunTime:0.001933s ]
INFO: Run Behavior\CheckLangBehavior [ RunTime:0.002077s ]
INFO: [ app_begin ] --END-- [ RunTime:0.005269s ]
NOTIC: [8] Undefined index: url F:\wamp\www\deshang\trunk\application\Common\Controller\AppframeController.class.php 第 24 行.

[ 2016-05-31T19:52:18+08:00 ] 127.0.0.1 /deshang/trunk/index.php?g=user&m=index&a=is_login
INFO: [ app_begin ] --START--
INFO: Run Behavior\ReadHtmlCacheBehavior [ RunTime:0.000965s ]
INFO: Run Behavior\CheckLangBehavior [ RunTime:0.002139s ]
INFO: [ app_begin ] --END-- [ RunTime:0.004156s ]
NOTIC: [8] Undefined index: url F:\wamp\www\deshang\trunk\application\Common\Controller\AppframeController.class.php 第 24 行.

[ 2016-05-31T20:09:16+08:00 ] 127.0.0.1 /deshang/trunk/index.php?g=user&m=index&a=is_login
INFO: [ app_begin ] --START--
INFO: Run Behavior\ReadHtmlCacheBehavior [ RunTime:0.000777s ]
INFO: Run Behavior\CheckLangBehavior [ RunTime:0.001461s ]
INFO: [ app_begin ] --END-- [ RunTime:0.003028s ]
NOTIC: [8] Undefined index: url F:\wamp\www\deshang\trunk\application\Common\Controller\AppframeController.class.php 第 24 行.

[ 2016-05-31T20:09:50+08:00 ] 127.0.0.1 /deshang/trunk/index.php?g=user&m=index&a=is_login
INFO: [ app_begin ] --START--
INFO: Run Behavior\ReadHtmlCacheBehavior [ RunTime:0.001318s ]
INFO: Run Behavior\CheckLangBehavior [ RunTime:0.002341s ]
INFO: [ app_begin ] --END-- [ RunTime:0.005312s ]
NOTIC: [8] Undefined index: url F:\wamp\www\deshang\trunk\application\Common\Controller\AppframeController.class.php 第 24 行.

[ 2016-05-31T20:10:13+08:00 ] 127.0.0.1 /deshang/trunk/index.php?g=user&m=index&a=is_login
INFO: [ app_begin ] --START--
INFO: Run Behavior\ReadHtmlCacheBehavior [ RunTime:0.000953s ]
INFO: Run Behavior\CheckLangBehavior [ RunTime:0.001728s ]
INFO: [ app_begin ] --END-- [ RunTime:0.003679s ]
NOTIC: [8] Undefined index: url F:\wamp\www\deshang\trunk\application\Common\Controller\AppframeController.class.php 第 24 行.

[ 2016-05-31T20:10:27+08:00 ] 127.0.0.1 /deshang/trunk/index.php?g=user&m=index&a=is_login
INFO: [ app_begin ] --START--
INFO: Run Behavior\ReadHtmlCacheBehavior [ RunTime:0.000978s ]
INFO: Run Behavior\CheckLangBehavior [ RunTime:0.001713s ]
INFO: [ app_begin ] --END-- [ RunTime:0.003670s ]
NOTIC: [8] Undefined index: url F:\wamp\www\deshang\trunk\application\Common\Controller\AppframeController.class.php 第 24 行.

[ 2016-05-31T20:10:50+08:00 ] 127.0.0.1 /deshang/trunk/index.php?g=user&m=index&a=is_login
INFO: [ app_begin ] --START--
INFO: Run Behavior\ReadHtmlCacheBehavior [ RunTime:0.002822s ]
INFO: Run Behavior\CheckLangBehavior [ RunTime:0.002124s ]
INFO: [ app_begin ] --END-- [ RunTime:0.006010s ]
NOTIC: [8] Undefined index: url F:\wamp\www\deshang\trunk\application\Common\Controller\AppframeController.class.php 第 24 行.

[ 2016-05-31T20:11:42+08:00 ] 127.0.0.1 /deshang/trunk/index.php?g=user&m=index&a=is_login
INFO: [ app_begin ] --START--
INFO: Run Behavior\ReadHtmlCacheBehavior [ RunTime:0.001773s ]
INFO: Run Behavior\CheckLangBehavior [ RunTime:0.001821s ]
INFO: [ app_begin ] --END-- [ RunTime:0.004645s ]
NOTIC: [8] Undefined index: url F:\wamp\www\deshang\trunk\application\Common\Controller\AppframeController.class.php 第 24 行.

[ 2016-05-31T20:12:30+08:00 ] 127.0.0.1 /deshang/trunk/index.php?g=user&m=index&a=is_login
INFO: [ app_begin ] --START--
INFO: Run Behavior\ReadHtmlCacheBehavior [ RunTime:0.001549s ]
INFO: Run Behavior\CheckLangBehavior [ RunTime:0.003644s ]
INFO: [ app_begin ] --END-- [ RunTime:0.007018s ]
NOTIC: [8] Undefined index: url F:\wamp\www\deshang\trunk\application\Common\Controller\AppframeController.class.php 第 24 行.

[ 2016-05-31T20:12:48+08:00 ] 127.0.0.1 /deshang/trunk/index.php?g=user&m=index&a=is_login
INFO: [ app_begin ] --START--
INFO: Run Behavior\ReadHtmlCacheBehavior [ RunTime:0.002780s ]
INFO: Run Behavior\CheckLangBehavior [ RunTime:0.002430s ]
INFO: [ app_begin ] --END-- [ RunTime:0.006309s ]
NOTIC: [8] Undefined index: url F:\wamp\www\deshang\trunk\application\Common\Controller\AppframeController.class.php 第 24 行.

[ 2016-05-31T20:14:20+08:00 ] 127.0.0.1 /deshang/trunk/index.php?g=user&m=index&a=is_login
INFO: [ app_begin ] --START--
INFO: Run Behavior\ReadHtmlCacheBehavior [ RunTime:0.000940s ]
INFO: Run Behavior\CheckLangBehavior [ RunTime:0.001768s ]
INFO: [ app_begin ] --END-- [ RunTime:0.003694s ]
NOTIC: [8] Undefined index: url F:\wamp\www\deshang\trunk\application\Common\Controller\AppframeController.class.php 第 24 行.

[ 2016-05-31T20:14:35+08:00 ] 127.0.0.1 /deshang/trunk/index.php?g=user&m=index&a=is_login
INFO: [ app_begin ] --START--
INFO: Run Behavior\ReadHtmlCacheBehavior [ RunTime:0.000825s ]
INFO: Run Behavior\CheckLangBehavior [ RunTime:0.001605s ]
INFO: [ app_begin ] --END-- [ RunTime:0.003278s ]
NOTIC: [8] Undefined index: url F:\wamp\www\deshang\trunk\application\Common\Controller\AppframeController.class.php 第 24 行.

[ 2016-05-31T20:15:06+08:00 ] 127.0.0.1 /deshang/trunk/index.php?g=user&m=index&a=is_login
INFO: [ app_begin ] --START--
INFO: Run Behavior\ReadHtmlCacheBehavior [ RunTime:0.002574s ]
INFO: Run Behavior\CheckLangBehavior [ RunTime:0.001972s ]
INFO: [ app_begin ] --END-- [ RunTime:0.005953s ]
NOTIC: [8] Undefined index: url F:\wamp\www\deshang\trunk\application\Common\Controller\AppframeController.class.php 第 24 行.

[ 2016-05-31T20:15:13+08:00 ] 127.0.0.1 /deshang/trunk/index.php?g=user&m=index&a=is_login
INFO: [ app_begin ] --START--
INFO: Run Behavior\ReadHtmlCacheBehavior [ RunTime:0.001311s ]
INFO: Run Behavior\CheckLangBehavior [ RunTime:0.002027s ]
INFO: [ app_begin ] --END-- [ RunTime:0.004445s ]
NOTIC: [8] Undefined index: url F:\wamp\www\deshang\trunk\application\Common\Controller\AppframeController.class.php 第 24 行.

[ 2016-05-31T20:15:48+08:00 ] 127.0.0.1 /deshang/trunk/index.php?g=user&m=index&a=is_login
INFO: [ app_begin ] --START--
INFO: Run Behavior\ReadHtmlCacheBehavior [ RunTime:0.001051s ]
INFO: Run Behavior\CheckLangBehavior [ RunTime:0.002300s ]
INFO: [ app_begin ] --END-- [ RunTime:0.004747s ]
NOTIC: [8] Undefined index: url F:\wamp\www\deshang\trunk\application\Common\Controller\AppframeController.class.php 第 24 行.

[ 2016-05-31T20:16:25+08:00 ] 127.0.0.1 /deshang/trunk/index.php?g=user&m=index&a=is_login
INFO: [ app_begin ] --START--
INFO: Run Behavior\ReadHtmlCacheBehavior [ RunTime:0.001527s ]
INFO: Run Behavior\CheckLangBehavior [ RunTime:0.002252s ]
INFO: [ app_begin ] --END-- [ RunTime:0.005869s ]
NOTIC: [8] Undefined index: url F:\wamp\www\deshang\trunk\application\Common\Controller\AppframeController.class.php 第 24 行.

[ 2016-05-31T20:31:06+08:00 ] 127.0.0.1 /deshang/trunk/index.php?g=user&m=index&a=is_login
INFO: [ app_begin ] --START--
INFO: Run Behavior\ReadHtmlCacheBehavior [ RunTime:0.001246s ]
INFO: Run Behavior\CheckLangBehavior [ RunTime:0.001843s ]
INFO: [ app_begin ] --END-- [ RunTime:0.004123s ]
NOTIC: [8] Undefined index: url F:\wamp\www\deshang\trunk\application\Common\Controller\AppframeController.class.php 第 24 行.

[ 2016-05-31T20:31:09+08:00 ] 127.0.0.1 /deshang/trunk/index.php?g=user&m=index&a=is_login
INFO: [ app_begin ] --START--
INFO: Run Behavior\ReadHtmlCacheBehavior [ RunTime:0.000991s ]
INFO: Run Behavior\CheckLangBehavior [ RunTime:0.001623s ]
INFO: [ app_begin ] --END-- [ RunTime:0.003699s ]
NOTIC: [8] Undefined index: url F:\wamp\www\deshang\trunk\application\Common\Controller\AppframeController.class.php 第 24 行.

[ 2016-05-31T20:31:24+08:00 ] 127.0.0.1 /deshang/trunk/index.php?g=user&m=index&a=is_login
INFO: [ app_begin ] --START--
INFO: Run Behavior\ReadHtmlCacheBehavior [ RunTime:0.001170s ]
INFO: Run Behavior\CheckLangBehavior [ RunTime:0.001826s ]
INFO: [ app_begin ] --END-- [ RunTime:0.004128s ]
NOTIC: [8] Undefined index: url F:\wamp\www\deshang\trunk\application\Common\Controller\AppframeController.class.php 第 24 行.

