[ 2016-05-23T18:37:04+08:00 ] 127.0.0.1 /deshang/trunk/index.php?g=user&m=index&a=is_login
INFO: [ app_begin ] --START--
INFO: Run Behavior\ReadHtmlCacheBehavior [ RunTime:0.001803s ]
INFO: Run Behavior\CheckLangBehavior [ RunTime:0.026721s ]
INFO: [ app_begin ] --END-- [ RunTime:0.029871s ]
NOTIC: [8] Undefined index: url F:\wamp\www\deshang\trunk\application\Common\Controller\AppframeController.class.php 第 24 行.

[ 2016-05-23T18:37:21+08:00 ] 127.0.0.1 /deshang/trunk/index.php?g=user&m=index&a=is_login
INFO: [ app_begin ] --START--
INFO: Run Behavior\ReadHtmlCacheBehavior [ RunTime:0.001451s ]
INFO: Run Behavior\CheckLangBehavior [ RunTime:0.002334s ]
INFO: [ app_begin ] --END-- [ RunTime:0.004730s ]
NOTIC: [8] Undefined index: url F:\wamp\www\deshang\trunk\application\Common\Controller\AppframeController.class.php 第 24 行.

[ 2016-05-23T18:37:50+08:00 ] 127.0.0.1 /deshang/trunk/index.php?g=user&m=index&a=is_login
INFO: [ app_begin ] --START--
INFO: Run Behavior\ReadHtmlCacheBehavior [ RunTime:0.002012s ]
INFO: Run Behavior\CheckLangBehavior [ RunTime:0.004279s ]
INFO: [ app_begin ] --END-- [ RunTime:0.007768s ]
NOTIC: [8] Undefined index: url F:\wamp\www\deshang\trunk\application\Common\Controller\AppframeController.class.php 第 24 行.

[ 2016-05-23T18:38:02+08:00 ] 127.0.0.1 /deshang/trunk/index.php?g=user&m=index&a=is_login
INFO: [ app_begin ] --START--
INFO: Run Behavior\ReadHtmlCacheBehavior [ RunTime:0.001939s ]
INFO: Run Behavior\CheckLangBehavior [ RunTime:0.003512s ]
INFO: [ app_begin ] --END-- [ RunTime:0.006539s ]
NOTIC: [8] Undefined index: url F:\wamp\www\deshang\trunk\application\Common\Controller\AppframeController.class.php 第 24 行.

[ 2016-05-23T18:38:17+08:00 ] 127.0.0.1 /deshang/trunk/index.php?g=user&m=index&a=is_login
INFO: [ app_begin ] --START--
INFO: Run Behavior\ReadHtmlCacheBehavior [ RunTime:0.001936s ]
INFO: Run Behavior\CheckLangBehavior [ RunTime:0.004305s ]
INFO: [ app_begin ] --END-- [ RunTime:0.007484s ]
NOTIC: [8] Undefined index: url F:\wamp\www\deshang\trunk\application\Common\Controller\AppframeController.class.php 第 24 行.

[ 2016-05-23T18:38:20+08:00 ] 127.0.0.1 /deshang/trunk/index.php?g=user&m=index&a=is_login
INFO: [ app_begin ] --START--
INFO: Run Behavior\ReadHtmlCacheBehavior [ RunTime:0.002003s ]
INFO: Run Behavior\CheckLangBehavior [ RunTime:0.003132s ]
INFO: [ app_begin ] --END-- [ RunTime:0.006201s ]
NOTIC: [8] Undefined index: url F:\wamp\www\deshang\trunk\application\Common\Controller\AppframeController.class.php 第 24 行.

[ 2016-05-23T18:39:00+08:00 ] 127.0.0.1 /deshang/trunk/index.php?g=user&m=index&a=is_login
INFO: [ app_begin ] --START--
INFO: Run Behavior\ReadHtmlCacheBehavior [ RunTime:0.001760s ]
INFO: Run Behavior\CheckLangBehavior [ RunTime:0.004988s ]
INFO: [ app_begin ] --END-- [ RunTime:0.007850s ]
NOTIC: [8] Undefined index: url F:\wamp\www\deshang\trunk\application\Common\Controller\AppframeController.class.php 第 24 行.

[ 2016-05-23T18:39:08+08:00 ] 127.0.0.1 /deshang/trunk/index.php?g=user&m=index&a=is_login
INFO: [ app_begin ] --START--
INFO: Run Behavior\ReadHtmlCacheBehavior [ RunTime:0.001840s ]
INFO: Run Behavior\CheckLangBehavior [ RunTime:0.004870s ]
INFO: [ app_begin ] --END-- [ RunTime:0.007995s ]
NOTIC: [8] Undefined index: url F:\wamp\www\deshang\trunk\application\Common\Controller\AppframeController.class.php 第 24 行.

[ 2016-05-23T18:39:20+08:00 ] 127.0.0.1 /deshang/trunk/index.php?g=user&m=index&a=is_login
INFO: [ app_begin ] --START--
INFO: Run Behavior\ReadHtmlCacheBehavior [ RunTime:0.001176s ]
INFO: Run Behavior\CheckLangBehavior [ RunTime:0.001819s ]
INFO: [ app_begin ] --END-- [ RunTime:0.004232s ]
NOTIC: [8] Undefined index: url F:\wamp\www\deshang\trunk\application\Common\Controller\AppframeController.class.php 第 24 行.

[ 2016-05-23T18:40:08+08:00 ] 127.0.0.1 /deshang/trunk/index.php?g=user&m=index&a=is_login
INFO: [ app_begin ] --START--
INFO: Run Behavior\ReadHtmlCacheBehavior [ RunTime:0.001288s ]
INFO: Run Behavior\CheckLangBehavior [ RunTime:0.001687s ]
INFO: [ app_begin ] --END-- [ RunTime:0.004686s ]
NOTIC: [8] Undefined index: url F:\wamp\www\deshang\trunk\application\Common\Controller\AppframeController.class.php 第 24 行.

[ 2016-05-23T18:40:12+08:00 ] 127.0.0.1 /deshang/trunk/index.php?g=user&m=index&a=is_login
INFO: [ app_begin ] --START--
INFO: Run Behavior\ReadHtmlCacheBehavior [ RunTime:0.001324s ]
INFO: Run Behavior\CheckLangBehavior [ RunTime:0.002094s ]
INFO: [ app_begin ] --END-- [ RunTime:0.004832s ]
NOTIC: [8] Undefined index: url F:\wamp\www\deshang\trunk\application\Common\Controller\AppframeController.class.php 第 24 行.

[ 2016-05-23T18:40:20+08:00 ] 127.0.0.1 /deshang/trunk/index.php?g=user&m=index&a=is_login
INFO: [ app_begin ] --START--
INFO: Run Behavior\ReadHtmlCacheBehavior [ RunTime:0.000953s ]
INFO: Run Behavior\CheckLangBehavior [ RunTime:0.001505s ]
INFO: [ app_begin ] --END-- [ RunTime:0.003900s ]
NOTIC: [8] Undefined index: url F:\wamp\www\deshang\trunk\application\Common\Controller\AppframeController.class.php 第 24 行.

[ 2016-05-23T18:43:53+08:00 ] 127.0.0.1 /deshang/trunk/index.php?g=user&m=index&a=is_login
INFO: [ app_begin ] --START--
INFO: Run Behavior\ReadHtmlCacheBehavior [ RunTime:0.000830s ]
INFO: Run Behavior\CheckLangBehavior [ RunTime:0.002042s ]
INFO: [ app_begin ] --END-- [ RunTime:0.003833s ]
NOTIC: [8] Undefined index: url F:\wamp\www\deshang\trunk\application\Common\Controller\AppframeController.class.php 第 24 行.

[ 2016-05-23T18:45:05+08:00 ] 127.0.0.1 /deshang/trunk/index.php?g=user&m=index&a=is_login
INFO: [ app_begin ] --START--
INFO: Run Behavior\ReadHtmlCacheBehavior [ RunTime:0.001731s ]
INFO: Run Behavior\CheckLangBehavior [ RunTime:0.004290s ]
INFO: [ app_begin ] --END-- [ RunTime:0.007036s ]
NOTIC: [8] Undefined index: url F:\wamp\www\deshang\trunk\application\Common\Controller\AppframeController.class.php 第 24 行.

[ 2016-05-23T18:46:04+08:00 ] 127.0.0.1 /deshang/trunk/index.php?g=user&m=index&a=is_login
INFO: [ app_begin ] --START--
INFO: Run Behavior\ReadHtmlCacheBehavior [ RunTime:0.003194s ]
INFO: Run Behavior\CheckLangBehavior [ RunTime:0.003291s ]
INFO: [ app_begin ] --END-- [ RunTime:0.007968s ]
NOTIC: [8] Undefined index: url F:\wamp\www\deshang\trunk\application\Common\Controller\AppframeController.class.php 第 24 行.

[ 2016-05-23T18:47:07+08:00 ] 127.0.0.1 /deshang/trunk/index.php?g=user&m=index&a=is_login
INFO: [ app_begin ] --START--
INFO: Run Behavior\ReadHtmlCacheBehavior [ RunTime:0.001879s ]
INFO: Run Behavior\CheckLangBehavior [ RunTime:0.003570s ]
INFO: [ app_begin ] --END-- [ RunTime:0.006666s ]
NOTIC: [8] Undefined index: url F:\wamp\www\deshang\trunk\application\Common\Controller\AppframeController.class.php 第 24 行.

[ 2016-05-23T18:48:10+08:00 ] 127.0.0.1 /deshang/trunk/index.php?g=user&m=index&a=is_login
INFO: [ app_begin ] --START--
INFO: Run Behavior\ReadHtmlCacheBehavior [ RunTime:0.001166s ]
INFO: Run Behavior\CheckLangBehavior [ RunTime:0.001779s ]
INFO: [ app_begin ] --END-- [ RunTime:0.003930s ]
NOTIC: [8] Undefined index: url F:\wamp\www\deshang\trunk\application\Common\Controller\AppframeController.class.php 第 24 行.

[ 2016-05-23T18:54:02+08:00 ] 127.0.0.1 /deshang/trunk/index.php?g=user&m=index&a=is_login
INFO: [ app_begin ] --START--
INFO: Run Behavior\ReadHtmlCacheBehavior [ RunTime:0.002613s ]
INFO: Run Behavior\CheckLangBehavior [ RunTime:0.003264s ]
INFO: [ app_begin ] --END-- [ RunTime:0.007492s ]
NOTIC: [8] Undefined index: url F:\wamp\www\deshang\trunk\application\Common\Controller\AppframeController.class.php 第 24 行.

[ 2016-05-23T19:00:06+08:00 ] 127.0.0.1 /deshang/trunk/index.php?g=user&m=index&a=is_login
INFO: [ app_begin ] --START--
INFO: Run Behavior\ReadHtmlCacheBehavior [ RunTime:0.001899s ]
INFO: Run Behavior\CheckLangBehavior [ RunTime:0.002862s ]
INFO: [ app_begin ] --END-- [ RunTime:0.006689s ]
NOTIC: [8] Undefined index: url F:\wamp\www\deshang\trunk\application\Common\Controller\AppframeController.class.php 第 24 行.

[ 2016-05-23T19:01:02+08:00 ] 127.0.0.1 /deshang/trunk/index.php?g=user&m=index&a=is_login
INFO: [ app_begin ] --START--
INFO: Run Behavior\ReadHtmlCacheBehavior [ RunTime:0.001966s ]
INFO: Run Behavior\CheckLangBehavior [ RunTime:0.002740s ]
INFO: [ app_begin ] --END-- [ RunTime:0.006213s ]
NOTIC: [8] Undefined index: url F:\wamp\www\deshang\trunk\application\Common\Controller\AppframeController.class.php 第 24 行.

[ 2016-05-23T19:01:15+08:00 ] 127.0.0.1 /deshang/trunk/index.php?g=user&m=index&a=is_login
INFO: [ app_begin ] --START--
INFO: Run Behavior\ReadHtmlCacheBehavior [ RunTime:0.001818s ]
INFO: Run Behavior\CheckLangBehavior [ RunTime:0.002260s ]
INFO: [ app_begin ] --END-- [ RunTime:0.005936s ]
NOTIC: [8] Undefined index: url F:\wamp\www\deshang\trunk\application\Common\Controller\AppframeController.class.php 第 24 行.

[ 2016-05-23T19:01:28+08:00 ] 127.0.0.1 /deshang/trunk/index.php?g=user&m=index&a=is_login
INFO: [ app_begin ] --START--
INFO: Run Behavior\ReadHtmlCacheBehavior [ RunTime:0.001316s ]
INFO: Run Behavior\CheckLangBehavior [ RunTime:0.002246s ]
INFO: [ app_begin ] --END-- [ RunTime:0.004951s ]
NOTIC: [8] Undefined index: url F:\wamp\www\deshang\trunk\application\Common\Controller\AppframeController.class.php 第 24 行.

[ 2016-05-23T19:02:58+08:00 ] 127.0.0.1 /deshang/trunk/index.php?g=user&m=index&a=is_login
INFO: [ app_begin ] --START--
INFO: Run Behavior\ReadHtmlCacheBehavior [ RunTime:0.001361s ]
INFO: Run Behavior\CheckLangBehavior [ RunTime:0.002351s ]
INFO: [ app_begin ] --END-- [ RunTime:0.004814s ]
NOTIC: [8] Undefined index: url F:\wamp\www\deshang\trunk\application\Common\Controller\AppframeController.class.php 第 24 行.

[ 2016-05-23T19:03:36+08:00 ] 127.0.0.1 /deshang/trunk/index.php?g=user&m=index&a=is_login
INFO: [ app_begin ] --START--
INFO: Run Behavior\ReadHtmlCacheBehavior [ RunTime:0.001029s ]
INFO: Run Behavior\CheckLangBehavior [ RunTime:0.003117s ]
INFO: [ app_begin ] --END-- [ RunTime:0.005194s ]
NOTIC: [8] Undefined index: url F:\wamp\www\deshang\trunk\application\Common\Controller\AppframeController.class.php 第 24 行.

[ 2016-05-23T19:04:56+08:00 ] 127.0.0.1 /deshang/trunk/index.php?g=user&m=index&a=is_login
INFO: [ app_begin ] --START--
INFO: Run Behavior\ReadHtmlCacheBehavior [ RunTime:0.001155s ]
INFO: Run Behavior\CheckLangBehavior [ RunTime:0.002568s ]
INFO: [ app_begin ] --END-- [ RunTime:0.005056s ]
NOTIC: [8] Undefined index: url F:\wamp\www\deshang\trunk\application\Common\Controller\AppframeController.class.php 第 24 行.

[ 2016-05-23T19:04:59+08:00 ] 127.0.0.1 /deshang/trunk/index.php?g=user&m=index&a=is_login
INFO: [ app_begin ] --START--
INFO: Run Behavior\ReadHtmlCacheBehavior [ RunTime:0.002059s ]
INFO: Run Behavior\CheckLangBehavior [ RunTime:0.003060s ]
INFO: [ app_begin ] --END-- [ RunTime:0.006941s ]
NOTIC: [8] Undefined index: url F:\wamp\www\deshang\trunk\application\Common\Controller\AppframeController.class.php 第 24 行.

[ 2016-05-23T19:05:02+08:00 ] 127.0.0.1 /deshang/trunk/index.php?g=user&m=index&a=is_login
INFO: [ app_begin ] --START--
INFO: Run Behavior\ReadHtmlCacheBehavior [ RunTime:0.001081s ]
INFO: Run Behavior\CheckLangBehavior [ RunTime:0.001706s ]
INFO: [ app_begin ] --END-- [ RunTime:0.004198s ]
NOTIC: [8] Undefined index: url F:\wamp\www\deshang\trunk\application\Common\Controller\AppframeController.class.php 第 24 行.

[ 2016-05-23T19:05:11+08:00 ] 127.0.0.1 /deshang/trunk/index.php?g=user&m=index&a=is_login
INFO: [ app_begin ] --START--
INFO: Run Behavior\ReadHtmlCacheBehavior [ RunTime:0.002728s ]
INFO: Run Behavior\CheckLangBehavior [ RunTime:0.005737s ]
INFO: [ app_begin ] --END-- [ RunTime:0.010949s ]
NOTIC: [8] Undefined index: url F:\wamp\www\deshang\trunk\application\Common\Controller\AppframeController.class.php 第 24 行.

[ 2016-05-23T19:05:13+08:00 ] 127.0.0.1 /deshang/trunk/index.php?g=user&m=index&a=is_login
INFO: [ app_begin ] --START--
INFO: Run Behavior\ReadHtmlCacheBehavior [ RunTime:0.001049s ]
INFO: Run Behavior\CheckLangBehavior [ RunTime:0.001698s ]
INFO: [ app_begin ] --END-- [ RunTime:0.003953s ]
NOTIC: [8] Undefined index: url F:\wamp\www\deshang\trunk\application\Common\Controller\AppframeController.class.php 第 24 行.

[ 2016-05-23T19:10:25+08:00 ] 127.0.0.1 /deshang/trunk/index.php?g=user&m=index&a=is_login
INFO: [ app_begin ] --START--
INFO: Run Behavior\ReadHtmlCacheBehavior [ RunTime:0.001180s ]
INFO: Run Behavior\CheckLangBehavior [ RunTime:0.001908s ]
INFO: [ app_begin ] --END-- [ RunTime:0.004394s ]
NOTIC: [8] Undefined index: url F:\wamp\www\deshang\trunk\application\Common\Controller\AppframeController.class.php 第 24 行.

[ 2016-05-23T19:24:36+08:00 ] 127.0.0.1 /deshang/trunk/index.php?g=user&m=index&a=is_login
INFO: [ app_begin ] --START--
INFO: Run Behavior\ReadHtmlCacheBehavior [ RunTime:0.000957s ]
INFO: Run Behavior\CheckLangBehavior [ RunTime:0.002045s ]
INFO: [ app_begin ] --END-- [ RunTime:0.004262s ]
NOTIC: [8] Undefined index: url F:\wamp\www\deshang\trunk\application\Common\Controller\AppframeController.class.php 第 24 行.

[ 2016-05-23T19:28:14+08:00 ] 127.0.0.1 /deshang/trunk/index.php?g=user&m=index&a=is_login
INFO: [ app_begin ] --START--
INFO: Run Behavior\ReadHtmlCacheBehavior [ RunTime:0.002567s ]
INFO: Run Behavior\CheckLangBehavior [ RunTime:0.002234s ]
INFO: [ app_begin ] --END-- [ RunTime:0.006474s ]
NOTIC: [8] Undefined index: url F:\wamp\www\deshang\trunk\application\Common\Controller\AppframeController.class.php 第 24 行.

[ 2016-05-23T19:29:29+08:00 ] 127.0.0.1 /deshang/trunk/index.php?g=user&m=index&a=is_login
INFO: [ app_begin ] --START--
INFO: Run Behavior\ReadHtmlCacheBehavior [ RunTime:0.001842s ]
INFO: Run Behavior\CheckLangBehavior [ RunTime:0.002759s ]
INFO: [ app_begin ] --END-- [ RunTime:0.006571s ]
NOTIC: [8] Undefined index: url F:\wamp\www\deshang\trunk\application\Common\Controller\AppframeController.class.php 第 24 行.

[ 2016-05-23T19:29:50+08:00 ] 127.0.0.1 /deshang/trunk/index.php?g=user&m=index&a=is_login
INFO: [ app_begin ] --START--
INFO: Run Behavior\ReadHtmlCacheBehavior [ RunTime:0.001051s ]
INFO: Run Behavior\CheckLangBehavior [ RunTime:0.002896s ]
INFO: [ app_begin ] --END-- [ RunTime:0.005238s ]
NOTIC: [8] Undefined index: url F:\wamp\www\deshang\trunk\application\Common\Controller\AppframeController.class.php 第 24 行.

[ 2016-05-23T19:29:51+08:00 ] 127.0.0.1 /deshang/trunk/index.php?g=user&m=index&a=is_login
INFO: [ app_begin ] --START--
INFO: Run Behavior\ReadHtmlCacheBehavior [ RunTime:0.001142s ]
INFO: Run Behavior\CheckLangBehavior [ RunTime:0.003027s ]
INFO: [ app_begin ] --END-- [ RunTime:0.005381s ]
NOTIC: [8] Undefined index: url F:\wamp\www\deshang\trunk\application\Common\Controller\AppframeController.class.php 第 24 行.

[ 2016-05-23T19:29:53+08:00 ] 127.0.0.1 /deshang/trunk/index.php?g=user&m=index&a=is_login
INFO: [ app_begin ] --START--
INFO: Run Behavior\ReadHtmlCacheBehavior [ RunTime:0.001212s ]
INFO: Run Behavior\CheckLangBehavior [ RunTime:0.001676s ]
INFO: [ app_begin ] --END-- [ RunTime:0.004105s ]
NOTIC: [8] Undefined index: url F:\wamp\www\deshang\trunk\application\Common\Controller\AppframeController.class.php 第 24 行.

[ 2016-05-23T19:30:02+08:00 ] 127.0.0.1 /deshang/trunk/index.php?g=user&m=index&a=is_login
INFO: [ app_begin ] --START--
INFO: Run Behavior\ReadHtmlCacheBehavior [ RunTime:0.001052s ]
INFO: Run Behavior\CheckLangBehavior [ RunTime:0.002074s ]
INFO: [ app_begin ] --END-- [ RunTime:0.004395s ]
NOTIC: [8] Undefined index: url F:\wamp\www\deshang\trunk\application\Common\Controller\AppframeController.class.php 第 24 行.

[ 2016-05-23T19:30:36+08:00 ] 127.0.0.1 /deshang/trunk/index.php?g=user&m=index&a=is_login
INFO: [ app_begin ] --START--
INFO: Run Behavior\ReadHtmlCacheBehavior [ RunTime:0.001176s ]
INFO: Run Behavior\CheckLangBehavior [ RunTime:0.002371s ]
INFO: [ app_begin ] --END-- [ RunTime:0.004668s ]
NOTIC: [8] Undefined index: url F:\wamp\www\deshang\trunk\application\Common\Controller\AppframeController.class.php 第 24 行.

[ 2016-05-23T19:32:17+08:00 ] 127.0.0.1 /deshang/trunk/index.php?g=user&m=index&a=is_login
INFO: [ app_begin ] --START--
INFO: Run Behavior\ReadHtmlCacheBehavior [ RunTime:0.001027s ]
INFO: Run Behavior\CheckLangBehavior [ RunTime:0.001643s ]
INFO: [ app_begin ] --END-- [ RunTime:0.003767s ]
NOTIC: [8] Undefined index: url F:\wamp\www\deshang\trunk\application\Common\Controller\AppframeController.class.php 第 24 行.

[ 2016-05-23T19:33:24+08:00 ] 127.0.0.1 /deshang/trunk/index.php?g=user&m=index&a=is_login
INFO: [ app_begin ] --START--
INFO: Run Behavior\ReadHtmlCacheBehavior [ RunTime:0.001995s ]
INFO: Run Behavior\CheckLangBehavior [ RunTime:0.002314s ]
INFO: [ app_begin ] --END-- [ RunTime:0.006594s ]
NOTIC: [8] Undefined index: url F:\wamp\www\deshang\trunk\application\Common\Controller\AppframeController.class.php 第 24 行.

[ 2016-05-23T19:36:54+08:00 ] 127.0.0.1 /deshang/trunk/index.php?g=user&m=index&a=is_login
INFO: [ app_begin ] --START--
INFO: Run Behavior\ReadHtmlCacheBehavior [ RunTime:0.001320s ]
INFO: Run Behavior\CheckLangBehavior [ RunTime:0.002410s ]
INFO: [ app_begin ] --END-- [ RunTime:0.005172s ]
NOTIC: [8] Undefined index: url F:\wamp\www\deshang\trunk\application\Common\Controller\AppframeController.class.php 第 24 行.

[ 2016-05-23T19:37:16+08:00 ] 127.0.0.1 /deshang/trunk/index.php?g=user&m=index&a=is_login
INFO: [ app_begin ] --START--
INFO: Run Behavior\ReadHtmlCacheBehavior [ RunTime:0.001439s ]
INFO: Run Behavior\CheckLangBehavior [ RunTime:0.003815s ]
INFO: [ app_begin ] --END-- [ RunTime:0.007780s ]
NOTIC: [8] Undefined index: url F:\wamp\www\deshang\trunk\application\Common\Controller\AppframeController.class.php 第 24 行.

[ 2016-05-23T19:39:49+08:00 ] 127.0.0.1 /deshang/trunk/index.php?g=user&m=index&a=is_login
INFO: [ app_begin ] --START--
INFO: Run Behavior\ReadHtmlCacheBehavior [ RunTime:0.001659s ]
INFO: Run Behavior\CheckLangBehavior [ RunTime:0.002326s ]
INFO: [ app_begin ] --END-- [ RunTime:0.005326s ]
NOTIC: [8] Undefined index: url F:\wamp\www\deshang\trunk\application\Common\Controller\AppframeController.class.php 第 24 行.

[ 2016-05-23T19:40:32+08:00 ] 127.0.0.1 /deshang/trunk/index.php?g=user&m=index&a=is_login
INFO: [ app_begin ] --START--
INFO: Run Behavior\ReadHtmlCacheBehavior [ RunTime:0.002270s ]
INFO: Run Behavior\CheckLangBehavior [ RunTime:0.006971s ]
INFO: [ app_begin ] --END-- [ RunTime:0.010495s ]
NOTIC: [8] Undefined index: url F:\wamp\www\deshang\trunk\application\Common\Controller\AppframeController.class.php 第 24 行.

[ 2016-05-23T19:40:40+08:00 ] 127.0.0.1 /deshang/trunk/index.php?g=user&m=index&a=is_login
INFO: [ app_begin ] --START--
INFO: Run Behavior\ReadHtmlCacheBehavior [ RunTime:0.001572s ]
INFO: Run Behavior\CheckLangBehavior [ RunTime:0.003492s ]
INFO: [ app_begin ] --END-- [ RunTime:0.006400s ]
NOTIC: [8] Undefined index: url F:\wamp\www\deshang\trunk\application\Common\Controller\AppframeController.class.php 第 24 行.

[ 2016-05-23T19:43:24+08:00 ] 127.0.0.1 /deshang/trunk/index.php?g=user&m=index&a=is_login
INFO: [ app_begin ] --START--
INFO: Run Behavior\ReadHtmlCacheBehavior [ RunTime:0.001925s ]
INFO: Run Behavior\CheckLangBehavior [ RunTime:0.003585s ]
INFO: [ app_begin ] --END-- [ RunTime:0.006691s ]
NOTIC: [8] Undefined index: url F:\wamp\www\deshang\trunk\application\Common\Controller\AppframeController.class.php 第 24 行.

[ 2016-05-23T19:43:37+08:00 ] 127.0.0.1 /deshang/trunk/index.php?g=user&m=index&a=is_login
INFO: [ app_begin ] --START--
INFO: Run Behavior\ReadHtmlCacheBehavior [ RunTime:0.002144s ]
INFO: Run Behavior\CheckLangBehavior [ RunTime:0.004575s ]
INFO: [ app_begin ] --END-- [ RunTime:0.008118s ]
NOTIC: [8] Undefined index: url F:\wamp\www\deshang\trunk\application\Common\Controller\AppframeController.class.php 第 24 行.

[ 2016-05-23T19:44:31+08:00 ] 127.0.0.1 /deshang/trunk/index.php?g=user&m=index&a=is_login
INFO: [ app_begin ] --START--
INFO: Run Behavior\ReadHtmlCacheBehavior [ RunTime:0.002047s ]
INFO: Run Behavior\CheckLangBehavior [ RunTime:0.004639s ]
INFO: [ app_begin ] --END-- [ RunTime:0.008113s ]
NOTIC: [8] Undefined index: url F:\wamp\www\deshang\trunk\application\Common\Controller\AppframeController.class.php 第 24 行.

[ 2016-05-23T19:46:27+08:00 ] 127.0.0.1 /deshang/trunk/index.php?g=user&m=index&a=is_login
INFO: [ app_begin ] --START--
INFO: Run Behavior\ReadHtmlCacheBehavior [ RunTime:0.001639s ]
INFO: Run Behavior\CheckLangBehavior [ RunTime:0.005062s ]
INFO: [ app_begin ] --END-- [ RunTime:0.007918s ]
NOTIC: [8] Undefined index: url F:\wamp\www\deshang\trunk\application\Common\Controller\AppframeController.class.php 第 24 行.

[ 2016-05-23T19:46:38+08:00 ] 127.0.0.1 /deshang/trunk/index.php?g=user&m=index&a=is_login
INFO: [ app_begin ] --START--
INFO: Run Behavior\ReadHtmlCacheBehavior [ RunTime:0.001499s ]
INFO: Run Behavior\CheckLangBehavior [ RunTime:0.003645s ]
INFO: [ app_begin ] --END-- [ RunTime:0.006421s ]
NOTIC: [8] Undefined index: url F:\wamp\www\deshang\trunk\application\Common\Controller\AppframeController.class.php 第 24 行.

[ 2016-05-23T19:47:51+08:00 ] 127.0.0.1 /deshang/trunk/index.php?g=user&m=index&a=is_login
INFO: [ app_begin ] --START--
INFO: Run Behavior\ReadHtmlCacheBehavior [ RunTime:0.002412s ]
INFO: Run Behavior\CheckLangBehavior [ RunTime:0.002387s ]
INFO: [ app_begin ] --END-- [ RunTime:0.006546s ]
NOTIC: [8] Undefined index: url F:\wamp\www\deshang\trunk\application\Common\Controller\AppframeController.class.php 第 24 行.

[ 2016-05-23T19:47:59+08:00 ] 127.0.0.1 /deshang/trunk/index.php?g=user&m=index&a=is_login
INFO: [ app_begin ] --START--
INFO: Run Behavior\ReadHtmlCacheBehavior [ RunTime:0.001171s ]
INFO: Run Behavior\CheckLangBehavior [ RunTime:0.001713s ]
INFO: [ app_begin ] --END-- [ RunTime:0.003791s ]
NOTIC: [8] Undefined index: url F:\wamp\www\deshang\trunk\application\Common\Controller\AppframeController.class.php 第 24 行.

[ 2016-05-23T19:50:07+08:00 ] 127.0.0.1 /deshang/trunk/index.php?g=user&m=index&a=is_login
INFO: [ app_begin ] --START--
INFO: Run Behavior\ReadHtmlCacheBehavior [ RunTime:0.004138s ]
INFO: Run Behavior\CheckLangBehavior [ RunTime:0.005059s ]
INFO: [ app_begin ] --END-- [ RunTime:0.010882s ]
NOTIC: [8] Undefined index: url F:\wamp\www\deshang\trunk\application\Common\Controller\AppframeController.class.php 第 24 行.

[ 2016-05-23T19:50:25+08:00 ] 127.0.0.1 /deshang/trunk/index.php?g=user&m=index&a=is_login
INFO: [ app_begin ] --START--
INFO: Run Behavior\ReadHtmlCacheBehavior [ RunTime:0.001529s ]
INFO: Run Behavior\CheckLangBehavior [ RunTime:0.002776s ]
INFO: [ app_begin ] --END-- [ RunTime:0.005554s ]
NOTIC: [8] Undefined index: url F:\wamp\www\deshang\trunk\application\Common\Controller\AppframeController.class.php 第 24 行.

[ 2016-05-23T19:50:44+08:00 ] 127.0.0.1 /deshang/trunk/index.php?g=user&m=index&a=is_login
INFO: [ app_begin ] --START--
INFO: Run Behavior\ReadHtmlCacheBehavior [ RunTime:0.001645s ]
INFO: Run Behavior\CheckLangBehavior [ RunTime:0.002697s ]
INFO: [ app_begin ] --END-- [ RunTime:0.005781s ]
NOTIC: [8] Undefined index: url F:\wamp\www\deshang\trunk\application\Common\Controller\AppframeController.class.php 第 24 行.

[ 2016-05-23T19:50:57+08:00 ] 127.0.0.1 /deshang/trunk/index.php?g=user&m=index&a=is_login
INFO: [ app_begin ] --START--
INFO: Run Behavior\ReadHtmlCacheBehavior [ RunTime:0.001507s ]
INFO: Run Behavior\CheckLangBehavior [ RunTime:0.002798s ]
INFO: [ app_begin ] --END-- [ RunTime:0.005840s ]
NOTIC: [8] Undefined index: url F:\wamp\www\deshang\trunk\application\Common\Controller\AppframeController.class.php 第 24 行.

[ 2016-05-23T19:52:52+08:00 ] 127.0.0.1 /deshang/trunk/index.php?g=user&m=index&a=is_login
INFO: [ app_begin ] --START--
INFO: Run Behavior\ReadHtmlCacheBehavior [ RunTime:0.001326s ]
INFO: Run Behavior\CheckLangBehavior [ RunTime:0.002501s ]
INFO: [ app_begin ] --END-- [ RunTime:0.004692s ]
NOTIC: [8] Undefined index: url F:\wamp\www\deshang\trunk\application\Common\Controller\AppframeController.class.php 第 24 行.

[ 2016-05-23T19:54:00+08:00 ] 127.0.0.1 /deshang/trunk/index.php?g=user&m=index&a=is_login
INFO: [ app_begin ] --START--
INFO: Run Behavior\ReadHtmlCacheBehavior [ RunTime:0.001605s ]
INFO: Run Behavior\CheckLangBehavior [ RunTime:0.005830s ]
INFO: [ app_begin ] --END-- [ RunTime:0.008610s ]
NOTIC: [8] Undefined index: url F:\wamp\www\deshang\trunk\application\Common\Controller\AppframeController.class.php 第 24 行.

[ 2016-05-23T20:03:13+08:00 ] 127.0.0.1 /deshang/trunk/index.php?g=user&m=index&a=is_login
INFO: [ app_begin ] --START--
INFO: Run Behavior\ReadHtmlCacheBehavior [ RunTime:0.001307s ]
INFO: Run Behavior\CheckLangBehavior [ RunTime:0.002558s ]
INFO: [ app_begin ] --END-- [ RunTime:0.005539s ]
NOTIC: [8] Undefined index: url F:\wamp\www\deshang\trunk\application\Common\Controller\AppframeController.class.php 第 24 行.

[ 2016-05-23T20:12:23+08:00 ] 127.0.0.1 /deshang/trunk/index.php?g=user&m=index&a=is_login
INFO: [ app_begin ] --START--
INFO: Run Behavior\ReadHtmlCacheBehavior [ RunTime:0.000957s ]
INFO: Run Behavior\CheckLangBehavior [ RunTime:0.002047s ]
INFO: [ app_begin ] --END-- [ RunTime:0.004042s ]
NOTIC: [8] Undefined index: url F:\wamp\www\deshang\trunk\application\Common\Controller\AppframeController.class.php 第 24 行.

[ 2016-05-23T20:14:35+08:00 ] 127.0.0.1 /deshang/trunk/index.php?g=user&m=index&a=is_login
INFO: [ app_begin ] --START--
INFO: Run Behavior\ReadHtmlCacheBehavior [ RunTime:0.001136s ]
INFO: Run Behavior\CheckLangBehavior [ RunTime:0.002807s ]
INFO: [ app_begin ] --END-- [ RunTime:0.005080s ]
NOTIC: [8] Undefined index: url F:\wamp\www\deshang\trunk\application\Common\Controller\AppframeController.class.php 第 24 行.

[ 2016-05-23T20:14:54+08:00 ] 127.0.0.1 /deshang/trunk/index.php?g=user&m=index&a=is_login
INFO: [ app_begin ] --START--
INFO: Run Behavior\ReadHtmlCacheBehavior [ RunTime:0.001344s ]
INFO: Run Behavior\CheckLangBehavior [ RunTime:0.002226s ]
INFO: [ app_begin ] --END-- [ RunTime:0.005027s ]
NOTIC: [8] Undefined index: url F:\wamp\www\deshang\trunk\application\Common\Controller\AppframeController.class.php 第 24 行.

[ 2016-05-23T20:16:16+08:00 ] 127.0.0.1 /deshang/trunk/index.php?g=user&m=index&a=is_login
INFO: [ app_begin ] --START--
INFO: Run Behavior\ReadHtmlCacheBehavior [ RunTime:0.001021s ]
INFO: Run Behavior\CheckLangBehavior [ RunTime:0.001668s ]
INFO: [ app_begin ] --END-- [ RunTime:0.003908s ]
NOTIC: [8] Undefined index: url F:\wamp\www\deshang\trunk\application\Common\Controller\AppframeController.class.php 第 24 行.

[ 2016-05-23T20:18:39+08:00 ] 127.0.0.1 /deshang/trunk/index.php?g=user&m=index&a=is_login
INFO: [ app_begin ] --START--
INFO: Run Behavior\ReadHtmlCacheBehavior [ RunTime:0.001572s ]
INFO: Run Behavior\CheckLangBehavior [ RunTime:0.002279s ]
INFO: [ app_begin ] --END-- [ RunTime:0.005625s ]
NOTIC: [8] Undefined index: url F:\wamp\www\deshang\trunk\application\Common\Controller\AppframeController.class.php 第 24 行.

[ 2016-05-23T20:18:43+08:00 ] 127.0.0.1 /deshang/trunk/index.php?g=user&m=index&a=is_login
INFO: [ app_begin ] --START--
INFO: Run Behavior\ReadHtmlCacheBehavior [ RunTime:0.001502s ]
INFO: Run Behavior\CheckLangBehavior [ RunTime:0.001575s ]
INFO: [ app_begin ] --END-- [ RunTime:0.004451s ]
NOTIC: [8] Undefined index: url F:\wamp\www\deshang\trunk\application\Common\Controller\AppframeController.class.php 第 24 行.

[ 2016-05-23T20:19:00+08:00 ] 127.0.0.1 /deshang/trunk/index.php?g=user&m=index&a=is_login
INFO: [ app_begin ] --START--
INFO: Run Behavior\ReadHtmlCacheBehavior [ RunTime:0.001553s ]
INFO: Run Behavior\CheckLangBehavior [ RunTime:0.002096s ]
INFO: [ app_begin ] --END-- [ RunTime:0.005378s ]
NOTIC: [8] Undefined index: url F:\wamp\www\deshang\trunk\application\Common\Controller\AppframeController.class.php 第 24 行.

[ 2016-05-23T20:19:17+08:00 ] 127.0.0.1 /deshang/trunk/index.php?g=user&m=index&a=is_login
INFO: [ app_begin ] --START--
INFO: Run Behavior\ReadHtmlCacheBehavior [ RunTime:0.000943s ]
INFO: Run Behavior\CheckLangBehavior [ RunTime:0.001498s ]
INFO: [ app_begin ] --END-- [ RunTime:0.003411s ]
NOTIC: [8] Undefined index: url F:\wamp\www\deshang\trunk\application\Common\Controller\AppframeController.class.php 第 24 行.

[ 2016-05-23T20:19:22+08:00 ] 127.0.0.1 /deshang/trunk/index.php?g=user&m=index&a=is_login
INFO: [ app_begin ] --START--
INFO: Run Behavior\ReadHtmlCacheBehavior [ RunTime:0.001453s ]
INFO: Run Behavior\CheckLangBehavior [ RunTime:0.001774s ]
INFO: [ app_begin ] --END-- [ RunTime:0.004421s ]
NOTIC: [8] Undefined index: url F:\wamp\www\deshang\trunk\application\Common\Controller\AppframeController.class.php 第 24 行.

[ 2016-05-23T20:19:36+08:00 ] 127.0.0.1 /deshang/trunk/index.php?g=user&m=index&a=is_login
INFO: [ app_begin ] --START--
INFO: Run Behavior\ReadHtmlCacheBehavior [ RunTime:0.001158s ]
INFO: Run Behavior\CheckLangBehavior [ RunTime:0.001926s ]
INFO: [ app_begin ] --END-- [ RunTime:0.004249s ]
NOTIC: [8] Undefined index: url F:\wamp\www\deshang\trunk\application\Common\Controller\AppframeController.class.php 第 24 行.

[ 2016-05-23T20:19:49+08:00 ] 127.0.0.1 /deshang/trunk/index.php?g=user&m=index&a=is_login
INFO: [ app_begin ] --START--
INFO: Run Behavior\ReadHtmlCacheBehavior [ RunTime:0.001211s ]
INFO: Run Behavior\CheckLangBehavior [ RunTime:0.001695s ]
INFO: [ app_begin ] --END-- [ RunTime:0.004363s ]
NOTIC: [8] Undefined index: url F:\wamp\www\deshang\trunk\application\Common\Controller\AppframeController.class.php 第 24 行.

[ 2016-05-23T20:19:54+08:00 ] 127.0.0.1 /deshang/trunk/index.php?g=user&m=index&a=is_login
INFO: [ app_begin ] --START--
INFO: Run Behavior\ReadHtmlCacheBehavior [ RunTime:0.001375s ]
INFO: Run Behavior\CheckLangBehavior [ RunTime:0.001795s ]
INFO: [ app_begin ] --END-- [ RunTime:0.004442s ]
NOTIC: [8] Undefined index: url F:\wamp\www\deshang\trunk\application\Common\Controller\AppframeController.class.php 第 24 行.

[ 2016-05-23T20:19:56+08:00 ] 127.0.0.1 /deshang/trunk/index.php?g=user&m=index&a=is_login
INFO: [ app_begin ] --START--
INFO: Run Behavior\ReadHtmlCacheBehavior [ RunTime:0.000981s ]
INFO: Run Behavior\CheckLangBehavior [ RunTime:0.001532s ]
INFO: [ app_begin ] --END-- [ RunTime:0.003661s ]
NOTIC: [8] Undefined index: url F:\wamp\www\deshang\trunk\application\Common\Controller\AppframeController.class.php 第 24 行.

[ 2016-05-23T20:19:59+08:00 ] 127.0.0.1 /deshang/trunk/index.php?g=user&m=index&a=is_login
INFO: [ app_begin ] --START--
INFO: Run Behavior\ReadHtmlCacheBehavior [ RunTime:0.000952s ]
INFO: Run Behavior\CheckLangBehavior [ RunTime:0.001566s ]
INFO: [ app_begin ] --END-- [ RunTime:0.003531s ]
NOTIC: [8] Undefined index: url F:\wamp\www\deshang\trunk\application\Common\Controller\AppframeController.class.php 第 24 行.

[ 2016-05-23T20:20:11+08:00 ] 127.0.0.1 /deshang/trunk/index.php?g=user&m=index&a=is_login
INFO: [ app_begin ] --START--
INFO: Run Behavior\ReadHtmlCacheBehavior [ RunTime:0.001205s ]
INFO: Run Behavior\CheckLangBehavior [ RunTime:0.002137s ]
INFO: [ app_begin ] --END-- [ RunTime:0.004648s ]
NOTIC: [8] Undefined index: url F:\wamp\www\deshang\trunk\application\Common\Controller\AppframeController.class.php 第 24 行.

[ 2016-05-23T20:20:13+08:00 ] 127.0.0.1 /deshang/trunk/index.php?g=user&m=index&a=is_login
INFO: [ app_begin ] --START--
INFO: Run Behavior\ReadHtmlCacheBehavior [ RunTime:0.001896s ]
INFO: Run Behavior\CheckLangBehavior [ RunTime:0.002325s ]
INFO: [ app_begin ] --END-- [ RunTime:0.005518s ]
NOTIC: [8] Undefined index: url F:\wamp\www\deshang\trunk\application\Common\Controller\AppframeController.class.php 第 24 行.

[ 2016-05-23T20:22:31+08:00 ] 127.0.0.1 /deshang/trunk/index.php?g=user&m=index&a=is_login
INFO: [ app_begin ] --START--
INFO: Run Behavior\ReadHtmlCacheBehavior [ RunTime:0.001435s ]
INFO: Run Behavior\CheckLangBehavior [ RunTime:0.001547s ]
INFO: [ app_begin ] --END-- [ RunTime:0.004514s ]
NOTIC: [8] Undefined index: url F:\wamp\www\deshang\trunk\application\Common\Controller\AppframeController.class.php 第 24 行.

[ 2016-05-23T20:22:58+08:00 ] 127.0.0.1 /deshang/trunk/index.php?g=user&m=index&a=is_login
INFO: [ app_begin ] --START--
INFO: Run Behavior\ReadHtmlCacheBehavior [ RunTime:0.000998s ]
INFO: Run Behavior\CheckLangBehavior [ RunTime:0.002185s ]
INFO: [ app_begin ] --END-- [ RunTime:0.004208s ]
NOTIC: [8] Undefined index: url F:\wamp\www\deshang\trunk\application\Common\Controller\AppframeController.class.php 第 24 行.

[ 2016-05-23T20:23:50+08:00 ] 127.0.0.1 /deshang/trunk/index.php?g=user&m=index&a=is_login
INFO: [ app_begin ] --START--
INFO: Run Behavior\ReadHtmlCacheBehavior [ RunTime:0.001019s ]
INFO: Run Behavior\CheckLangBehavior [ RunTime:0.001614s ]
INFO: [ app_begin ] --END-- [ RunTime:0.003622s ]
NOTIC: [8] Undefined index: url F:\wamp\www\deshang\trunk\application\Common\Controller\AppframeController.class.php 第 24 行.

[ 2016-05-23T20:23:53+08:00 ] 127.0.0.1 /deshang/trunk/index.php?g=user&m=index&a=is_login
INFO: [ app_begin ] --START--
INFO: Run Behavior\ReadHtmlCacheBehavior [ RunTime:0.003118s ]
INFO: Run Behavior\CheckLangBehavior [ RunTime:0.002674s ]
INFO: [ app_begin ] --END-- [ RunTime:0.006940s ]
NOTIC: [8] Undefined index: url F:\wamp\www\deshang\trunk\application\Common\Controller\AppframeController.class.php 第 24 行.

[ 2016-05-23T20:25:12+08:00 ] 127.0.0.1 /deshang/trunk/index.php?g=user&m=index&a=is_login
INFO: [ app_begin ] --START--
INFO: Run Behavior\ReadHtmlCacheBehavior [ RunTime:0.001068s ]
INFO: Run Behavior\CheckLangBehavior [ RunTime:0.002227s ]
INFO: [ app_begin ] --END-- [ RunTime:0.004514s ]
NOTIC: [8] Undefined index: url F:\wamp\www\deshang\trunk\application\Common\Controller\AppframeController.class.php 第 24 行.

[ 2016-05-23T20:25:26+08:00 ] 127.0.0.1 /deshang/trunk/index.php?g=user&m=index&a=is_login
INFO: [ app_begin ] --START--
INFO: Run Behavior\ReadHtmlCacheBehavior [ RunTime:0.000949s ]
INFO: Run Behavior\CheckLangBehavior [ RunTime:0.001506s ]
INFO: [ app_begin ] --END-- [ RunTime:0.003494s ]
NOTIC: [8] Undefined index: url F:\wamp\www\deshang\trunk\application\Common\Controller\AppframeController.class.php 第 24 行.

[ 2016-05-23T20:26:03+08:00 ] 127.0.0.1 /deshang/trunk/index.php?g=user&m=index&a=is_login
INFO: [ app_begin ] --START--
INFO: Run Behavior\ReadHtmlCacheBehavior [ RunTime:0.001235s ]
INFO: Run Behavior\CheckLangBehavior [ RunTime:0.004540s ]
INFO: [ app_begin ] --END-- [ RunTime:0.006668s ]
NOTIC: [8] Undefined index: url F:\wamp\www\deshang\trunk\application\Common\Controller\AppframeController.class.php 第 24 行.

[ 2016-05-23T20:26:06+08:00 ] 127.0.0.1 /deshang/trunk/index.php?g=user&m=index&a=is_login
INFO: [ app_begin ] --START--
INFO: Run Behavior\ReadHtmlCacheBehavior [ RunTime:0.001480s ]
INFO: Run Behavior\CheckLangBehavior [ RunTime:0.002637s ]
INFO: [ app_begin ] --END-- [ RunTime:0.005128s ]
NOTIC: [8] Undefined index: url F:\wamp\www\deshang\trunk\application\Common\Controller\AppframeController.class.php 第 24 行.

[ 2016-05-23T20:26:36+08:00 ] 127.0.0.1 /deshang/trunk/index.php?g=user&m=index&a=is_login
INFO: [ app_begin ] --START--
INFO: Run Behavior\ReadHtmlCacheBehavior [ RunTime:0.001556s ]
INFO: Run Behavior\CheckLangBehavior [ RunTime:0.002927s ]
INFO: [ app_begin ] --END-- [ RunTime:0.005536s ]
NOTIC: [8] Undefined index: url F:\wamp\www\deshang\trunk\application\Common\Controller\AppframeController.class.php 第 24 行.

[ 2016-05-23T20:26:43+08:00 ] 127.0.0.1 /deshang/trunk/index.php?g=user&m=index&a=is_login
INFO: [ app_begin ] --START--
INFO: Run Behavior\ReadHtmlCacheBehavior [ RunTime:0.001400s ]
INFO: Run Behavior\CheckLangBehavior [ RunTime:0.003408s ]
INFO: [ app_begin ] --END-- [ RunTime:0.006303s ]
NOTIC: [8] Undefined index: url F:\wamp\www\deshang\trunk\application\Common\Controller\AppframeController.class.php 第 24 行.

[ 2016-05-23T20:29:18+08:00 ] 127.0.0.1 /deshang/trunk/index.php?g=user&m=index&a=is_login
INFO: [ app_begin ] --START--
INFO: Run Behavior\ReadHtmlCacheBehavior [ RunTime:0.001207s ]
INFO: Run Behavior\CheckLangBehavior [ RunTime:0.002673s ]
INFO: [ app_begin ] --END-- [ RunTime:0.004720s ]
NOTIC: [8] Undefined index: url F:\wamp\www\deshang\trunk\application\Common\Controller\AppframeController.class.php 第 24 行.

[ 2016-05-23T20:29:51+08:00 ] 127.0.0.1 /deshang/trunk/index.php?g=user&m=index&a=is_login
INFO: [ app_begin ] --START--
INFO: Run Behavior\ReadHtmlCacheBehavior [ RunTime:0.001265s ]
INFO: Run Behavior\CheckLangBehavior [ RunTime:0.002175s ]
INFO: [ app_begin ] --END-- [ RunTime:0.004568s ]
NOTIC: [8] Undefined index: url F:\wamp\www\deshang\trunk\application\Common\Controller\AppframeController.class.php 第 24 行.

[ 2016-05-23T20:36:11+08:00 ] 127.0.0.1 /deshang/trunk/index.php?g=user&m=index&a=is_login
INFO: [ app_begin ] --START--
INFO: Run Behavior\ReadHtmlCacheBehavior [ RunTime:0.001727s ]
INFO: Run Behavior\CheckLangBehavior [ RunTime:0.002993s ]
INFO: [ app_begin ] --END-- [ RunTime:0.005685s ]
NOTIC: [8] Undefined index: url F:\wamp\www\deshang\trunk\application\Common\Controller\AppframeController.class.php 第 24 行.

[ 2016-05-23T20:40:01+08:00 ] 127.0.0.1 /deshang/trunk/index.php?g=user&m=index&a=is_login
INFO: [ app_begin ] --START--
INFO: Run Behavior\ReadHtmlCacheBehavior [ RunTime:0.001879s ]
INFO: Run Behavior\CheckLangBehavior [ RunTime:0.002832s ]
INFO: [ app_begin ] --END-- [ RunTime:0.005873s ]
NOTIC: [8] Undefined index: url F:\wamp\www\deshang\trunk\application\Common\Controller\AppframeController.class.php 第 24 行.

[ 2016-05-23T20:42:02+08:00 ] 127.0.0.1 /deshang/trunk/index.php?g=user&m=index&a=is_login
INFO: [ app_begin ] --START--
INFO: Run Behavior\ReadHtmlCacheBehavior [ RunTime:0.001671s ]
INFO: Run Behavior\CheckLangBehavior [ RunTime:0.003477s ]
INFO: [ app_begin ] --END-- [ RunTime:0.006044s ]
NOTIC: [8] Undefined index: url F:\wamp\www\deshang\trunk\application\Common\Controller\AppframeController.class.php 第 24 行.

[ 2016-05-23T20:42:43+08:00 ] 127.0.0.1 /deshang/trunk/index.php?g=user&m=index&a=is_login
INFO: [ app_begin ] --START--
INFO: Run Behavior\ReadHtmlCacheBehavior [ RunTime:0.001617s ]
INFO: Run Behavior\CheckLangBehavior [ RunTime:0.004024s ]
INFO: [ app_begin ] --END-- [ RunTime:0.007236s ]
NOTIC: [8] Undefined index: url F:\wamp\www\deshang\trunk\application\Common\Controller\AppframeController.class.php 第 24 行.

[ 2016-05-23T20:43:11+08:00 ] 127.0.0.1 /deshang/trunk/index.php?g=user&m=index&a=is_login
INFO: [ app_begin ] --START--
INFO: Run Behavior\ReadHtmlCacheBehavior [ RunTime:0.001631s ]
INFO: Run Behavior\CheckLangBehavior [ RunTime:0.003137s ]
INFO: [ app_begin ] --END-- [ RunTime:0.005852s ]
NOTIC: [8] Undefined index: url F:\wamp\www\deshang\trunk\application\Common\Controller\AppframeController.class.php 第 24 行.

[ 2016-05-23T20:44:36+08:00 ] 127.0.0.1 /deshang/trunk/index.php?g=user&m=index&a=is_login
INFO: [ app_begin ] --START--
INFO: Run Behavior\ReadHtmlCacheBehavior [ RunTime:0.002752s ]
INFO: Run Behavior\CheckLangBehavior [ RunTime:0.005842s ]
INFO: [ app_begin ] --END-- [ RunTime:0.010058s ]
NOTIC: [8] Undefined index: url F:\wamp\www\deshang\trunk\application\Common\Controller\AppframeController.class.php 第 24 行.

[ 2016-05-23T20:46:47+08:00 ] 127.0.0.1 /deshang/trunk/index.php?g=user&m=index&a=is_login
INFO: [ app_begin ] --START--
INFO: Run Behavior\ReadHtmlCacheBehavior [ RunTime:0.001255s ]
INFO: Run Behavior\CheckLangBehavior [ RunTime:0.001803s ]
INFO: [ app_begin ] --END-- [ RunTime:0.004859s ]
NOTIC: [8] Undefined index: url F:\wamp\www\deshang\trunk\application\Common\Controller\AppframeController.class.php 第 24 行.

[ 2016-05-23T20:46:50+08:00 ] 127.0.0.1 /deshang/trunk/index.php?g=user&m=index&a=is_login
INFO: [ app_begin ] --START--
INFO: Run Behavior\ReadHtmlCacheBehavior [ RunTime:0.000840s ]
INFO: Run Behavior\CheckLangBehavior [ RunTime:0.001567s ]
INFO: [ app_begin ] --END-- [ RunTime:0.003222s ]
NOTIC: [8] Undefined index: url F:\wamp\www\deshang\trunk\application\Common\Controller\AppframeController.class.php 第 24 行.

[ 2016-05-23T20:46:54+08:00 ] 127.0.0.1 /deshang/trunk/index.php?g=user&m=index&a=is_login
INFO: [ app_begin ] --START--
INFO: Run Behavior\ReadHtmlCacheBehavior [ RunTime:0.002485s ]
INFO: Run Behavior\CheckLangBehavior [ RunTime:0.003014s ]
INFO: [ app_begin ] --END-- [ RunTime:0.006475s ]
NOTIC: [8] Undefined index: url F:\wamp\www\deshang\trunk\application\Common\Controller\AppframeController.class.php 第 24 行.

[ 2016-05-23T20:48:10+08:00 ] 127.0.0.1 /deshang/trunk/index.php?g=user&m=index&a=is_login
INFO: [ app_begin ] --START--
INFO: Run Behavior\ReadHtmlCacheBehavior [ RunTime:0.002012s ]
INFO: Run Behavior\CheckLangBehavior [ RunTime:0.003738s ]
INFO: [ app_begin ] --END-- [ RunTime:0.007263s ]
NOTIC: [8] Undefined index: url F:\wamp\www\deshang\trunk\application\Common\Controller\AppframeController.class.php 第 24 行.

[ 2016-05-23T20:49:40+08:00 ] 127.0.0.1 /deshang/trunk/index.php?g=user&m=index&a=is_login
INFO: [ app_begin ] --START--
INFO: Run Behavior\ReadHtmlCacheBehavior [ RunTime:0.001460s ]
INFO: Run Behavior\CheckLangBehavior [ RunTime:0.002965s ]
INFO: [ app_begin ] --END-- [ RunTime:0.006195s ]
NOTIC: [8] Undefined index: url F:\wamp\www\deshang\trunk\application\Common\Controller\AppframeController.class.php 第 24 行.

[ 2016-05-23T20:50:33+08:00 ] 127.0.0.1 /deshang/trunk/index.php?g=user&m=index&a=is_login
INFO: [ app_begin ] --START--
INFO: Run Behavior\ReadHtmlCacheBehavior [ RunTime:0.001609s ]
INFO: Run Behavior\CheckLangBehavior [ RunTime:0.003455s ]
INFO: [ app_begin ] --END-- [ RunTime:0.006478s ]
NOTIC: [8] Undefined index: url F:\wamp\www\deshang\trunk\application\Common\Controller\AppframeController.class.php 第 24 行.

[ 2016-05-23T20:50:58+08:00 ] 127.0.0.1 /deshang/trunk/index.php?g=user&m=index&a=is_login
INFO: [ app_begin ] --START--
INFO: Run Behavior\ReadHtmlCacheBehavior [ RunTime:0.001437s ]
INFO: Run Behavior\CheckLangBehavior [ RunTime:0.002670s ]
INFO: [ app_begin ] --END-- [ RunTime:0.005075s ]
NOTIC: [8] Undefined index: url F:\wamp\www\deshang\trunk\application\Common\Controller\AppframeController.class.php 第 24 行.

[ 2016-05-23T20:52:11+08:00 ] 127.0.0.1 /deshang/trunk/index.php?g=user&m=index&a=is_login
INFO: [ app_begin ] --START--
INFO: Run Behavior\ReadHtmlCacheBehavior [ RunTime:0.001749s ]
INFO: Run Behavior\CheckLangBehavior [ RunTime:0.004384s ]
INFO: [ app_begin ] --END-- [ RunTime:0.007380s ]
NOTIC: [8] Undefined index: url F:\wamp\www\deshang\trunk\application\Common\Controller\AppframeController.class.php 第 24 行.

[ 2016-05-23T20:52:25+08:00 ] 127.0.0.1 /deshang/trunk/index.php?g=user&m=index&a=is_login
INFO: [ app_begin ] --START--
INFO: Run Behavior\ReadHtmlCacheBehavior [ RunTime:0.002762s ]
INFO: Run Behavior\CheckLangBehavior [ RunTime:0.004691s ]
INFO: [ app_begin ] --END-- [ RunTime:0.008683s ]
NOTIC: [8] Undefined index: url F:\wamp\www\deshang\trunk\application\Common\Controller\AppframeController.class.php 第 24 行.

