[ 2017-09-06T21:20:13+08:00 ] 127.0.0.1 /index.php?g=user&m=index&a=is_login
INFO: [ app_begin ] --START--
INFO: Run Behavior\ReadHtmlCacheBehavior [ RunTime:0.001669s ]
INFO: Run Behavior\CheckLangBehavior [ RunTime:0.001540s ]
INFO: [ app_begin ] --END-- [ RunTime:0.005165s ]
NOTIC: [8] Undefined index: url E:\xampp\htdocs\deshang\trunk\application\Common\Controller\AppframeController.class.php 第 24 行.

[ 2017-09-06T21:20:28+08:00 ] 127.0.0.1 /index.php?g=user&m=index&a=is_login
INFO: [ app_begin ] --START--
INFO: Run Behavior\ReadHtmlCacheBehavior [ RunTime:0.000850s ]
INFO: Run Behavior\CheckLangBehavior [ RunTime:0.001177s ]
INFO: [ app_begin ] --END-- [ RunTime:0.002697s ]
NOTIC: [8] Undefined index: url E:\xampp\htdocs\deshang\trunk\application\Common\Controller\AppframeController.class.php 第 24 行.

[ 2017-09-06T21:20:31+08:00 ] 127.0.0.1 /index.php?g=user&m=index&a=is_login
INFO: [ app_begin ] --START--
INFO: Run Behavior\ReadHtmlCacheBehavior [ RunTime:0.000715s ]
INFO: Run Behavior\CheckLangBehavior [ RunTime:0.001022s ]
INFO: [ app_begin ] --END-- [ RunTime:0.002485s ]
NOTIC: [8] Undefined index: url E:\xampp\htdocs\deshang\trunk\application\Common\Controller\AppframeController.class.php 第 24 行.

[ 2017-09-06T21:20:36+08:00 ] 127.0.0.1 /index.php?g=user&m=index&a=is_login
INFO: [ app_begin ] --START--
INFO: Run Behavior\ReadHtmlCacheBehavior [ RunTime:0.000852s ]
INFO: Run Behavior\CheckLangBehavior [ RunTime:0.001064s ]
INFO: [ app_begin ] --END-- [ RunTime:0.002548s ]
NOTIC: [8] Undefined index: url E:\xampp\htdocs\deshang\trunk\application\Common\Controller\AppframeController.class.php 第 24 行.

[ 2017-09-06T21:20:49+08:00 ] 127.0.0.1 /index.php?g=user&m=index&a=is_login
INFO: [ app_begin ] --START--
INFO: Run Behavior\ReadHtmlCacheBehavior [ RunTime:0.000914s ]
INFO: Run Behavior\CheckLangBehavior [ RunTime:0.001091s ]
INFO: [ app_begin ] --END-- [ RunTime:0.002639s ]
NOTIC: [8] Undefined index: url E:\xampp\htdocs\deshang\trunk\application\Common\Controller\AppframeController.class.php 第 24 行.

[ 2017-09-06T21:32:47+08:00 ] 127.0.0.1 /index.php?g=user&m=index&a=is_login
INFO: [ app_begin ] --START--
INFO: Run Behavior\ReadHtmlCacheBehavior [ RunTime:0.000845s ]
INFO: Run Behavior\CheckLangBehavior [ RunTime:0.001364s ]
INFO: [ app_begin ] --END-- [ RunTime:0.002800s ]
NOTIC: [8] Undefined index: url E:\xampp\htdocs\deshang\trunk\application\Common\Controller\AppframeController.class.php 第 24 行.

[ 2017-09-06T21:35:43+08:00 ] 127.0.0.1 /index.php?g=user&m=index&a=is_login
INFO: [ app_begin ] --START--
INFO: Run Behavior\ReadHtmlCacheBehavior [ RunTime:0.002010s ]
INFO: Run Behavior\CheckLangBehavior [ RunTime:0.001759s ]
INFO: [ app_begin ] --END-- [ RunTime:0.004703s ]
NOTIC: [8] Undefined index: url E:\xampp\htdocs\deshang\trunk\application\Common\Controller\AppframeController.class.php 第 24 行.

[ 2017-09-06T21:35:46+08:00 ] 127.0.0.1 /index.php?g=user&m=index&a=is_login
INFO: [ app_begin ] --START--
INFO: Run Behavior\ReadHtmlCacheBehavior [ RunTime:0.000697s ]
INFO: Run Behavior\CheckLangBehavior [ RunTime:0.000816s ]
INFO: [ app_begin ] --END-- [ RunTime:0.002476s ]
NOTIC: [8] Undefined index: url E:\xampp\htdocs\deshang\trunk\application\Common\Controller\AppframeController.class.php 第 24 行.

[ 2017-09-06T21:36:04+08:00 ] 127.0.0.1 /index.php?g=user&m=index&a=is_login
INFO: [ app_begin ] --START--
INFO: Run Behavior\ReadHtmlCacheBehavior [ RunTime:0.001096s ]
INFO: Run Behavior\CheckLangBehavior [ RunTime:0.001619s ]
INFO: [ app_begin ] --END-- [ RunTime:0.003448s ]
NOTIC: [8] Undefined index: url E:\xampp\htdocs\deshang\trunk\application\Common\Controller\AppframeController.class.php 第 24 行.

[ 2017-09-06T21:36:18+08:00 ] 127.0.0.1 /index.php?g=user&m=index&a=is_login
INFO: [ app_begin ] --START--
INFO: Run Behavior\ReadHtmlCacheBehavior [ RunTime:0.000875s ]
INFO: Run Behavior\CheckLangBehavior [ RunTime:0.001252s ]
INFO: [ app_begin ] --END-- [ RunTime:0.002784s ]
NOTIC: [8] Undefined index: url E:\xampp\htdocs\deshang\trunk\application\Common\Controller\AppframeController.class.php 第 24 行.

[ 2017-09-06T21:36:37+08:00 ] 127.0.0.1 /index.php?g=user&m=index&a=is_login
INFO: [ app_begin ] --START--
INFO: Run Behavior\ReadHtmlCacheBehavior [ RunTime:0.001867s ]
INFO: Run Behavior\CheckLangBehavior [ RunTime:0.002638s ]
INFO: [ app_begin ] --END-- [ RunTime:0.005299s ]
NOTIC: [8] Undefined index: url E:\xampp\htdocs\deshang\trunk\application\Common\Controller\AppframeController.class.php 第 24 行.

[ 2017-09-06T21:37:17+08:00 ] 127.0.0.1 /index.php?g=user&m=index&a=is_login
INFO: [ app_begin ] --START--
INFO: Run Behavior\ReadHtmlCacheBehavior [ RunTime:0.000509s ]
INFO: Run Behavior\CheckLangBehavior [ RunTime:0.000769s ]
INFO: [ app_begin ] --END-- [ RunTime:0.001725s ]
NOTIC: [8] Undefined index: url E:\xampp\htdocs\deshang\trunk\application\Common\Controller\AppframeController.class.php 第 24 行.

[ 2017-09-06T21:37:22+08:00 ] 127.0.0.1 /index.php?g=user&m=index&a=is_login
INFO: [ app_begin ] --START--
INFO: Run Behavior\ReadHtmlCacheBehavior [ RunTime:0.000686s ]
INFO: Run Behavior\CheckLangBehavior [ RunTime:0.000870s ]
INFO: [ app_begin ] --END-- [ RunTime:0.002015s ]
NOTIC: [8] Undefined index: url E:\xampp\htdocs\deshang\trunk\application\Common\Controller\AppframeController.class.php 第 24 行.

[ 2017-09-06T21:37:26+08:00 ] 127.0.0.1 /index.php?g=user&m=index&a=is_login
INFO: [ app_begin ] --START--
INFO: Run Behavior\ReadHtmlCacheBehavior [ RunTime:0.000851s ]
INFO: Run Behavior\CheckLangBehavior [ RunTime:0.001178s ]
INFO: [ app_begin ] --END-- [ RunTime:0.002724s ]
NOTIC: [8] Undefined index: url E:\xampp\htdocs\deshang\trunk\application\Common\Controller\AppframeController.class.php 第 24 行.

[ 2017-09-06T21:45:51+08:00 ] 127.0.0.1 /index.php?g=user&m=index&a=is_login
INFO: [ app_begin ] --START--
INFO: Run Behavior\ReadHtmlCacheBehavior [ RunTime:0.000855s ]
INFO: Run Behavior\CheckLangBehavior [ RunTime:0.001157s ]
INFO: [ app_begin ] --END-- [ RunTime:0.002798s ]
NOTIC: [8] Undefined index: url E:\xampp\htdocs\deshang\trunk\application\Common\Controller\AppframeController.class.php 第 24 行.

[ 2017-09-06T21:48:17+08:00 ] 127.0.0.1 /index.php?g=user&m=index&a=is_login
INFO: [ app_begin ] --START--
INFO: Run Behavior\ReadHtmlCacheBehavior [ RunTime:0.001120s ]
INFO: Run Behavior\CheckLangBehavior [ RunTime:0.001290s ]
INFO: [ app_begin ] --END-- [ RunTime:0.003400s ]
NOTIC: [8] Undefined index: url E:\xampp\htdocs\deshang\trunk\application\Common\Controller\AppframeController.class.php 第 24 行.

[ 2017-09-06T21:50:32+08:00 ] 127.0.0.1 /index.php?g=user&m=index&a=is_login
INFO: [ app_begin ] --START--
INFO: Run Behavior\ReadHtmlCacheBehavior [ RunTime:0.000878s ]
INFO: Run Behavior\CheckLangBehavior [ RunTime:0.001583s ]
INFO: [ app_begin ] --END-- [ RunTime:0.003221s ]
NOTIC: [8] Undefined index: url E:\xampp\htdocs\deshang\trunk\application\Common\Controller\AppframeController.class.php 第 24 行.

[ 2017-09-06T21:52:31+08:00 ] 127.0.0.1 /index.php?g=user&m=index&a=is_login
INFO: [ app_begin ] --START--
INFO: Run Behavior\ReadHtmlCacheBehavior [ RunTime:0.000876s ]
INFO: Run Behavior\CheckLangBehavior [ RunTime:0.001348s ]
INFO: [ app_begin ] --END-- [ RunTime:0.003007s ]
NOTIC: [8] Undefined index: url E:\xampp\htdocs\deshang\trunk\application\Common\Controller\AppframeController.class.php 第 24 行.

[ 2017-09-06T21:52:33+08:00 ] 127.0.0.1 /index.php?g=user&m=index&a=is_login
INFO: [ app_begin ] --START--
INFO: Run Behavior\ReadHtmlCacheBehavior [ RunTime:0.000799s ]
INFO: Run Behavior\CheckLangBehavior [ RunTime:0.001304s ]
INFO: [ app_begin ] --END-- [ RunTime:0.002895s ]
NOTIC: [8] Undefined index: url E:\xampp\htdocs\deshang\trunk\application\Common\Controller\AppframeController.class.php 第 24 行.

[ 2017-09-06T21:54:36+08:00 ] 127.0.0.1 /index.php?g=user&m=index&a=is_login
INFO: [ app_begin ] --START--
INFO: Run Behavior\ReadHtmlCacheBehavior [ RunTime:0.000784s ]
INFO: Run Behavior\CheckLangBehavior [ RunTime:0.001268s ]
INFO: [ app_begin ] --END-- [ RunTime:0.002820s ]
NOTIC: [8] Undefined index: url E:\xampp\htdocs\deshang\trunk\application\Common\Controller\AppframeController.class.php 第 24 行.

[ 2017-09-06T21:55:43+08:00 ] 127.0.0.1 /index.php?g=user&m=index&a=is_login
INFO: [ app_begin ] --START--
INFO: Run Behavior\ReadHtmlCacheBehavior [ RunTime:0.000485s ]
INFO: Run Behavior\CheckLangBehavior [ RunTime:0.001016s ]
INFO: [ app_begin ] --END-- [ RunTime:0.001987s ]
NOTIC: [8] Undefined index: url E:\xampp\htdocs\deshang\trunk\application\Common\Controller\AppframeController.class.php 第 24 行.

[ 2017-09-06T21:55:45+08:00 ] 127.0.0.1 /index.php?g=user&m=index&a=is_login
INFO: [ app_begin ] --START--
INFO: Run Behavior\ReadHtmlCacheBehavior [ RunTime:0.000493s ]
INFO: Run Behavior\CheckLangBehavior [ RunTime:0.001045s ]
INFO: [ app_begin ] --END-- [ RunTime:0.002102s ]
NOTIC: [8] Undefined index: url E:\xampp\htdocs\deshang\trunk\application\Common\Controller\AppframeController.class.php 第 24 行.

[ 2017-09-06T21:57:16+08:00 ] 127.0.0.1 /index.php?g=user&m=index&a=is_login
INFO: [ app_begin ] --START--
INFO: Run Behavior\ReadHtmlCacheBehavior [ RunTime:0.000674s ]
INFO: Run Behavior\CheckLangBehavior [ RunTime:0.001308s ]
INFO: [ app_begin ] --END-- [ RunTime:0.002570s ]
NOTIC: [8] Undefined index: url E:\xampp\htdocs\deshang\trunk\application\Common\Controller\AppframeController.class.php 第 24 行.

[ 2017-09-06T21:57:54+08:00 ] 127.0.0.1 /index.php?g=user&m=index&a=is_login
INFO: [ app_begin ] --START--
INFO: Run Behavior\ReadHtmlCacheBehavior [ RunTime:0.000738s ]
INFO: Run Behavior\CheckLangBehavior [ RunTime:0.001070s ]
INFO: [ app_begin ] --END-- [ RunTime:0.002528s ]
NOTIC: [8] Undefined index: url E:\xampp\htdocs\deshang\trunk\application\Common\Controller\AppframeController.class.php 第 24 行.

[ 2017-09-06T21:59:02+08:00 ] 127.0.0.1 /index.php?g=user&m=index&a=is_login
INFO: [ app_begin ] --START--
INFO: Run Behavior\ReadHtmlCacheBehavior [ RunTime:0.001023s ]
INFO: Run Behavior\CheckLangBehavior [ RunTime:0.001414s ]
INFO: [ app_begin ] --END-- [ RunTime:0.003260s ]
NOTIC: [8] Undefined index: url E:\xampp\htdocs\deshang\trunk\application\Common\Controller\AppframeController.class.php 第 24 行.

[ 2017-09-06T22:02:03+08:00 ] 127.0.0.1 /index.php?g=user&m=index&a=is_login
INFO: [ app_begin ] --START--
INFO: Run Behavior\ReadHtmlCacheBehavior [ RunTime:0.000807s ]
INFO: Run Behavior\CheckLangBehavior [ RunTime:0.001218s ]
INFO: [ app_begin ] --END-- [ RunTime:0.002842s ]
NOTIC: [8] Undefined index: url E:\xampp\htdocs\deshang\trunk\application\Common\Controller\AppframeController.class.php 第 24 行.

[ 2017-09-06T22:02:47+08:00 ] 127.0.0.1 /index.php?g=user&m=index&a=is_login
INFO: [ app_begin ] --START--
INFO: Run Behavior\ReadHtmlCacheBehavior [ RunTime:0.001055s ]
INFO: Run Behavior\CheckLangBehavior [ RunTime:0.001729s ]
INFO: [ app_begin ] --END-- [ RunTime:0.003638s ]
NOTIC: [8] Undefined index: url E:\xampp\htdocs\deshang\trunk\application\Common\Controller\AppframeController.class.php 第 24 行.

[ 2017-09-06T22:02:58+08:00 ] 127.0.0.1 /index.php?g=user&m=index&a=is_login
INFO: [ app_begin ] --START--
INFO: Run Behavior\ReadHtmlCacheBehavior [ RunTime:0.001038s ]
INFO: Run Behavior\CheckLangBehavior [ RunTime:0.001786s ]
INFO: [ app_begin ] --END-- [ RunTime:0.003959s ]
NOTIC: [8] Undefined index: url E:\xampp\htdocs\deshang\trunk\application\Common\Controller\AppframeController.class.php 第 24 行.

[ 2017-09-06T22:04:51+08:00 ] 127.0.0.1 /index.php?g=user&m=index&a=is_login
INFO: [ app_begin ] --START--
INFO: Run Behavior\ReadHtmlCacheBehavior [ RunTime:0.000765s ]
INFO: Run Behavior\CheckLangBehavior [ RunTime:0.001160s ]
INFO: [ app_begin ] --END-- [ RunTime:0.002661s ]
NOTIC: [8] Undefined index: url E:\xampp\htdocs\deshang\trunk\application\Common\Controller\AppframeController.class.php 第 24 行.

[ 2017-09-06T22:08:44+08:00 ] 127.0.0.1 /index.php?g=user&m=index&a=is_login
INFO: [ app_begin ] --START--
INFO: Run Behavior\ReadHtmlCacheBehavior [ RunTime:0.000707s ]
INFO: Run Behavior\CheckLangBehavior [ RunTime:0.001318s ]
INFO: [ app_begin ] --END-- [ RunTime:0.002705s ]
NOTIC: [8] Undefined index: url E:\xampp\htdocs\deshang\trunk\application\Common\Controller\AppframeController.class.php 第 24 行.

[ 2017-09-06T22:10:04+08:00 ] 127.0.0.1 /index.php?g=user&m=index&a=is_login
INFO: [ app_begin ] --START--
INFO: Run Behavior\ReadHtmlCacheBehavior [ RunTime:0.000521s ]
INFO: Run Behavior\CheckLangBehavior [ RunTime:0.000813s ]
INFO: [ app_begin ] --END-- [ RunTime:0.001854s ]
NOTIC: [8] Undefined index: url E:\xampp\htdocs\deshang\trunk\application\Common\Controller\AppframeController.class.php 第 24 行.

[ 2017-09-06T22:11:13+08:00 ] 127.0.0.1 /index.php?g=user&m=index&a=is_login
INFO: [ app_begin ] --START--
INFO: Run Behavior\ReadHtmlCacheBehavior [ RunTime:0.000848s ]
INFO: Run Behavior\CheckLangBehavior [ RunTime:0.001451s ]
INFO: [ app_begin ] --END-- [ RunTime:0.003236s ]
NOTIC: [8] Undefined index: url E:\xampp\htdocs\deshang\trunk\application\Common\Controller\AppframeController.class.php 第 24 行.

[ 2017-09-06T22:13:35+08:00 ] 127.0.0.1 /index.php?g=user&m=index&a=is_login
INFO: [ app_begin ] --START--
INFO: Run Behavior\ReadHtmlCacheBehavior [ RunTime:0.000807s ]
INFO: Run Behavior\CheckLangBehavior [ RunTime:0.001402s ]
INFO: [ app_begin ] --END-- [ RunTime:0.003142s ]
NOTIC: [8] Undefined index: url E:\xampp\htdocs\deshang\trunk\application\Common\Controller\AppframeController.class.php 第 24 行.

[ 2017-09-06T22:18:05+08:00 ] 127.0.0.1 /index.php?g=user&m=index&a=is_login
INFO: [ app_begin ] --START--
INFO: Run Behavior\ReadHtmlCacheBehavior [ RunTime:0.000916s ]
INFO: Run Behavior\CheckLangBehavior [ RunTime:0.001472s ]
INFO: [ app_begin ] --END-- [ RunTime:0.003126s ]
NOTIC: [8] Undefined index: url E:\xampp\htdocs\deshang\trunk\application\Common\Controller\AppframeController.class.php 第 24 行.

[ 2017-09-06T22:19:11+08:00 ] 127.0.0.1 /index.php?g=user&m=index&a=is_login
INFO: [ app_begin ] --START--
INFO: Run Behavior\ReadHtmlCacheBehavior [ RunTime:0.000689s ]
INFO: Run Behavior\CheckLangBehavior [ RunTime:0.001159s ]
INFO: [ app_begin ] --END-- [ RunTime:0.002532s ]
NOTIC: [8] Undefined index: url E:\xampp\htdocs\deshang\trunk\application\Common\Controller\AppframeController.class.php 第 24 行.

[ 2017-09-06T22:20:36+08:00 ] 127.0.0.1 /index.php?g=user&m=index&a=is_login
INFO: [ app_begin ] --START--
INFO: Run Behavior\ReadHtmlCacheBehavior [ RunTime:0.000727s ]
INFO: Run Behavior\CheckLangBehavior [ RunTime:0.001042s ]
INFO: [ app_begin ] --END-- [ RunTime:0.002320s ]
NOTIC: [8] Undefined index: url E:\xampp\htdocs\deshang\trunk\application\Common\Controller\AppframeController.class.php 第 24 行.

[ 2017-09-06T22:23:27+08:00 ] 127.0.0.1 /index.php?g=user&m=index&a=is_login
INFO: [ app_begin ] --START--
INFO: Run Behavior\ReadHtmlCacheBehavior [ RunTime:0.000721s ]
INFO: Run Behavior\CheckLangBehavior [ RunTime:0.001028s ]
INFO: [ app_begin ] --END-- [ RunTime:0.002428s ]
NOTIC: [8] Undefined index: url E:\xampp\htdocs\deshang\trunk\application\Common\Controller\AppframeController.class.php 第 24 行.

[ 2017-09-06T22:24:27+08:00 ] 127.0.0.1 /index.php?g=user&m=index&a=is_login
INFO: [ app_begin ] --START--
INFO: Run Behavior\ReadHtmlCacheBehavior [ RunTime:0.000540s ]
INFO: Run Behavior\CheckLangBehavior [ RunTime:0.001223s ]
INFO: [ app_begin ] --END-- [ RunTime:0.002408s ]
NOTIC: [8] Undefined index: url E:\xampp\htdocs\deshang\trunk\application\Common\Controller\AppframeController.class.php 第 24 行.

[ 2017-09-06T22:28:02+08:00 ] 127.0.0.1 /index.php?g=user&m=index&a=is_login
INFO: [ app_begin ] --START--
INFO: Run Behavior\ReadHtmlCacheBehavior [ RunTime:0.000582s ]
INFO: Run Behavior\CheckLangBehavior [ RunTime:0.000869s ]
INFO: [ app_begin ] --END-- [ RunTime:0.002109s ]
NOTIC: [8] Undefined index: url E:\xampp\htdocs\deshang\trunk\application\Common\Controller\AppframeController.class.php 第 24 行.

[ 2017-09-06T22:28:42+08:00 ] 127.0.0.1 /index.php?g=user&m=index&a=is_login
INFO: [ app_begin ] --START--
INFO: Run Behavior\ReadHtmlCacheBehavior [ RunTime:0.000753s ]
INFO: Run Behavior\CheckLangBehavior [ RunTime:0.000872s ]
INFO: [ app_begin ] --END-- [ RunTime:0.002313s ]
NOTIC: [8] Undefined index: url E:\xampp\htdocs\deshang\trunk\application\Common\Controller\AppframeController.class.php 第 24 行.

[ 2017-09-06T22:30:24+08:00 ] 127.0.0.1 /index.php?g=user&m=index&a=is_login
INFO: [ app_begin ] --START--
INFO: Run Behavior\ReadHtmlCacheBehavior [ RunTime:0.000728s ]
INFO: Run Behavior\CheckLangBehavior [ RunTime:0.001720s ]
INFO: [ app_begin ] --END-- [ RunTime:0.003078s ]
NOTIC: [8] Undefined index: url E:\xampp\htdocs\deshang\trunk\application\Common\Controller\AppframeController.class.php 第 24 行.

[ 2017-09-06T22:33:23+08:00 ] 127.0.0.1 /index.php?g=user&m=index&a=is_login
INFO: [ app_begin ] --START--
INFO: Run Behavior\ReadHtmlCacheBehavior [ RunTime:0.001005s ]
INFO: Run Behavior\CheckLangBehavior [ RunTime:0.001892s ]
INFO: [ app_begin ] --END-- [ RunTime:0.003632s ]
NOTIC: [8] Undefined index: url E:\xampp\htdocs\deshang\trunk\application\Common\Controller\AppframeController.class.php 第 24 行.

[ 2017-09-06T22:35:12+08:00 ] 127.0.0.1 /index.php?g=user&m=index&a=is_login
INFO: [ app_begin ] --START--
INFO: Run Behavior\ReadHtmlCacheBehavior [ RunTime:0.001030s ]
INFO: Run Behavior\CheckLangBehavior [ RunTime:0.001691s ]
INFO: [ app_begin ] --END-- [ RunTime:0.003394s ]
NOTIC: [8] Undefined index: url E:\xampp\htdocs\deshang\trunk\application\Common\Controller\AppframeController.class.php 第 24 行.

[ 2017-09-06T22:36:04+08:00 ] 127.0.0.1 /index.php?g=user&m=index&a=is_login
INFO: [ app_begin ] --START--
INFO: Run Behavior\ReadHtmlCacheBehavior [ RunTime:0.001173s ]
INFO: Run Behavior\CheckLangBehavior [ RunTime:0.002285s ]
INFO: [ app_begin ] --END-- [ RunTime:0.004224s ]
NOTIC: [8] Undefined index: url E:\xampp\htdocs\deshang\trunk\application\Common\Controller\AppframeController.class.php 第 24 行.

[ 2017-09-06T22:36:33+08:00 ] 127.0.0.1 /index.php?g=user&m=index&a=is_login
INFO: [ app_begin ] --START--
INFO: Run Behavior\ReadHtmlCacheBehavior [ RunTime:0.001574s ]
INFO: Run Behavior\CheckLangBehavior [ RunTime:0.001233s ]
INFO: [ app_begin ] --END-- [ RunTime:0.003785s ]
NOTIC: [8] Undefined index: url E:\xampp\htdocs\deshang\trunk\application\Common\Controller\AppframeController.class.php 第 24 行.

[ 2017-09-06T22:37:48+08:00 ] 127.0.0.1 /index.php?g=user&m=index&a=is_login
INFO: [ app_begin ] --START--
INFO: Run Behavior\ReadHtmlCacheBehavior [ RunTime:0.001026s ]
INFO: Run Behavior\CheckLangBehavior [ RunTime:0.001673s ]
INFO: [ app_begin ] --END-- [ RunTime:0.003373s ]
NOTIC: [8] Undefined index: url E:\xampp\htdocs\deshang\trunk\application\Common\Controller\AppframeController.class.php 第 24 行.

[ 2017-09-06T22:38:51+08:00 ] 127.0.0.1 /index.php?g=user&m=index&a=is_login
INFO: [ app_begin ] --START--
INFO: Run Behavior\ReadHtmlCacheBehavior [ RunTime:0.001777s ]
INFO: Run Behavior\CheckLangBehavior [ RunTime:0.001628s ]
INFO: [ app_begin ] --END-- [ RunTime:0.005760s ]
NOTIC: [8] Undefined index: url E:\xampp\htdocs\deshang\trunk\application\Common\Controller\AppframeController.class.php 第 24 行.

[ 2017-09-06T22:39:05+08:00 ] 127.0.0.1 /index.php?g=user&m=index&a=is_login
INFO: [ app_begin ] --START--
INFO: Run Behavior\ReadHtmlCacheBehavior [ RunTime:0.002528s ]
INFO: Run Behavior\CheckLangBehavior [ RunTime:0.003484s ]
INFO: [ app_begin ] --END-- [ RunTime:0.007784s ]
NOTIC: [8] Undefined index: url E:\xampp\htdocs\deshang\trunk\application\Common\Controller\AppframeController.class.php 第 24 行.

[ 2017-09-06T22:40:33+08:00 ] 127.0.0.1 /index.php?g=user&m=index&a=is_login
INFO: [ app_begin ] --START--
INFO: Run Behavior\ReadHtmlCacheBehavior [ RunTime:0.000749s ]
INFO: Run Behavior\CheckLangBehavior [ RunTime:0.001131s ]
INFO: [ app_begin ] --END-- [ RunTime:0.002435s ]
NOTIC: [8] Undefined index: url E:\xampp\htdocs\deshang\trunk\application\Common\Controller\AppframeController.class.php 第 24 行.

[ 2017-09-06T22:41:36+08:00 ] 127.0.0.1 /index.php?g=user&m=index&a=is_login
INFO: [ app_begin ] --START--
INFO: Run Behavior\ReadHtmlCacheBehavior [ RunTime:0.000476s ]
INFO: Run Behavior\CheckLangBehavior [ RunTime:0.000746s ]
INFO: [ app_begin ] --END-- [ RunTime:0.001702s ]
NOTIC: [8] Undefined index: url E:\xampp\htdocs\deshang\trunk\application\Common\Controller\AppframeController.class.php 第 24 行.

[ 2017-09-06T22:45:29+08:00 ] 127.0.0.1 /index.php?g=user&m=index&a=is_login
INFO: [ app_begin ] --START--
INFO: Run Behavior\ReadHtmlCacheBehavior [ RunTime:0.000728s ]
INFO: Run Behavior\CheckLangBehavior [ RunTime:0.001041s ]
INFO: [ app_begin ] --END-- [ RunTime:0.002515s ]
NOTIC: [8] Undefined index: url E:\xampp\htdocs\deshang\trunk\application\Common\Controller\AppframeController.class.php 第 24 行.

[ 2017-09-06T22:46:59+08:00 ] 127.0.0.1 /index.php?g=user&m=index&a=is_login
INFO: [ app_begin ] --START--
INFO: Run Behavior\ReadHtmlCacheBehavior [ RunTime:0.000797s ]
INFO: Run Behavior\CheckLangBehavior [ RunTime:0.001813s ]
INFO: [ app_begin ] --END-- [ RunTime:0.003270s ]
NOTIC: [8] Undefined index: url E:\xampp\htdocs\deshang\trunk\application\Common\Controller\AppframeController.class.php 第 24 行.

[ 2017-09-06T22:47:13+08:00 ] 127.0.0.1 /index.php?g=user&m=index&a=is_login
INFO: [ app_begin ] --START--
INFO: Run Behavior\ReadHtmlCacheBehavior [ RunTime:0.000685s ]
INFO: Run Behavior\CheckLangBehavior [ RunTime:0.002172s ]
INFO: [ app_begin ] --END-- [ RunTime:0.003361s ]
NOTIC: [8] Undefined index: url E:\xampp\htdocs\deshang\trunk\application\Common\Controller\AppframeController.class.php 第 24 行.

[ 2017-09-06T22:49:27+08:00 ] 127.0.0.1 /index.php?g=user&m=index&a=is_login
INFO: [ app_begin ] --START--
INFO: Run Behavior\ReadHtmlCacheBehavior [ RunTime:0.000739s ]
INFO: Run Behavior\CheckLangBehavior [ RunTime:0.001051s ]
INFO: [ app_begin ] --END-- [ RunTime:0.002510s ]
NOTIC: [8] Undefined index: url E:\xampp\htdocs\deshang\trunk\application\Common\Controller\AppframeController.class.php 第 24 行.

[ 2017-09-06T22:50:03+08:00 ] 127.0.0.1 /index.php?g=user&m=index&a=is_login
INFO: [ app_begin ] --START--
INFO: Run Behavior\ReadHtmlCacheBehavior [ RunTime:0.000730s ]
INFO: Run Behavior\CheckLangBehavior [ RunTime:0.001164s ]
INFO: [ app_begin ] --END-- [ RunTime:0.002631s ]
NOTIC: [8] Undefined index: url E:\xampp\htdocs\deshang\trunk\application\Common\Controller\AppframeController.class.php 第 24 行.

[ 2017-09-06T22:50:06+08:00 ] 127.0.0.1 /index.php?g=user&m=index&a=is_login
INFO: [ app_begin ] --START--
INFO: Run Behavior\ReadHtmlCacheBehavior [ RunTime:0.000867s ]
INFO: Run Behavior\CheckLangBehavior [ RunTime:0.002850s ]
INFO: [ app_begin ] --END-- [ RunTime:0.004591s ]
NOTIC: [8] Undefined index: url E:\xampp\htdocs\deshang\trunk\application\Common\Controller\AppframeController.class.php 第 24 行.

[ 2017-09-06T22:50:06+08:00 ] 127.0.0.1 /index.php?g=user&m=index&a=is_login
INFO: [ app_begin ] --START--
INFO: Run Behavior\ReadHtmlCacheBehavior [ RunTime:0.000735s ]
INFO: Run Behavior\CheckLangBehavior [ RunTime:0.001758s ]
INFO: [ app_begin ] --END-- [ RunTime:0.003454s ]
NOTIC: [8] Undefined index: url E:\xampp\htdocs\deshang\trunk\application\Common\Controller\AppframeController.class.php 第 24 行.

[ 2017-09-06T22:50:33+08:00 ] 127.0.0.1 /index.php?g=user&m=index&a=is_login
INFO: [ app_begin ] --START--
INFO: Run Behavior\ReadHtmlCacheBehavior [ RunTime:0.000824s ]
INFO: Run Behavior\CheckLangBehavior [ RunTime:0.001007s ]
INFO: [ app_begin ] --END-- [ RunTime:0.002586s ]
NOTIC: [8] Undefined index: url E:\xampp\htdocs\deshang\trunk\application\Common\Controller\AppframeController.class.php 第 24 行.

[ 2017-09-06T22:51:19+08:00 ] 127.0.0.1 /index.php?g=user&m=index&a=is_login
INFO: [ app_begin ] --START--
INFO: Run Behavior\ReadHtmlCacheBehavior [ RunTime:0.000754s ]
INFO: Run Behavior\CheckLangBehavior [ RunTime:0.001067s ]
INFO: [ app_begin ] --END-- [ RunTime:0.002751s ]
NOTIC: [8] Undefined index: url E:\xampp\htdocs\deshang\trunk\application\Common\Controller\AppframeController.class.php 第 24 行.

[ 2017-09-06T22:58:47+08:00 ] 127.0.0.1 /index.php?g=user&m=index&a=is_login
INFO: [ app_begin ] --START--
INFO: Run Behavior\ReadHtmlCacheBehavior [ RunTime:0.000947s ]
INFO: Run Behavior\CheckLangBehavior [ RunTime:0.001367s ]
INFO: [ app_begin ] --END-- [ RunTime:0.003061s ]
NOTIC: [8] Undefined index: url E:\xampp\htdocs\deshang\trunk\application\Common\Controller\AppframeController.class.php 第 24 行.

[ 2017-09-06T23:00:25+08:00 ] 127.0.0.1 /index.php?g=user&m=index&a=is_login
INFO: [ app_begin ] --START--
INFO: Run Behavior\ReadHtmlCacheBehavior [ RunTime:0.000581s ]
INFO: Run Behavior\CheckLangBehavior [ RunTime:0.001628s ]
INFO: [ app_begin ] --END-- [ RunTime:0.002781s ]
NOTIC: [8] Undefined index: url E:\xampp\htdocs\deshang\trunk\application\Common\Controller\AppframeController.class.php 第 24 行.

[ 2017-09-06T23:00:39+08:00 ] 127.0.0.1 /index.php?g=user&m=index&a=is_login
INFO: [ app_begin ] --START--
INFO: Run Behavior\ReadHtmlCacheBehavior [ RunTime:0.000855s ]
INFO: Run Behavior\CheckLangBehavior [ RunTime:0.001186s ]
INFO: [ app_begin ] --END-- [ RunTime:0.002809s ]
NOTIC: [8] Undefined index: url E:\xampp\htdocs\deshang\trunk\application\Common\Controller\AppframeController.class.php 第 24 行.

[ 2017-09-06T23:00:50+08:00 ] 127.0.0.1 /index.php?g=user&m=index&a=is_login
INFO: [ app_begin ] --START--
INFO: Run Behavior\ReadHtmlCacheBehavior [ RunTime:0.001140s ]
INFO: Run Behavior\CheckLangBehavior [ RunTime:0.002751s ]
INFO: [ app_begin ] --END-- [ RunTime:0.004887s ]
NOTIC: [8] Undefined index: url E:\xampp\htdocs\deshang\trunk\application\Common\Controller\AppframeController.class.php 第 24 行.

[ 2017-09-06T23:00:55+08:00 ] 127.0.0.1 /index.php?g=user&m=index&a=is_login
INFO: [ app_begin ] --START--
INFO: Run Behavior\ReadHtmlCacheBehavior [ RunTime:0.002641s ]
INFO: Run Behavior\CheckLangBehavior [ RunTime:0.002694s ]
INFO: [ app_begin ] --END-- [ RunTime:0.006028s ]
NOTIC: [8] Undefined index: url E:\xampp\htdocs\deshang\trunk\application\Common\Controller\AppframeController.class.php 第 24 行.

[ 2017-09-06T23:01:42+08:00 ] 127.0.0.1 /index.php?g=user&m=index&a=is_login
INFO: [ app_begin ] --START--
INFO: Run Behavior\ReadHtmlCacheBehavior [ RunTime:0.001344s ]
INFO: Run Behavior\CheckLangBehavior [ RunTime:0.002148s ]
INFO: [ app_begin ] --END-- [ RunTime:0.004353s ]
NOTIC: [8] Undefined index: url E:\xampp\htdocs\deshang\trunk\application\Common\Controller\AppframeController.class.php 第 24 行.

[ 2017-09-06T23:01:43+08:00 ] 127.0.0.1 /index.php?g=user&m=index&a=is_login
INFO: [ app_begin ] --START--
INFO: Run Behavior\ReadHtmlCacheBehavior [ RunTime:0.001434s ]
INFO: Run Behavior\CheckLangBehavior [ RunTime:0.002573s ]
INFO: [ app_begin ] --END-- [ RunTime:0.004842s ]
NOTIC: [8] Undefined index: url E:\xampp\htdocs\deshang\trunk\application\Common\Controller\AppframeController.class.php 第 24 行.

[ 2017-09-06T23:01:46+08:00 ] 127.0.0.1 /index.php?g=user&m=index&a=is_login
INFO: [ app_begin ] --START--
INFO: Run Behavior\ReadHtmlCacheBehavior [ RunTime:0.001863s ]
INFO: Run Behavior\CheckLangBehavior [ RunTime:0.002569s ]
INFO: [ app_begin ] --END-- [ RunTime:0.006636s ]
NOTIC: [8] Undefined index: url E:\xampp\htdocs\deshang\trunk\application\Common\Controller\AppframeController.class.php 第 24 行.

[ 2017-09-06T23:01:48+08:00 ] 127.0.0.1 /index.php?g=user&m=index&a=is_login
INFO: [ app_begin ] --START--
INFO: Run Behavior\ReadHtmlCacheBehavior [ RunTime:0.001487s ]
INFO: Run Behavior\CheckLangBehavior [ RunTime:0.002225s ]
INFO: [ app_begin ] --END-- [ RunTime:0.004513s ]
NOTIC: [8] Undefined index: url E:\xampp\htdocs\deshang\trunk\application\Common\Controller\AppframeController.class.php 第 24 行.

[ 2017-09-06T23:01:49+08:00 ] 127.0.0.1 /index.php?g=user&m=index&a=is_login
INFO: [ app_begin ] --START--
INFO: Run Behavior\ReadHtmlCacheBehavior [ RunTime:0.000604s ]
INFO: Run Behavior\CheckLangBehavior [ RunTime:0.000851s ]
INFO: [ app_begin ] --END-- [ RunTime:0.001878s ]
NOTIC: [8] Undefined index: url E:\xampp\htdocs\deshang\trunk\application\Common\Controller\AppframeController.class.php 第 24 行.

[ 2017-09-06T23:02:21+08:00 ] 127.0.0.1 /index.php?g=user&m=index&a=is_login
INFO: [ app_begin ] --START--
INFO: Run Behavior\ReadHtmlCacheBehavior [ RunTime:0.000576s ]
INFO: Run Behavior\CheckLangBehavior [ RunTime:0.001051s ]
INFO: [ app_begin ] --END-- [ RunTime:0.002075s ]
NOTIC: [8] Undefined index: url E:\xampp\htdocs\deshang\trunk\application\Common\Controller\AppframeController.class.php 第 24 行.

[ 2017-09-06T23:02:58+08:00 ] 127.0.0.1 /index.php?g=user&m=index&a=is_login
INFO: [ app_begin ] --START--
INFO: Run Behavior\ReadHtmlCacheBehavior [ RunTime:0.000572s ]
INFO: Run Behavior\CheckLangBehavior [ RunTime:0.001268s ]
INFO: [ app_begin ] --END-- [ RunTime:0.002384s ]
NOTIC: [8] Undefined index: url E:\xampp\htdocs\deshang\trunk\application\Common\Controller\AppframeController.class.php 第 24 行.

[ 2017-09-06T23:03:00+08:00 ] 127.0.0.1 /index.php?g=user&m=index&a=is_login
INFO: [ app_begin ] --START--
INFO: Run Behavior\ReadHtmlCacheBehavior [ RunTime:0.000836s ]
INFO: Run Behavior\CheckLangBehavior [ RunTime:0.001304s ]
INFO: [ app_begin ] --END-- [ RunTime:0.002907s ]
NOTIC: [8] Undefined index: url E:\xampp\htdocs\deshang\trunk\application\Common\Controller\AppframeController.class.php 第 24 行.

[ 2017-09-06T23:04:51+08:00 ] 127.0.0.1 /index.php?g=user&m=index&a=is_login
INFO: [ app_begin ] --START--
INFO: Run Behavior\ReadHtmlCacheBehavior [ RunTime:0.000846s ]
INFO: Run Behavior\CheckLangBehavior [ RunTime:0.000984s ]
INFO: [ app_begin ] --END-- [ RunTime:0.002622s ]
NOTIC: [8] Undefined index: url E:\xampp\htdocs\deshang\trunk\application\Common\Controller\AppframeController.class.php 第 24 行.

[ 2017-09-06T23:05:29+08:00 ] 127.0.0.1 /index.php?g=user&m=index&a=is_login
INFO: [ app_begin ] --START--
INFO: Run Behavior\ReadHtmlCacheBehavior [ RunTime:0.000724s ]
INFO: Run Behavior\CheckLangBehavior [ RunTime:0.001153s ]
INFO: [ app_begin ] --END-- [ RunTime:0.002598s ]
NOTIC: [8] Undefined index: url E:\xampp\htdocs\deshang\trunk\application\Common\Controller\AppframeController.class.php 第 24 行.

[ 2017-09-06T23:05:37+08:00 ] 127.0.0.1 /index.php?g=user&m=index&a=is_login
INFO: [ app_begin ] --START--
INFO: Run Behavior\ReadHtmlCacheBehavior [ RunTime:0.000875s ]
INFO: Run Behavior\CheckLangBehavior [ RunTime:0.001672s ]
INFO: [ app_begin ] --END-- [ RunTime:0.003464s ]
NOTIC: [8] Undefined index: url E:\xampp\htdocs\deshang\trunk\application\Common\Controller\AppframeController.class.php 第 24 行.

[ 2017-09-06T23:06:04+08:00 ] 127.0.0.1 /index.php?g=user&m=index&a=is_login
INFO: [ app_begin ] --START--
INFO: Run Behavior\ReadHtmlCacheBehavior [ RunTime:0.000776s ]
INFO: Run Behavior\CheckLangBehavior [ RunTime:0.000978s ]
INFO: [ app_begin ] --END-- [ RunTime:0.002492s ]
NOTIC: [8] Undefined index: url E:\xampp\htdocs\deshang\trunk\application\Common\Controller\AppframeController.class.php 第 24 行.

[ 2017-09-06T23:06:27+08:00 ] 127.0.0.1 /index.php?g=user&m=index&a=is_login
INFO: [ app_begin ] --START--
INFO: Run Behavior\ReadHtmlCacheBehavior [ RunTime:0.000560s ]
INFO: Run Behavior\CheckLangBehavior [ RunTime:0.000756s ]
INFO: [ app_begin ] --END-- [ RunTime:0.001890s ]
NOTIC: [8] Undefined index: url E:\xampp\htdocs\deshang\trunk\application\Common\Controller\AppframeController.class.php 第 24 行.

[ 2017-09-06T23:06:41+08:00 ] 127.0.0.1 /index.php?g=user&m=index&a=is_login
INFO: [ app_begin ] --START--
INFO: Run Behavior\ReadHtmlCacheBehavior [ RunTime:0.001028s ]
INFO: Run Behavior\CheckLangBehavior [ RunTime:0.002805s ]
INFO: [ app_begin ] --END-- [ RunTime:0.004667s ]
NOTIC: [8] Undefined index: url E:\xampp\htdocs\deshang\trunk\application\Common\Controller\AppframeController.class.php 第 24 行.

[ 2017-09-06T23:09:11+08:00 ] 127.0.0.1 /index.php?g=user&m=index&a=is_login
INFO: [ app_begin ] --START--
INFO: Run Behavior\ReadHtmlCacheBehavior [ RunTime:0.000643s ]
INFO: Run Behavior\CheckLangBehavior [ RunTime:0.001039s ]
INFO: [ app_begin ] --END-- [ RunTime:0.002168s ]
NOTIC: [8] Undefined index: url E:\xampp\htdocs\deshang\trunk\application\Common\Controller\AppframeController.class.php 第 24 行.

[ 2017-09-06T23:09:14+08:00 ] 127.0.0.1 /index.php?g=user&m=index&a=is_login
INFO: [ app_begin ] --START--
INFO: Run Behavior\ReadHtmlCacheBehavior [ RunTime:0.001162s ]
INFO: Run Behavior\CheckLangBehavior [ RunTime:0.003306s ]
INFO: [ app_begin ] --END-- [ RunTime:0.005265s ]
NOTIC: [8] Undefined index: url E:\xampp\htdocs\deshang\trunk\application\Common\Controller\AppframeController.class.php 第 24 行.

[ 2017-09-06T23:11:30+08:00 ] 127.0.0.1 /index.php?g=user&m=index&a=is_login
INFO: [ app_begin ] --START--
INFO: Run Behavior\ReadHtmlCacheBehavior [ RunTime:0.001193s ]
INFO: Run Behavior\CheckLangBehavior [ RunTime:0.001750s ]
INFO: [ app_begin ] --END-- [ RunTime:0.003906s ]
NOTIC: [8] Undefined index: url E:\xampp\htdocs\deshang\trunk\application\Common\Controller\AppframeController.class.php 第 24 行.

[ 2017-09-06T23:12:00+08:00 ] 127.0.0.1 /index.php?g=user&m=index&a=is_login
INFO: [ app_begin ] --START--
INFO: Run Behavior\ReadHtmlCacheBehavior [ RunTime:0.001232s ]
INFO: Run Behavior\CheckLangBehavior [ RunTime:0.002703s ]
INFO: [ app_begin ] --END-- [ RunTime:0.004705s ]
NOTIC: [8] Undefined index: url E:\xampp\htdocs\deshang\trunk\application\Common\Controller\AppframeController.class.php 第 24 行.

[ 2017-09-06T23:14:34+08:00 ] 127.0.0.1 /index.php?g=user&m=index&a=is_login
INFO: [ app_begin ] --START--
INFO: Run Behavior\ReadHtmlCacheBehavior [ RunTime:0.001109s ]
INFO: Run Behavior\CheckLangBehavior [ RunTime:0.002044s ]
INFO: [ app_begin ] --END-- [ RunTime:0.003849s ]
NOTIC: [8] Undefined index: url E:\xampp\htdocs\deshang\trunk\application\Common\Controller\AppframeController.class.php 第 24 行.

[ 2017-09-06T23:14:43+08:00 ] 127.0.0.1 /index.php?g=user&m=index&a=is_login
INFO: [ app_begin ] --START--
INFO: Run Behavior\ReadHtmlCacheBehavior [ RunTime:0.000762s ]
INFO: Run Behavior\CheckLangBehavior [ RunTime:0.002606s ]
INFO: [ app_begin ] --END-- [ RunTime:0.004136s ]
NOTIC: [8] Undefined index: url E:\xampp\htdocs\deshang\trunk\application\Common\Controller\AppframeController.class.php 第 24 行.

[ 2017-09-06T23:15:47+08:00 ] 127.0.0.1 /index.php?g=user&m=index&a=is_login
INFO: [ app_begin ] --START--
INFO: Run Behavior\ReadHtmlCacheBehavior [ RunTime:0.000823s ]
INFO: Run Behavior\CheckLangBehavior [ RunTime:0.001822s ]
INFO: [ app_begin ] --END-- [ RunTime:0.003514s ]
NOTIC: [8] Undefined index: url E:\xampp\htdocs\deshang\trunk\application\Common\Controller\AppframeController.class.php 第 24 行.

[ 2017-09-06T23:17:04+08:00 ] 127.0.0.1 /index.php?g=user&m=index&a=is_login
INFO: [ app_begin ] --START--
INFO: Run Behavior\ReadHtmlCacheBehavior [ RunTime:0.000774s ]
INFO: Run Behavior\CheckLangBehavior [ RunTime:0.001738s ]
INFO: [ app_begin ] --END-- [ RunTime:0.003049s ]
NOTIC: [8] Undefined index: url E:\xampp\htdocs\deshang\trunk\application\Common\Controller\AppframeController.class.php 第 24 行.

[ 2017-09-06T23:18:08+08:00 ] 127.0.0.1 /index.php?g=user&m=index&a=is_login
INFO: [ app_begin ] --START--
INFO: Run Behavior\ReadHtmlCacheBehavior [ RunTime:0.001177s ]
INFO: Run Behavior\CheckLangBehavior [ RunTime:0.002149s ]
INFO: [ app_begin ] --END-- [ RunTime:0.004217s ]
NOTIC: [8] Undefined index: url E:\xampp\htdocs\deshang\trunk\application\Common\Controller\AppframeController.class.php 第 24 行.

[ 2017-09-06T23:18:45+08:00 ] 127.0.0.1 /index.php?g=user&m=index&a=is_login
INFO: [ app_begin ] --START--
INFO: Run Behavior\ReadHtmlCacheBehavior [ RunTime:0.000900s ]
INFO: Run Behavior\CheckLangBehavior [ RunTime:0.001289s ]
INFO: [ app_begin ] --END-- [ RunTime:0.003084s ]
NOTIC: [8] Undefined index: url E:\xampp\htdocs\deshang\trunk\application\Common\Controller\AppframeController.class.php 第 24 行.

[ 2017-09-06T23:18:48+08:00 ] 127.0.0.1 /index.php?g=user&m=index&a=is_login
INFO: [ app_begin ] --START--
INFO: Run Behavior\ReadHtmlCacheBehavior [ RunTime:0.001104s ]
INFO: Run Behavior\CheckLangBehavior [ RunTime:0.001850s ]
INFO: [ app_begin ] --END-- [ RunTime:0.003626s ]
NOTIC: [8] Undefined index: url E:\xampp\htdocs\deshang\trunk\application\Common\Controller\AppframeController.class.php 第 24 行.

[ 2017-09-06T23:19:33+08:00 ] 127.0.0.1 /index.php?g=user&m=index&a=is_login
INFO: [ app_begin ] --START--
INFO: Run Behavior\ReadHtmlCacheBehavior [ RunTime:0.000792s ]
INFO: Run Behavior\CheckLangBehavior [ RunTime:0.001173s ]
INFO: [ app_begin ] --END-- [ RunTime:0.002732s ]
NOTIC: [8] Undefined index: url E:\xampp\htdocs\deshang\trunk\application\Common\Controller\AppframeController.class.php 第 24 行.

[ 2017-09-06T23:19:50+08:00 ] 127.0.0.1 /index.php?g=user&m=index&a=is_login
INFO: [ app_begin ] --START--
INFO: Run Behavior\ReadHtmlCacheBehavior [ RunTime:0.001057s ]
INFO: Run Behavior\CheckLangBehavior [ RunTime:0.002110s ]
INFO: [ app_begin ] --END-- [ RunTime:0.004001s ]
NOTIC: [8] Undefined index: url E:\xampp\htdocs\deshang\trunk\application\Common\Controller\AppframeController.class.php 第 24 行.

[ 2017-09-06T23:20:41+08:00 ] 127.0.0.1 /index.php?g=user&m=index&a=is_login
INFO: [ app_begin ] --START--
INFO: Run Behavior\ReadHtmlCacheBehavior [ RunTime:0.001735s ]
INFO: Run Behavior\CheckLangBehavior [ RunTime:0.001976s ]
INFO: [ app_begin ] --END-- [ RunTime:0.004746s ]
NOTIC: [8] Undefined index: url E:\xampp\htdocs\deshang\trunk\application\Common\Controller\AppframeController.class.php 第 24 行.

[ 2017-09-06T23:20:42+08:00 ] 127.0.0.1 /index.php?g=user&m=index&a=is_login
INFO: [ app_begin ] --START--
INFO: Run Behavior\ReadHtmlCacheBehavior [ RunTime:0.000771s ]
INFO: Run Behavior\CheckLangBehavior [ RunTime:0.001099s ]
INFO: [ app_begin ] --END-- [ RunTime:0.002499s ]
NOTIC: [8] Undefined index: url E:\xampp\htdocs\deshang\trunk\application\Common\Controller\AppframeController.class.php 第 24 行.

[ 2017-09-06T23:20:54+08:00 ] 127.0.0.1 /index.php?g=user&m=index&a=is_login
INFO: [ app_begin ] --START--
INFO: Run Behavior\ReadHtmlCacheBehavior [ RunTime:0.000612s ]
INFO: Run Behavior\CheckLangBehavior [ RunTime:0.000878s ]
INFO: [ app_begin ] --END-- [ RunTime:0.002019s ]
NOTIC: [8] Undefined index: url E:\xampp\htdocs\deshang\trunk\application\Common\Controller\AppframeController.class.php 第 24 行.

[ 2017-09-06T23:21:13+08:00 ] 127.0.0.1 /index.php?g=user&m=index&a=is_login
INFO: [ app_begin ] --START--
INFO: Run Behavior\ReadHtmlCacheBehavior [ RunTime:0.001059s ]
INFO: Run Behavior\CheckLangBehavior [ RunTime:0.001495s ]
INFO: [ app_begin ] --END-- [ RunTime:0.003482s ]
NOTIC: [8] Undefined index: url E:\xampp\htdocs\deshang\trunk\application\Common\Controller\AppframeController.class.php 第 24 行.

[ 2017-09-06T23:21:16+08:00 ] 127.0.0.1 /index.php?g=user&m=index&a=is_login
INFO: [ app_begin ] --START--
INFO: Run Behavior\ReadHtmlCacheBehavior [ RunTime:0.000817s ]
INFO: Run Behavior\CheckLangBehavior [ RunTime:0.001813s ]
INFO: [ app_begin ] --END-- [ RunTime:0.003579s ]
NOTIC: [8] Undefined index: url E:\xampp\htdocs\deshang\trunk\application\Common\Controller\AppframeController.class.php 第 24 行.

[ 2017-09-06T23:24:04+08:00 ] 127.0.0.1 /index.php?g=user&m=index&a=is_login
INFO: [ app_begin ] --START--
INFO: Run Behavior\ReadHtmlCacheBehavior [ RunTime:0.001157s ]
INFO: Run Behavior\CheckLangBehavior [ RunTime:0.002173s ]
INFO: [ app_begin ] --END-- [ RunTime:0.003974s ]
NOTIC: [8] Undefined index: url E:\xampp\htdocs\deshang\trunk\application\Common\Controller\AppframeController.class.php 第 24 行.

[ 2017-09-06T23:24:50+08:00 ] 127.0.0.1 /index.php?g=user&m=index&a=is_login
INFO: [ app_begin ] --START--
INFO: Run Behavior\ReadHtmlCacheBehavior [ RunTime:0.000682s ]
INFO: Run Behavior\CheckLangBehavior [ RunTime:0.001065s ]
INFO: [ app_begin ] --END-- [ RunTime:0.002284s ]
NOTIC: [8] Undefined index: url E:\xampp\htdocs\deshang\trunk\application\Common\Controller\AppframeController.class.php 第 24 行.

[ 2017-09-06T23:24:56+08:00 ] 127.0.0.1 /index.php?g=user&m=index&a=is_login
INFO: [ app_begin ] --START--
INFO: Run Behavior\ReadHtmlCacheBehavior [ RunTime:0.001292s ]
INFO: Run Behavior\CheckLangBehavior [ RunTime:0.002242s ]
INFO: [ app_begin ] --END-- [ RunTime:0.004743s ]
NOTIC: [8] Undefined index: url E:\xampp\htdocs\deshang\trunk\application\Common\Controller\AppframeController.class.php 第 24 行.

[ 2017-09-06T23:25:02+08:00 ] 127.0.0.1 /index.php?g=user&m=index&a=is_login
INFO: [ app_begin ] --START--
INFO: Run Behavior\ReadHtmlCacheBehavior [ RunTime:0.000646s ]
INFO: Run Behavior\CheckLangBehavior [ RunTime:0.001070s ]
INFO: [ app_begin ] --END-- [ RunTime:0.002132s ]
NOTIC: [8] Undefined index: url E:\xampp\htdocs\deshang\trunk\application\Common\Controller\AppframeController.class.php 第 24 行.

[ 2017-09-06T23:25:07+08:00 ] 127.0.0.1 /index.php?g=user&m=index&a=is_login
INFO: [ app_begin ] --START--
INFO: Run Behavior\ReadHtmlCacheBehavior [ RunTime:0.000732s ]
INFO: Run Behavior\CheckLangBehavior [ RunTime:0.001154s ]
INFO: [ app_begin ] --END-- [ RunTime:0.002344s ]
NOTIC: [8] Undefined index: url E:\xampp\htdocs\deshang\trunk\application\Common\Controller\AppframeController.class.php 第 24 行.

[ 2017-09-06T23:25:21+08:00 ] 127.0.0.1 /index.php?g=user&m=index&a=is_login
INFO: [ app_begin ] --START--
INFO: Run Behavior\ReadHtmlCacheBehavior [ RunTime:0.000677s ]
INFO: Run Behavior\CheckLangBehavior [ RunTime:0.001216s ]
INFO: [ app_begin ] --END-- [ RunTime:0.002426s ]
NOTIC: [8] Undefined index: url E:\xampp\htdocs\deshang\trunk\application\Common\Controller\AppframeController.class.php 第 24 行.

[ 2017-09-06T23:25:23+08:00 ] 127.0.0.1 /index.php?g=user&m=index&a=is_login
INFO: [ app_begin ] --START--
INFO: Run Behavior\ReadHtmlCacheBehavior [ RunTime:0.001204s ]
INFO: Run Behavior\CheckLangBehavior [ RunTime:0.002097s ]
INFO: [ app_begin ] --END-- [ RunTime:0.004341s ]
NOTIC: [8] Undefined index: url E:\xampp\htdocs\deshang\trunk\application\Common\Controller\AppframeController.class.php 第 24 行.

[ 2017-09-06T23:25:26+08:00 ] 127.0.0.1 /index.php?g=user&m=index&a=is_login
INFO: [ app_begin ] --START--
INFO: Run Behavior\ReadHtmlCacheBehavior [ RunTime:0.001164s ]
INFO: Run Behavior\CheckLangBehavior [ RunTime:0.001367s ]
INFO: [ app_begin ] --END-- [ RunTime:0.003449s ]
NOTIC: [8] Undefined index: url E:\xampp\htdocs\deshang\trunk\application\Common\Controller\AppframeController.class.php 第 24 行.

[ 2017-09-06T23:26:20+08:00 ] 127.0.0.1 /index.php?g=user&m=index&a=is_login
INFO: [ app_begin ] --START--
INFO: Run Behavior\ReadHtmlCacheBehavior [ RunTime:0.000872s ]
INFO: Run Behavior\CheckLangBehavior [ RunTime:0.001395s ]
INFO: [ app_begin ] --END-- [ RunTime:0.003113s ]
NOTIC: [8] Undefined index: url E:\xampp\htdocs\deshang\trunk\application\Common\Controller\AppframeController.class.php 第 24 行.

[ 2017-09-06T23:26:27+08:00 ] 127.0.0.1 /index.php?g=user&m=index&a=is_login
INFO: [ app_begin ] --START--
INFO: Run Behavior\ReadHtmlCacheBehavior [ RunTime:0.000719s ]
INFO: Run Behavior\CheckLangBehavior [ RunTime:0.001150s ]
INFO: [ app_begin ] --END-- [ RunTime:0.002338s ]
NOTIC: [8] Undefined index: url E:\xampp\htdocs\deshang\trunk\application\Common\Controller\AppframeController.class.php 第 24 行.

[ 2017-09-06T23:26:41+08:00 ] 127.0.0.1 /index.php?g=user&m=index&a=is_login
INFO: [ app_begin ] --START--
INFO: Run Behavior\ReadHtmlCacheBehavior [ RunTime:0.000862s ]
INFO: Run Behavior\CheckLangBehavior [ RunTime:0.001228s ]
INFO: [ app_begin ] --END-- [ RunTime:0.002604s ]
NOTIC: [8] Undefined index: url E:\xampp\htdocs\deshang\trunk\application\Common\Controller\AppframeController.class.php 第 24 行.

[ 2017-09-06T23:26:44+08:00 ] 127.0.0.1 /index.php?g=user&m=index&a=is_login
INFO: [ app_begin ] --START--
INFO: Run Behavior\ReadHtmlCacheBehavior [ RunTime:0.000811s ]
INFO: Run Behavior\CheckLangBehavior [ RunTime:0.001146s ]
INFO: [ app_begin ] --END-- [ RunTime:0.002534s ]
NOTIC: [8] Undefined index: url E:\xampp\htdocs\deshang\trunk\application\Common\Controller\AppframeController.class.php 第 24 行.

[ 2017-09-06T23:26:48+08:00 ] 127.0.0.1 /index.php?g=user&m=index&a=is_login
INFO: [ app_begin ] --START--
INFO: Run Behavior\ReadHtmlCacheBehavior [ RunTime:0.000688s ]
INFO: Run Behavior\CheckLangBehavior [ RunTime:0.001381s ]
INFO: [ app_begin ] --END-- [ RunTime:0.002555s ]
NOTIC: [8] Undefined index: url E:\xampp\htdocs\deshang\trunk\application\Common\Controller\AppframeController.class.php 第 24 行.

[ 2017-09-06T23:26:50+08:00 ] 127.0.0.1 /index.php?g=user&m=index&a=is_login
INFO: [ app_begin ] --START--
INFO: Run Behavior\ReadHtmlCacheBehavior [ RunTime:0.000789s ]
INFO: Run Behavior\CheckLangBehavior [ RunTime:0.001153s ]
INFO: [ app_begin ] --END-- [ RunTime:0.003199s ]
NOTIC: [8] Undefined index: url E:\xampp\htdocs\deshang\trunk\application\Common\Controller\AppframeController.class.php 第 24 行.

[ 2017-09-06T23:56:40+08:00 ] 127.0.0.1 /index.php?g=user&m=index&a=is_login
INFO: [ app_begin ] --START--
INFO: Run Behavior\ReadHtmlCacheBehavior [ RunTime:0.000824s ]
INFO: Run Behavior\CheckLangBehavior [ RunTime:0.001142s ]
INFO: [ app_begin ] --END-- [ RunTime:0.002602s ]
NOTIC: [8] Undefined index: url E:\xampp\htdocs\deshang\trunk\application\Common\Controller\AppframeController.class.php 第 24 行.

[ 2017-09-06T23:56:49+08:00 ] 127.0.0.1 /index.php?g=user&m=index&a=is_login
INFO: [ app_begin ] --START--
INFO: Run Behavior\ReadHtmlCacheBehavior [ RunTime:0.000941s ]
INFO: Run Behavior\CheckLangBehavior [ RunTime:0.001764s ]
INFO: [ app_begin ] --END-- [ RunTime:0.003623s ]
NOTIC: [8] Undefined index: url E:\xampp\htdocs\deshang\trunk\application\Common\Controller\AppframeController.class.php 第 24 行.

[ 2017-09-06T23:57:11+08:00 ] 127.0.0.1 /index.php?g=user&m=index&a=is_login
INFO: [ app_begin ] --START--
INFO: Run Behavior\ReadHtmlCacheBehavior [ RunTime:0.000742s ]
INFO: Run Behavior\CheckLangBehavior [ RunTime:0.000937s ]
INFO: [ app_begin ] --END-- [ RunTime:0.002409s ]
NOTIC: [8] Undefined index: url E:\xampp\htdocs\deshang\trunk\application\Common\Controller\AppframeController.class.php 第 24 行.

[ 2017-09-06T23:57:14+08:00 ] 127.0.0.1 /index.php?g=user&m=index&a=is_login
INFO: [ app_begin ] --START--
INFO: Run Behavior\ReadHtmlCacheBehavior [ RunTime:0.002000s ]
INFO: Run Behavior\CheckLangBehavior [ RunTime:0.003414s ]
INFO: [ app_begin ] --END-- [ RunTime:0.006791s ]
NOTIC: [8] Undefined index: url E:\xampp\htdocs\deshang\trunk\application\Common\Controller\AppframeController.class.php 第 24 行.

[ 2017-09-06T23:57:22+08:00 ] 127.0.0.1 /index.php?g=user&m=index&a=is_login
INFO: [ app_begin ] --START--
INFO: Run Behavior\ReadHtmlCacheBehavior [ RunTime:0.000760s ]
INFO: Run Behavior\CheckLangBehavior [ RunTime:0.001071s ]
INFO: [ app_begin ] --END-- [ RunTime:0.002618s ]
NOTIC: [8] Undefined index: url E:\xampp\htdocs\deshang\trunk\application\Common\Controller\AppframeController.class.php 第 24 行.

