[ 2017-09-07T10:38:33+08:00 ] 127.0.0.1 /index.php?g=user&m=index&a=is_login
INFO: [ app_begin ] --START--
INFO: Run Behavior\ReadHtmlCacheBehavior [ RunTime:0.001419s ]
INFO: Run Behavior\CheckLangBehavior [ RunTime:0.001931s ]
INFO: [ app_begin ] --END-- [ RunTime:0.004370s ]
NOTIC: [8] Undefined index: url E:\xampp\htdocs\deshang\trunk\application\Common\Controller\AppframeController.class.php 第 24 行.

[ 2017-09-07T10:39:35+08:00 ] 127.0.0.1 /index.php?g=user&m=index&a=is_login
INFO: [ app_begin ] --START--
INFO: Run Behavior\ReadHtmlCacheBehavior [ RunTime:0.001488s ]
INFO: Run Behavior\CheckLangBehavior [ RunTime:0.002494s ]
INFO: [ app_begin ] --END-- [ RunTime:0.005163s ]
NOTIC: [8] Undefined index: url E:\xampp\htdocs\deshang\trunk\application\Common\Controller\AppframeController.class.php 第 24 行.

[ 2017-09-07T10:39:37+08:00 ] 127.0.0.1 /index.php?g=user&m=index&a=is_login
INFO: [ app_begin ] --START--
INFO: Run Behavior\ReadHtmlCacheBehavior [ RunTime:0.001401s ]
INFO: Run Behavior\CheckLangBehavior [ RunTime:0.001695s ]
INFO: [ app_begin ] --END-- [ RunTime:0.003960s ]
NOTIC: [8] Undefined index: url E:\xampp\htdocs\deshang\trunk\application\Common\Controller\AppframeController.class.php 第 24 行.

[ 2017-09-07T10:41:35+08:00 ] 127.0.0.1 /index.php?g=user&m=index&a=is_login
INFO: [ app_begin ] --START--
INFO: Run Behavior\ReadHtmlCacheBehavior [ RunTime:0.006606s ]
INFO: Run Behavior\CheckLangBehavior [ RunTime:0.004704s ]
INFO: [ app_begin ] --END-- [ RunTime:0.012947s ]
NOTIC: [8] Undefined index: url E:\xampp\htdocs\deshang\trunk\application\Common\Controller\AppframeController.class.php 第 24 行.

[ 2017-09-07T10:41:36+08:00 ] 127.0.0.1 /index.php?g=user&m=index&a=is_login
INFO: [ app_begin ] --START--
INFO: Run Behavior\ReadHtmlCacheBehavior [ RunTime:0.002982s ]
INFO: Run Behavior\CheckLangBehavior [ RunTime:0.002394s ]
INFO: [ app_begin ] --END-- [ RunTime:0.006636s ]
NOTIC: [8] Undefined index: url E:\xampp\htdocs\deshang\trunk\application\Common\Controller\AppframeController.class.php 第 24 行.

