[ 2017-09-26T18:36:01+08:00 ] 127.0.0.1 /index.php?g=user&m=index&a=is_login
INFO: [ app_begin ] --START--
INFO: Run Behavior\ReadHtmlCacheBehavior [ RunTime:0.001243s ]
INFO: Run Behavior\CheckLangBehavior [ RunTime:0.001866s ]
INFO: [ app_begin ] --END-- [ RunTime:0.003853s ]
NOTIC: [8] Undefined index: url E:\xampp\htdocs\deshang\trunk\application\Common\Controller\AppframeController.class.php 第 24 行.

[ 2017-09-26T18:36:02+08:00 ] 127.0.0.1 /index.php?g=user&m=index&a=is_login
INFO: [ app_begin ] --START--
INFO: Run Behavior\ReadHtmlCacheBehavior [ RunTime:0.000933s ]
INFO: Run Behavior\CheckLangBehavior [ RunTime:0.002093s ]
INFO: [ app_begin ] --END-- [ RunTime:0.003709s ]
NOTIC: [8] Undefined index: url E:\xampp\htdocs\deshang\trunk\application\Common\Controller\AppframeController.class.php 第 24 行.

[ 2017-09-26T18:42:13+08:00 ] 127.0.0.1 /index.php?g=user&m=index&a=is_login
INFO: [ app_begin ] --START--
INFO: Run Behavior\ReadHtmlCacheBehavior [ RunTime:0.000667s ]
INFO: Run Behavior\CheckLangBehavior [ RunTime:0.001103s ]
INFO: [ app_begin ] --END-- [ RunTime:0.002295s ]
NOTIC: [8] Undefined index: url E:\xampp\htdocs\deshang\trunk\application\Common\Controller\AppframeController.class.php 第 24 行.

[ 2017-09-26T18:42:15+08:00 ] 127.0.0.1 /index.php?g=user&m=index&a=is_login
INFO: [ app_begin ] --START--
INFO: Run Behavior\ReadHtmlCacheBehavior [ RunTime:0.000929s ]
INFO: Run Behavior\CheckLangBehavior [ RunTime:0.001303s ]
INFO: [ app_begin ] --END-- [ RunTime:0.002866s ]
NOTIC: [8] Undefined index: url E:\xampp\htdocs\deshang\trunk\application\Common\Controller\AppframeController.class.php 第 24 行.

[ 2017-09-26T18:42:17+08:00 ] 127.0.0.1 /index.php?g=user&m=index&a=is_login
INFO: [ app_begin ] --START--
INFO: Run Behavior\ReadHtmlCacheBehavior [ RunTime:0.000701s ]
INFO: Run Behavior\CheckLangBehavior [ RunTime:0.001609s ]
INFO: [ app_begin ] --END-- [ RunTime:0.002816s ]
NOTIC: [8] Undefined index: url E:\xampp\htdocs\deshang\trunk\application\Common\Controller\AppframeController.class.php 第 24 行.

[ 2017-09-26T18:43:43+08:00 ] 127.0.0.1 /index.php?g=user&m=index&a=is_login
INFO: [ app_begin ] --START--
INFO: Run Behavior\ReadHtmlCacheBehavior [ RunTime:0.001367s ]
INFO: Run Behavior\CheckLangBehavior [ RunTime:0.001785s ]
INFO: [ app_begin ] --END-- [ RunTime:0.003985s ]
NOTIC: [8] Undefined index: url E:\xampp\htdocs\deshang\trunk\application\Common\Controller\AppframeController.class.php 第 24 行.

[ 2017-09-26T18:45:29+08:00 ] 127.0.0.1 /index.php?g=user&m=index&a=is_login
INFO: [ app_begin ] --START--
INFO: Run Behavior\ReadHtmlCacheBehavior [ RunTime:0.000842s ]
INFO: Run Behavior\CheckLangBehavior [ RunTime:0.001398s ]
INFO: [ app_begin ] --END-- [ RunTime:0.002791s ]
NOTIC: [8] Undefined index: url E:\xampp\htdocs\deshang\trunk\application\Common\Controller\AppframeController.class.php 第 24 行.

