[ 2017-09-13T12:15:01+08:00 ] 127.0.0.1 /index.php?g=user&m=index&a=is_login
INFO: [ app_begin ] --START--
INFO: Run Behavior\ReadHtmlCacheBehavior [ RunTime:0.001288s ]
INFO: Run Behavior\CheckLangBehavior [ RunTime:0.002575s ]
INFO: [ app_begin ] --END-- [ RunTime:0.005230s ]
NOTIC: [8] Undefined index: url E:\xampp\htdocs\deshang\trunk\application\Common\Controller\AppframeController.class.php 第 24 行.

[ 2017-09-13T12:19:06+08:00 ] 127.0.0.1 /index.php?g=user&m=index&a=is_login
INFO: [ app_begin ] --START--
INFO: Run Behavior\ReadHtmlCacheBehavior [ RunTime:0.001386s ]
INFO: Run Behavior\CheckLangBehavior [ RunTime:0.002213s ]
INFO: [ app_begin ] --END-- [ RunTime:0.004473s ]
NOTIC: [8] Undefined index: url E:\xampp\htdocs\deshang\trunk\application\Common\Controller\AppframeController.class.php 第 24 行.

[ 2017-09-13T12:19:26+08:00 ] 127.0.0.1 /index.php?g=user&m=index&a=is_login
INFO: [ app_begin ] --START--
INFO: Run Behavior\ReadHtmlCacheBehavior [ RunTime:0.001426s ]
INFO: Run Behavior\CheckLangBehavior [ RunTime:0.003166s ]
INFO: [ app_begin ] --END-- [ RunTime:0.005510s ]
NOTIC: [8] Undefined index: url E:\xampp\htdocs\deshang\trunk\application\Common\Controller\AppframeController.class.php 第 24 行.

[ 2017-09-13T12:19:54+08:00 ] 127.0.0.1 /index.php?g=user&m=index&a=is_login
INFO: [ app_begin ] --START--
INFO: Run Behavior\ReadHtmlCacheBehavior [ RunTime:0.001868s ]
INFO: Run Behavior\CheckLangBehavior [ RunTime:0.002393s ]
INFO: [ app_begin ] --END-- [ RunTime:0.005195s ]
NOTIC: [8] Undefined index: url E:\xampp\htdocs\deshang\trunk\application\Common\Controller\AppframeController.class.php 第 24 行.

[ 2017-09-13T12:21:07+08:00 ] 127.0.0.1 /index.php?g=user&m=index&a=is_login
INFO: [ app_begin ] --START--
INFO: Run Behavior\ReadHtmlCacheBehavior [ RunTime:0.001277s ]
INFO: Run Behavior\CheckLangBehavior [ RunTime:0.001879s ]
INFO: [ app_begin ] --END-- [ RunTime:0.004086s ]
NOTIC: [8] Undefined index: url E:\xampp\htdocs\deshang\trunk\application\Common\Controller\AppframeController.class.php 第 24 行.

[ 2017-09-13T12:21:11+08:00 ] 127.0.0.1 /index.php?g=user&m=index&a=is_login
INFO: [ app_begin ] --START--
INFO: Run Behavior\ReadHtmlCacheBehavior [ RunTime:0.001675s ]
INFO: Run Behavior\CheckLangBehavior [ RunTime:0.001654s ]
INFO: [ app_begin ] --END-- [ RunTime:0.004416s ]
NOTIC: [8] Undefined index: url E:\xampp\htdocs\deshang\trunk\application\Common\Controller\AppframeController.class.php 第 24 行.

[ 2017-09-13T12:21:15+08:00 ] 127.0.0.1 /index.php?g=user&m=index&a=is_login
INFO: [ app_begin ] --START--
INFO: Run Behavior\ReadHtmlCacheBehavior [ RunTime:0.001431s ]
INFO: Run Behavior\CheckLangBehavior [ RunTime:0.002888s ]
INFO: [ app_begin ] --END-- [ RunTime:0.006236s ]
NOTIC: [8] Undefined index: url E:\xampp\htdocs\deshang\trunk\application\Common\Controller\AppframeController.class.php 第 24 行.

[ 2017-09-13T12:21:17+08:00 ] 127.0.0.1 /index.php?g=user&m=index&a=is_login
INFO: [ app_begin ] --START--
INFO: Run Behavior\ReadHtmlCacheBehavior [ RunTime:0.000794s ]
INFO: Run Behavior\CheckLangBehavior [ RunTime:0.001225s ]
INFO: [ app_begin ] --END-- [ RunTime:0.002583s ]
NOTIC: [8] Undefined index: url E:\xampp\htdocs\deshang\trunk\application\Common\Controller\AppframeController.class.php 第 24 行.

[ 2017-09-13T12:21:49+08:00 ] 127.0.0.1 /index.php?g=user&m=index&a=is_login
INFO: [ app_begin ] --START--
INFO: Run Behavior\ReadHtmlCacheBehavior [ RunTime:0.000775s ]
INFO: Run Behavior\CheckLangBehavior [ RunTime:0.003043s ]
INFO: [ app_begin ] --END-- [ RunTime:0.004490s ]
NOTIC: [8] Undefined index: url E:\xampp\htdocs\deshang\trunk\application\Common\Controller\AppframeController.class.php 第 24 行.

[ 2017-09-13T12:21:51+08:00 ] 127.0.0.1 /index.php?g=user&m=index&a=is_login
INFO: [ app_begin ] --START--
INFO: Run Behavior\ReadHtmlCacheBehavior [ RunTime:0.000840s ]
INFO: Run Behavior\CheckLangBehavior [ RunTime:0.001262s ]
INFO: [ app_begin ] --END-- [ RunTime:0.002654s ]
NOTIC: [8] Undefined index: url E:\xampp\htdocs\deshang\trunk\application\Common\Controller\AppframeController.class.php 第 24 行.

[ 2017-09-13T12:21:58+08:00 ] 127.0.0.1 /index.php?g=user&m=index&a=is_login
INFO: [ app_begin ] --START--
INFO: Run Behavior\ReadHtmlCacheBehavior [ RunTime:0.000829s ]
INFO: Run Behavior\CheckLangBehavior [ RunTime:0.001241s ]
INFO: [ app_begin ] --END-- [ RunTime:0.002940s ]
NOTIC: [8] Undefined index: url E:\xampp\htdocs\deshang\trunk\application\Common\Controller\AppframeController.class.php 第 24 行.

[ 2017-09-13T12:22:08+08:00 ] 127.0.0.1 /index.php?g=user&m=index&a=is_login
INFO: [ app_begin ] --START--
INFO: Run Behavior\ReadHtmlCacheBehavior [ RunTime:0.001425s ]
INFO: Run Behavior\CheckLangBehavior [ RunTime:0.002542s ]
INFO: [ app_begin ] --END-- [ RunTime:0.005846s ]
NOTIC: [8] Undefined index: url E:\xampp\htdocs\deshang\trunk\application\Common\Controller\AppframeController.class.php 第 24 行.

[ 2017-09-13T12:24:16+08:00 ] 127.0.0.1 /index.php?g=user&m=index&a=is_login
INFO: [ app_begin ] --START--
INFO: Run Behavior\ReadHtmlCacheBehavior [ RunTime:0.001033s ]
INFO: Run Behavior\CheckLangBehavior [ RunTime:0.001279s ]
INFO: [ app_begin ] --END-- [ RunTime:0.003160s ]
NOTIC: [8] Undefined index: url E:\xampp\htdocs\deshang\trunk\application\Common\Controller\AppframeController.class.php 第 24 行.

[ 2017-09-13T12:24:18+08:00 ] 127.0.0.1 /index.php?g=user&m=index&a=is_login
INFO: [ app_begin ] --START--
INFO: Run Behavior\ReadHtmlCacheBehavior [ RunTime:0.001503s ]
INFO: Run Behavior\CheckLangBehavior [ RunTime:0.002325s ]
INFO: [ app_begin ] --END-- [ RunTime:0.005349s ]
NOTIC: [8] Undefined index: url E:\xampp\htdocs\deshang\trunk\application\Common\Controller\AppframeController.class.php 第 24 行.

[ 2017-09-13T17:41:40+08:00 ] 127.0.0.1 /index.php?g=user&m=index&a=is_login
INFO: [ app_begin ] --START--
INFO: Run Behavior\ReadHtmlCacheBehavior [ RunTime:0.003150s ]
INFO: Run Behavior\CheckLangBehavior [ RunTime:0.004044s ]
INFO: [ app_begin ] --END-- [ RunTime:0.007970s ]
NOTIC: [8] Undefined index: url E:\xampp\htdocs\deshang\trunk\application\Common\Controller\AppframeController.class.php 第 24 行.

[ 2017-09-13T17:48:01+08:00 ] 127.0.0.1 /index.php?g=user&m=index&a=is_login
INFO: [ app_begin ] --START--
INFO: Run Behavior\ReadHtmlCacheBehavior [ RunTime:0.001191s ]
INFO: Run Behavior\CheckLangBehavior [ RunTime:0.001982s ]
INFO: [ app_begin ] --END-- [ RunTime:0.003926s ]
NOTIC: [8] Undefined index: url E:\xampp\htdocs\deshang\trunk\application\Common\Controller\AppframeController.class.php 第 24 行.

[ 2017-09-13T17:48:21+08:00 ] 127.0.0.1 /index.php?g=user&m=index&a=is_login
INFO: [ app_begin ] --START--
INFO: Run Behavior\ReadHtmlCacheBehavior [ RunTime:0.002051s ]
INFO: Run Behavior\CheckLangBehavior [ RunTime:0.003177s ]
INFO: [ app_begin ] --END-- [ RunTime:0.006631s ]
NOTIC: [8] Undefined index: url E:\xampp\htdocs\deshang\trunk\application\Common\Controller\AppframeController.class.php 第 24 行.

[ 2017-09-13T17:51:24+08:00 ] 127.0.0.1 /index.php?g=user&m=index&a=is_login
INFO: [ app_begin ] --START--
INFO: Run Behavior\ReadHtmlCacheBehavior [ RunTime:0.000687s ]
INFO: Run Behavior\CheckLangBehavior [ RunTime:0.001150s ]
INFO: [ app_begin ] --END-- [ RunTime:0.002379s ]
NOTIC: [8] Undefined index: url E:\xampp\htdocs\deshang\trunk\application\Common\Controller\AppframeController.class.php 第 24 行.

[ 2017-09-13T17:51:27+08:00 ] 127.0.0.1 /index.php?g=user&m=index&a=is_login
INFO: [ app_begin ] --START--
INFO: Run Behavior\ReadHtmlCacheBehavior [ RunTime:0.000737s ]
INFO: Run Behavior\CheckLangBehavior [ RunTime:0.002231s ]
INFO: [ app_begin ] --END-- [ RunTime:0.003512s ]
NOTIC: [8] Undefined index: url E:\xampp\htdocs\deshang\trunk\application\Common\Controller\AppframeController.class.php 第 24 行.

[ 2017-09-13T17:52:37+08:00 ] 127.0.0.1 /index.php?g=user&m=index&a=is_login
INFO: [ app_begin ] --START--
INFO: Run Behavior\ReadHtmlCacheBehavior [ RunTime:0.000818s ]
INFO: Run Behavior\CheckLangBehavior [ RunTime:0.002320s ]
INFO: [ app_begin ] --END-- [ RunTime:0.003818s ]
NOTIC: [8] Undefined index: url E:\xampp\htdocs\deshang\trunk\application\Common\Controller\AppframeController.class.php 第 24 行.

[ 2017-09-13T17:53:35+08:00 ] 127.0.0.1 /index.php?g=user&m=index&a=is_login
INFO: [ app_begin ] --START--
INFO: Run Behavior\ReadHtmlCacheBehavior [ RunTime:0.000982s ]
INFO: Run Behavior\CheckLangBehavior [ RunTime:0.001327s ]
INFO: [ app_begin ] --END-- [ RunTime:0.003323s ]
NOTIC: [8] Undefined index: url E:\xampp\htdocs\deshang\trunk\application\Common\Controller\AppframeController.class.php 第 24 行.

[ 2017-09-13T17:57:37+08:00 ] 127.0.0.1 /index.php?g=user&m=index&a=is_login
INFO: [ app_begin ] --START--
INFO: Run Behavior\ReadHtmlCacheBehavior [ RunTime:0.001189s ]
INFO: Run Behavior\CheckLangBehavior [ RunTime:0.002204s ]
INFO: [ app_begin ] --END-- [ RunTime:0.004457s ]
NOTIC: [8] Undefined index: url E:\xampp\htdocs\deshang\trunk\application\Common\Controller\AppframeController.class.php 第 24 行.

[ 2017-09-13T17:58:16+08:00 ] 127.0.0.1 /index.php?g=user&m=index&a=is_login
INFO: [ app_begin ] --START--
INFO: Run Behavior\ReadHtmlCacheBehavior [ RunTime:0.001210s ]
INFO: Run Behavior\CheckLangBehavior [ RunTime:0.002980s ]
INFO: [ app_begin ] --END-- [ RunTime:0.004996s ]
NOTIC: [8] Undefined index: url E:\xampp\htdocs\deshang\trunk\application\Common\Controller\AppframeController.class.php 第 24 行.

[ 2017-09-13T17:58:19+08:00 ] 127.0.0.1 /index.php?g=user&m=index&a=is_login
INFO: [ app_begin ] --START--
INFO: Run Behavior\ReadHtmlCacheBehavior [ RunTime:0.000813s ]
INFO: Run Behavior\CheckLangBehavior [ RunTime:0.002667s ]
INFO: [ app_begin ] --END-- [ RunTime:0.004163s ]
NOTIC: [8] Undefined index: url E:\xampp\htdocs\deshang\trunk\application\Common\Controller\AppframeController.class.php 第 24 行.

[ 2017-09-13T17:59:35+08:00 ] 127.0.0.1 /index.php?g=user&m=index&a=is_login
INFO: [ app_begin ] --START--
INFO: Run Behavior\ReadHtmlCacheBehavior [ RunTime:0.001105s ]
INFO: Run Behavior\CheckLangBehavior [ RunTime:0.002341s ]
INFO: [ app_begin ] --END-- [ RunTime:0.004200s ]
NOTIC: [8] Undefined index: url E:\xampp\htdocs\deshang\trunk\application\Common\Controller\AppframeController.class.php 第 24 行.

[ 2017-09-13T18:00:18+08:00 ] 127.0.0.1 /index.php?g=user&m=index&a=is_login
INFO: [ app_begin ] --START--
INFO: Run Behavior\ReadHtmlCacheBehavior [ RunTime:0.003405s ]
INFO: Run Behavior\CheckLangBehavior [ RunTime:0.002094s ]
INFO: [ app_begin ] --END-- [ RunTime:0.006360s ]
NOTIC: [8] Undefined index: url E:\xampp\htdocs\deshang\trunk\application\Common\Controller\AppframeController.class.php 第 24 行.

[ 2017-09-13T18:00:31+08:00 ] 127.0.0.1 /index.php?g=user&m=index&a=is_login
INFO: [ app_begin ] --START--
INFO: Run Behavior\ReadHtmlCacheBehavior [ RunTime:0.001838s ]
INFO: Run Behavior\CheckLangBehavior [ RunTime:0.002080s ]
INFO: [ app_begin ] --END-- [ RunTime:0.004817s ]
NOTIC: [8] Undefined index: url E:\xampp\htdocs\deshang\trunk\application\Common\Controller\AppframeController.class.php 第 24 行.

[ 2017-09-13T18:00:41+08:00 ] 127.0.0.1 /index.php?g=user&m=index&a=is_login
INFO: [ app_begin ] --START--
INFO: Run Behavior\ReadHtmlCacheBehavior [ RunTime:0.001596s ]
INFO: Run Behavior\CheckLangBehavior [ RunTime:0.002385s ]
INFO: [ app_begin ] --END-- [ RunTime:0.006405s ]
NOTIC: [8] Undefined index: url E:\xampp\htdocs\deshang\trunk\application\Common\Controller\AppframeController.class.php 第 24 行.

[ 2017-09-13T18:00:42+08:00 ] 127.0.0.1 /index.php?g=user&m=index&a=is_login
INFO: [ app_begin ] --START--
INFO: Run Behavior\ReadHtmlCacheBehavior [ RunTime:0.001237s ]
INFO: Run Behavior\CheckLangBehavior [ RunTime:0.005337s ]
INFO: [ app_begin ] --END-- [ RunTime:0.007541s ]
NOTIC: [8] Undefined index: url E:\xampp\htdocs\deshang\trunk\application\Common\Controller\AppframeController.class.php 第 24 行.

[ 2017-09-13T18:00:44+08:00 ] 127.0.0.1 /index.php?g=user&m=index&a=is_login
INFO: [ app_begin ] --START--
INFO: Run Behavior\ReadHtmlCacheBehavior [ RunTime:0.000701s ]
INFO: Run Behavior\CheckLangBehavior [ RunTime:0.001248s ]
INFO: [ app_begin ] --END-- [ RunTime:0.002533s ]
NOTIC: [8] Undefined index: url E:\xampp\htdocs\deshang\trunk\application\Common\Controller\AppframeController.class.php 第 24 行.

[ 2017-09-13T18:01:26+08:00 ] 127.0.0.1 /index.php?g=user&m=index&a=is_login
INFO: [ app_begin ] --START--
INFO: Run Behavior\ReadHtmlCacheBehavior [ RunTime:0.001112s ]
INFO: Run Behavior\CheckLangBehavior [ RunTime:0.001313s ]
INFO: [ app_begin ] --END-- [ RunTime:0.002976s ]
NOTIC: [8] Undefined index: url E:\xampp\htdocs\deshang\trunk\application\Common\Controller\AppframeController.class.php 第 24 行.

[ 2017-09-13T18:01:32+08:00 ] 127.0.0.1 /index.php?g=user&m=index&a=is_login
INFO: [ app_begin ] --START--
INFO: Run Behavior\ReadHtmlCacheBehavior [ RunTime:0.001296s ]
INFO: Run Behavior\CheckLangBehavior [ RunTime:0.002618s ]
INFO: [ app_begin ] --END-- [ RunTime:0.004782s ]
NOTIC: [8] Undefined index: url E:\xampp\htdocs\deshang\trunk\application\Common\Controller\AppframeController.class.php 第 24 行.

[ 2017-09-13T18:01:34+08:00 ] 127.0.0.1 /index.php?g=user&m=index&a=is_login
INFO: [ app_begin ] --START--
INFO: Run Behavior\ReadHtmlCacheBehavior [ RunTime:0.001102s ]
INFO: Run Behavior\CheckLangBehavior [ RunTime:0.002528s ]
INFO: [ app_begin ] --END-- [ RunTime:0.004392s ]
NOTIC: [8] Undefined index: url E:\xampp\htdocs\deshang\trunk\application\Common\Controller\AppframeController.class.php 第 24 行.

[ 2017-09-13T18:02:51+08:00 ] 127.0.0.1 /index.php?g=user&m=index&a=is_login
INFO: [ app_begin ] --START--
INFO: Run Behavior\ReadHtmlCacheBehavior [ RunTime:0.000742s ]
INFO: Run Behavior\CheckLangBehavior [ RunTime:0.001342s ]
INFO: [ app_begin ] --END-- [ RunTime:0.002680s ]
NOTIC: [8] Undefined index: url E:\xampp\htdocs\deshang\trunk\application\Common\Controller\AppframeController.class.php 第 24 行.

[ 2017-09-13T18:04:39+08:00 ] 127.0.0.1 /index.php?g=user&m=index&a=is_login
INFO: [ app_begin ] --START--
INFO: Run Behavior\ReadHtmlCacheBehavior [ RunTime:0.001573s ]
INFO: Run Behavior\CheckLangBehavior [ RunTime:0.002172s ]
INFO: [ app_begin ] --END-- [ RunTime:0.004556s ]
NOTIC: [8] Undefined index: url E:\xampp\htdocs\deshang\trunk\application\Common\Controller\AppframeController.class.php 第 24 行.

[ 2017-09-13T18:07:08+08:00 ] 127.0.0.1 /index.php?g=user&m=index&a=is_login
INFO: [ app_begin ] --START--
INFO: Run Behavior\ReadHtmlCacheBehavior [ RunTime:0.000866s ]
INFO: Run Behavior\CheckLangBehavior [ RunTime:0.001322s ]
INFO: [ app_begin ] --END-- [ RunTime:0.003082s ]
NOTIC: [8] Undefined index: url E:\xampp\htdocs\deshang\trunk\application\Common\Controller\AppframeController.class.php 第 24 行.

[ 2017-09-13T18:17:39+08:00 ] 127.0.0.1 /index.php?g=user&m=index&a=is_login
INFO: [ app_begin ] --START--
INFO: Run Behavior\ReadHtmlCacheBehavior [ RunTime:0.000714s ]
INFO: Run Behavior\CheckLangBehavior [ RunTime:0.001736s ]
INFO: [ app_begin ] --END-- [ RunTime:0.003068s ]
NOTIC: [8] Undefined index: url E:\xampp\htdocs\deshang\trunk\application\Common\Controller\AppframeController.class.php 第 24 行.

[ 2017-09-13T18:18:12+08:00 ] 127.0.0.1 /index.php?g=user&m=index&a=is_login
INFO: [ app_begin ] --START--
INFO: Run Behavior\ReadHtmlCacheBehavior [ RunTime:0.000761s ]
INFO: Run Behavior\CheckLangBehavior [ RunTime:0.001281s ]
INFO: [ app_begin ] --END-- [ RunTime:0.002957s ]
NOTIC: [8] Undefined index: url E:\xampp\htdocs\deshang\trunk\application\Common\Controller\AppframeController.class.php 第 24 行.

[ 2017-09-13T18:19:04+08:00 ] 127.0.0.1 /index.php?g=user&m=index&a=is_login
INFO: [ app_begin ] --START--
INFO: Run Behavior\ReadHtmlCacheBehavior [ RunTime:0.000766s ]
INFO: Run Behavior\CheckLangBehavior [ RunTime:0.002056s ]
INFO: [ app_begin ] --END-- [ RunTime:0.003565s ]
NOTIC: [8] Undefined index: url E:\xampp\htdocs\deshang\trunk\application\Common\Controller\AppframeController.class.php 第 24 行.

[ 2017-09-13T18:25:19+08:00 ] 127.0.0.1 /index.php?g=user&m=index&a=is_login
INFO: [ app_begin ] --START--
INFO: Run Behavior\ReadHtmlCacheBehavior [ RunTime:0.000825s ]
INFO: Run Behavior\CheckLangBehavior [ RunTime:0.002494s ]
INFO: [ app_begin ] --END-- [ RunTime:0.003953s ]
NOTIC: [8] Undefined index: url E:\xampp\htdocs\deshang\trunk\application\Common\Controller\AppframeController.class.php 第 24 行.

[ 2017-09-13T18:29:04+08:00 ] 127.0.0.1 /index.php?g=user&m=index&a=is_login
INFO: [ app_begin ] --START--
INFO: Run Behavior\ReadHtmlCacheBehavior [ RunTime:0.000682s ]
INFO: Run Behavior\CheckLangBehavior [ RunTime:0.001135s ]
INFO: [ app_begin ] --END-- [ RunTime:0.002327s ]
NOTIC: [8] Undefined index: url E:\xampp\htdocs\deshang\trunk\application\Common\Controller\AppframeController.class.php 第 24 行.

[ 2017-09-13T18:30:01+08:00 ] 127.0.0.1 /index.php?g=user&m=index&a=is_login
INFO: [ app_begin ] --START--
INFO: Run Behavior\ReadHtmlCacheBehavior [ RunTime:0.001745s ]
INFO: Run Behavior\CheckLangBehavior [ RunTime:0.001938s ]
INFO: [ app_begin ] --END-- [ RunTime:0.004776s ]
NOTIC: [8] Undefined index: url E:\xampp\htdocs\deshang\trunk\application\Common\Controller\AppframeController.class.php 第 24 行.

[ 2017-09-13T18:30:32+08:00 ] 127.0.0.1 /index.php?g=user&m=index&a=is_login
INFO: [ app_begin ] --START--
INFO: Run Behavior\ReadHtmlCacheBehavior [ RunTime:0.000699s ]
INFO: Run Behavior\CheckLangBehavior [ RunTime:0.001479s ]
INFO: [ app_begin ] --END-- [ RunTime:0.002717s ]
NOTIC: [8] Undefined index: url E:\xampp\htdocs\deshang\trunk\application\Common\Controller\AppframeController.class.php 第 24 行.

[ 2017-09-13T18:31:13+08:00 ] 127.0.0.1 /index.php?g=user&m=index&a=is_login
INFO: [ app_begin ] --START--
INFO: Run Behavior\ReadHtmlCacheBehavior [ RunTime:0.002612s ]
INFO: Run Behavior\CheckLangBehavior [ RunTime:0.001896s ]
INFO: [ app_begin ] --END-- [ RunTime:0.005395s ]
NOTIC: [8] Undefined index: url E:\xampp\htdocs\deshang\trunk\application\Common\Controller\AppframeController.class.php 第 24 行.

[ 2017-09-13T18:31:41+08:00 ] 127.0.0.1 /index.php?g=user&m=index&a=is_login
INFO: [ app_begin ] --START--
INFO: Run Behavior\ReadHtmlCacheBehavior [ RunTime:0.000993s ]
INFO: Run Behavior\CheckLangBehavior [ RunTime:0.001404s ]
INFO: [ app_begin ] --END-- [ RunTime:0.003206s ]
NOTIC: [8] Undefined index: url E:\xampp\htdocs\deshang\trunk\application\Common\Controller\AppframeController.class.php 第 24 行.

[ 2017-09-13T18:32:11+08:00 ] 127.0.0.1 /index.php?g=user&m=index&a=is_login
INFO: [ app_begin ] --START--
INFO: Run Behavior\ReadHtmlCacheBehavior [ RunTime:0.001055s ]
INFO: Run Behavior\CheckLangBehavior [ RunTime:0.001264s ]
INFO: [ app_begin ] --END-- [ RunTime:0.003209s ]
NOTIC: [8] Undefined index: url E:\xampp\htdocs\deshang\trunk\application\Common\Controller\AppframeController.class.php 第 24 行.

[ 2017-09-13T18:32:50+08:00 ] 127.0.0.1 /index.php?g=user&m=index&a=is_login
INFO: [ app_begin ] --START--
INFO: Run Behavior\ReadHtmlCacheBehavior [ RunTime:0.000831s ]
INFO: Run Behavior\CheckLangBehavior [ RunTime:0.001534s ]
INFO: [ app_begin ] --END-- [ RunTime:0.002949s ]
NOTIC: [8] Undefined index: url E:\xampp\htdocs\deshang\trunk\application\Common\Controller\AppframeController.class.php 第 24 行.

[ 2017-09-13T18:34:48+08:00 ] 127.0.0.1 /index.php?g=user&m=index&a=is_login
INFO: [ app_begin ] --START--
INFO: Run Behavior\ReadHtmlCacheBehavior [ RunTime:0.001427s ]
INFO: Run Behavior\CheckLangBehavior [ RunTime:0.002486s ]
INFO: [ app_begin ] --END-- [ RunTime:0.004794s ]
NOTIC: [8] Undefined index: url E:\xampp\htdocs\deshang\trunk\application\Common\Controller\AppframeController.class.php 第 24 行.

[ 2017-09-13T18:35:46+08:00 ] 127.0.0.1 /index.php?g=user&m=index&a=is_login
INFO: [ app_begin ] --START--
INFO: Run Behavior\ReadHtmlCacheBehavior [ RunTime:0.001734s ]
INFO: Run Behavior\CheckLangBehavior [ RunTime:0.001726s ]
INFO: [ app_begin ] --END-- [ RunTime:0.004408s ]
NOTIC: [8] Undefined index: url E:\xampp\htdocs\deshang\trunk\application\Common\Controller\AppframeController.class.php 第 24 行.

[ 2017-09-13T18:37:47+08:00 ] 127.0.0.1 /index.php?g=user&m=index&a=is_login
INFO: [ app_begin ] --START--
INFO: Run Behavior\ReadHtmlCacheBehavior [ RunTime:0.000716s ]
INFO: Run Behavior\CheckLangBehavior [ RunTime:0.001323s ]
INFO: [ app_begin ] --END-- [ RunTime:0.002696s ]
NOTIC: [8] Undefined index: url E:\xampp\htdocs\deshang\trunk\application\Common\Controller\AppframeController.class.php 第 24 行.

[ 2017-09-13T18:37:52+08:00 ] 127.0.0.1 /index.php?g=user&m=index&a=is_login
INFO: [ app_begin ] --START--
INFO: Run Behavior\ReadHtmlCacheBehavior [ RunTime:0.001322s ]
INFO: Run Behavior\CheckLangBehavior [ RunTime:0.001695s ]
INFO: [ app_begin ] --END-- [ RunTime:0.004042s ]
NOTIC: [8] Undefined index: url E:\xampp\htdocs\deshang\trunk\application\Common\Controller\AppframeController.class.php 第 24 行.

